Mplus VERSION 7
MUTHEN & MUTHEN
05/05/2014   2:18 PM

INPUT INSTRUCTIONS

  TITLE: Lu Wang final project one common factor model
  DATA: FILE = "F:\Dropbox\class\Spring 2014\PSY533\final\data.txt";
  VARIABLE: NAMES ARE x1-x6;
  	    USEVARIABLES ARE x1-x6;
  ANALYSIS: TYPE = GENERAL;
            ITERATIONS=3000;
            ESTIMATOR=ML;
  MODEL:    F1 BY x1 x2 x3 x4 x5 x6;
  OUTPUT: sampstat standardized residual mod(0);





INPUT READING TERMINATED NORMALLY



Lu Wang final project one common factor model

SUMMARY OF ANALYSIS

Number of groups                                                 1
Number of observations                                          46

Number of dependent variables                                    6
Number of independent variables                                  0
Number of continuous latent variables                            1

Observed dependent variables

  Continuous
   X1          X2          X3          X4          X5          X6

Continuous latent variables
   F1


Estimator                                                       ML
Information matrix                                        OBSERVED
Maximum number of iterations                                  3000
Convergence criterion                                    0.500D-04
Maximum number of steepest descent iterations                   20

Input data file(s)
  F:\Dropbox\class\Spring 2014\PSY533\final\data.txt

Input data format  FREE


SAMPLE STATISTICS


     SAMPLE STATISTICS


           Means
              X1            X2            X3            X4            X5
              ________      ________      ________      ________      ________
      1         4.230        14.652         9.072         2.250         4.560


           Means
              X6
              ________
      1         3.095


           Covariances
              X1            X2            X3            X4            X5
              ________      ________      ________      ________      ________
 X1            10.403
 X2            22.735        79.847
 X3            17.848        49.780        42.900
 X4             3.739        10.452         8.181         2.124
 X5             7.687        23.357        16.395         3.814         9.025
 X6             4.996        15.915        11.715         2.225         5.060


           Covariances
              X6
              ________
 X6             4.197


           Correlations
              X1            X2            X3            X4            X5
              ________      ________      ________      ________      ________
 X1             1.000
 X2             0.789         1.000
 X3             0.845         0.851         1.000
 X4             0.795         0.803         0.857         1.000
 X5             0.793         0.870         0.833         0.871         1.000
 X6             0.756         0.869         0.873         0.745         0.822


           Correlations
              X6
              ________
 X6             1.000


THE MODEL ESTIMATION TERMINATED NORMALLY



MODEL FIT INFORMATION

Number of Free Parameters                       18

Loglikelihood

          H0 Value                        -567.775
          H1 Value                        -556.367

Information Criteria

          Akaike (AIC)                    1171.550
          Bayesian (BIC)                  1204.466
          Sample-Size Adjusted BIC        1148.027
            (n* = (n + 2) / 24)

Chi-Square Test of Model Fit

          Value                             22.817
          Degrees of Freedom                     9
          P-Value                           0.0066

RMSEA (Root Mean Square Error Of Approximation)

          Estimate                           0.183
          90 Percent C.I.                    0.091  0.278
          Probability RMSEA <= .05           0.015

CFI/TLI

          CFI                                0.959
          TLI                                0.932

Chi-Square Test of Model Fit for the Baseline Model

          Value                            354.482
          Degrees of Freedom                    15
          P-Value                           0.0000

SRMR (Standardized Root Mean Square Residual)

          Value                              0.022



MODEL RESULTS

                                                    Two-Tailed
                    Estimate       S.E.  Est./S.E.    P-Value

 F1       BY
    X1                 1.000      0.000    999.000    999.000
    X2                 2.938      0.313      9.396      0.000
    X3                 2.190      0.222      9.879      0.000
    X4                 0.465      0.053      8.842      0.000
    X5                 0.986      0.105      9.360      0.000
    X6                 0.658      0.074      8.901      0.000

 Intercepts
    X1                 4.230      0.476      8.896      0.000
    X2                14.652      1.317     11.121      0.000
    X3                 9.072      0.966      9.394      0.000
    X4                 2.250      0.215     10.473      0.000
    X5                 4.560      0.443     10.294      0.000
    X6                 3.095      0.302     10.247      0.000

 Variances
    F1                 7.885      2.122      3.716      0.000

 Residual Variances
    X1                 2.518      0.590      4.270      0.000
    X2                11.781      3.121      3.774      0.000
    X3                 5.079      1.479      3.434      0.001
    X4                 0.419      0.103      4.051      0.000
    X5                 1.362      0.364      3.741      0.000
    X6                 0.785      0.196      4.014      0.000


STANDARDIZED MODEL RESULTS


STDYX Standardization

                                                    Two-Tailed
                    Estimate       S.E.  Est./S.E.    P-Value

 F1       BY
    X1                 0.871      0.039     22.529      0.000
    X2                 0.923      0.025     36.388      0.000
    X3                 0.939      0.022     43.358      0.000
    X4                 0.896      0.032     27.578      0.000
    X5                 0.921      0.026     35.265      0.000
    X6                 0.902      0.031     29.077      0.000

 Intercepts
    X1                 1.312      0.201      6.522      0.000
    X2                 1.640      0.226      7.263      0.000
    X3                 1.385      0.206      6.711      0.000
    X4                 1.544      0.218      7.073      0.000
    X5                 1.518      0.216      7.018      0.000
    X6                 1.511      0.216      7.003      0.000

 Variances
    F1                 1.000      0.000    999.000    999.000

 Residual Variances
    X1                 0.242      0.067      3.598      0.000
    X2                 0.148      0.047      3.149      0.002
    X3                 0.118      0.041      2.911      0.004
    X4                 0.197      0.058      3.385      0.001
    X5                 0.151      0.048      3.134      0.002
    X6                 0.187      0.056      3.347      0.001


STDY Standardization

                                                    Two-Tailed
                    Estimate       S.E.  Est./S.E.    P-Value

 F1       BY
    X1                 0.871      0.039     22.529      0.000
    X2                 0.923      0.025     36.388      0.000
    X3                 0.939      0.022     43.358      0.000
    X4                 0.896      0.032     27.578      0.000
    X5                 0.921      0.026     35.265      0.000
    X6                 0.902      0.031     29.077      0.000

 Intercepts
    X1                 1.312      0.201      6.522      0.000
    X2                 1.640      0.226      7.263      0.000
    X3                 1.385      0.206      6.711      0.000
    X4                 1.544      0.218      7.073      0.000
    X5                 1.518      0.216      7.018      0.000
    X6                 1.511      0.216      7.003      0.000

 Variances
    F1                 1.000      0.000    999.000    999.000

 Residual Variances
    X1                 0.242      0.067      3.598      0.000
    X2                 0.148      0.047      3.149      0.002
    X3                 0.118      0.041      2.911      0.004
    X4                 0.197      0.058      3.385      0.001
    X5                 0.151      0.048      3.134      0.002
    X6                 0.187      0.056      3.347      0.001


STD Standardization

                                                    Two-Tailed
                    Estimate       S.E.  Est./S.E.    P-Value

 F1       BY
    X1                 2.808      0.378      7.432      0.000
    X2                 8.250      1.005      8.211      0.000
    X3                 6.150      0.727      8.459      0.000
    X4                 1.306      0.168      7.792      0.000
    X5                 2.768      0.339      8.177      0.000
    X6                 1.847      0.235      7.876      0.000

 Intercepts
    X1                 4.230      0.476      8.896      0.000
    X2                14.652      1.317     11.121      0.000
    X3                 9.072      0.966      9.394      0.000
    X4                 2.250      0.215     10.473      0.000
    X5                 4.560      0.443     10.294      0.000
    X6                 3.095      0.302     10.247      0.000

 Variances
    F1                 1.000      0.000    999.000    999.000

 Residual Variances
    X1                 2.518      0.590      4.270      0.000
    X2                11.781      3.121      3.774      0.000
    X3                 5.079      1.479      3.434      0.001
    X4                 0.419      0.103      4.051      0.000
    X5                 1.362      0.364      3.741      0.000
    X6                 0.785      0.196      4.014      0.000


R-SQUARE

    Observed                                        Two-Tailed
    Variable        Estimate       S.E.  Est./S.E.    P-Value

    X1                 0.758      0.067     11.264      0.000
    X2                 0.852      0.047     18.194      0.000
    X3                 0.882      0.041     21.679      0.000
    X4                 0.803      0.058     13.789      0.000
    X5                 0.849      0.048     17.632      0.000
    X6                 0.813      0.056     14.539      0.000


QUALITY OF NUMERICAL RESULTS

     Condition Number for the Information Matrix              0.338E-02
       (ratio of smallest to largest eigenvalue)


RESIDUAL OUTPUT


     ESTIMATED MODEL AND RESIDUALS (OBSERVED - ESTIMATED)


           Model Estimated Means/Intercepts/Thresholds
              X1            X2            X3            X4            X5
              ________      ________      ________      ________      ________
      1         4.230        14.652         9.072         2.250         4.560


           Model Estimated Means/Intercepts/Thresholds
              X6
              ________
      1         3.095


           Residuals for Means/Intercepts/Thresholds
              X1            X2            X3            X4            X5
              ________      ________      ________      ________      ________
      1         0.000         0.000         0.000         0.000         0.000


           Residuals for Means/Intercepts/Thresholds
              X6
              ________
      1         0.000


           Standardized Residuals (z-scores) for Means/Intercepts/Thresholds
              X1            X2            X3            X4            X5
              ________      ________      ________      ________      ________
      1         0.000         0.000         0.000         0.000         0.000


           Standardized Residuals (z-scores) for Means/Intercepts/Thresholds
              X6
              ________
      1         0.000


           Normalized Residuals for Means/Intercepts/Thresholds
              X1            X2            X3            X4            X5
              ________      ________      ________      ________      ________
      1         0.000         0.000         0.000         0.000         0.000


           Normalized Residuals for Means/Intercepts/Thresholds
              X6
              ________
      1         0.000


           Model Estimated Covariances/Correlations/Residual Correlations
              X1            X2            X3            X4            X5
              ________      ________      ________      ________      ________
 X1            10.403
 X2            23.167        79.847
 X3            17.269        50.738        42.900
 X4             3.667        10.774         8.031         2.124
 X5             7.773        22.838        17.024         3.615         9.025
 X6             5.187        15.239        11.359         2.412         5.113


           Model Estimated Covariances/Correlations/Residual Correlations
              X6
              ________
 X6             4.197


           Residuals for Covariances/Correlations/Residual Correlations
              X1            X2            X3            X4            X5
              ________      ________      ________      ________      ________
 X1             0.000
 X2            -0.431         0.000
 X3             0.579        -0.959         0.000
 X4             0.072        -0.322         0.150         0.000
 X5            -0.086         0.519        -0.630         0.199         0.000
 X6            -0.191         0.676         0.356        -0.187        -0.053


           Residuals for Covariances/Correlations/Residual Correlations
              X6
              ________
 X6             0.000


           Standardized Residuals (z-scores) for Covariances/Correlations/Residual Corr
              X1            X2            X3            X4            X5
              ________      ________      ________      ________      ________
 X1           999.000
 X2            -2.892       999.000
 X3             0.780       999.000       999.000
 X4             0.442       999.000         0.565         0.000
 X5            -0.604         0.659       999.000         1.042         0.000
 X6           999.000         0.928         0.793       999.000        -1.089


           Standardized Residuals (z-scores) for Covariances/Correlations/Residual Corr
              X6
              ________
 X6             0.000


           Normalized Residuals for Covariances/Correlations/Residual Correlations
              X1            X2            X3            X4            X5
              ________      ________      ________      ________      ________
 X1             0.000
 X2            -0.080         0.000
 X3             0.142        -0.085         0.000
 X4             0.081        -0.131         0.081         0.000
 X5            -0.047         0.099        -0.167         0.232         0.000
 X6            -0.156         0.189         0.136        -0.341        -0.045


           Normalized Residuals for Covariances/Correlations/Residual Correlations
              X6
              ________
 X6             0.000


MODEL MODIFICATION INDICES

NOTE:  Modification indices for direct effects of observed dependent variables
regressed on covariates may not be included.  To include these, request
MODINDICES (ALL).

Minimum M.I. value for printing the modification index     0.000

                            M.I.     E.P.C.  Std E.P.C.  StdYX E.P.C.

WITH Statements

X2       WITH X1            0.439    -0.656     -0.656       -0.121
X3       WITH X1            2.046     0.982      0.982        0.274
X3       WITH X2            1.531    -2.077     -2.077       -0.269
X4       WITH X1            0.310     0.099      0.099        0.096
X4       WITH X2            1.579    -0.526     -0.526       -0.237
X4       WITH X3            0.895     0.276      0.276        0.189
X5       WITH X1            0.151    -0.130     -0.130       -0.070
X5       WITH X2            1.432     0.963      0.963        0.240
X5       WITH X3            5.629    -1.344     -1.344       -0.511
X5       WITH X4            5.168     0.322      0.322        0.426
X6       WITH X1            1.181    -0.266     -0.266       -0.189
X6       WITH X2            3.802     1.130      1.130        0.372
X6       WITH X3            2.761     0.673      0.673        0.337
X6       WITH X4            7.292    -0.278     -0.278       -0.485
X6       WITH X5            0.200    -0.088     -0.088       -0.085


     Beginning Time:  14:18:27
        Ending Time:  14:18:27
       Elapsed Time:  00:00:00



MUTHEN & MUTHEN
3463 Stoner Ave.
Los Angeles, CA  90066

Tel: (310) 391-9971
Fax: (310) 391-8971
Web: www.StatModel.com
Support: Support@StatModel.com

Copyright (c) 1998-2012 Muthen & Muthen
