Mplus VERSION 7
MUTHEN & MUTHEN
05/05/2014  11:40 AM

INPUT INSTRUCTIONS

  TITLE: Lu Wang final project two factor model
  DATA: FILE = "F:\Dropbox\class\Spring 2014\PSY533\final\data.txt";
  VARIABLE: NAMES ARE x1-x6;
  	    USEVARIABLES ARE x1-x6;
  ANALYSIS: TYPE = GENERAL;
            ITERATIONS=3000;
            ESTIMATOR=ML;
  MODEL:    F1 BY x1 x2 x3;
            F2 by x4 x5 x6;
  		  F1 with F2@0;
  OUTPUT: sampstat standardized residual mod(0);





INPUT READING TERMINATED NORMALLY



Lu Wang final project two factor model

SUMMARY OF ANALYSIS

Number of groups                                                 1
Number of observations                                          46

Number of dependent variables                                    6
Number of independent variables                                  0
Number of continuous latent variables                            2

Observed dependent variables

  Continuous
   X1          X2          X3          X4          X5          X6

Continuous latent variables
   F1          F2


Estimator                                                       ML
Information matrix                                        OBSERVED
Maximum number of iterations                                  3000
Convergence criterion                                    0.500D-04
Maximum number of steepest descent iterations                   20

Input data file(s)
  F:\Dropbox\class\Spring 2014\PSY533\final\data.txt

Input data format  FREE


SAMPLE STATISTICS


     SAMPLE STATISTICS


           Means
              X1            X2            X3            X4            X5
              ________      ________      ________      ________      ________
      1         4.230        14.652         9.072         2.250         4.560


           Means
              X6
              ________
      1         3.095


           Covariances
              X1            X2            X3            X4            X5
              ________      ________      ________      ________      ________
 X1            10.403
 X2            22.735        79.847
 X3            17.848        49.780        42.900
 X4             3.739        10.452         8.181         2.124
 X5             7.687        23.357        16.395         3.814         9.025
 X6             4.996        15.915        11.715         2.225         5.060


           Covariances
              X6
              ________
 X6             4.197


           Correlations
              X1            X2            X3            X4            X5
              ________      ________      ________      ________      ________
 X1             1.000
 X2             0.789         1.000
 X3             0.845         0.851         1.000
 X4             0.795         0.803         0.857         1.000
 X5             0.793         0.870         0.833         0.871         1.000
 X6             0.756         0.869         0.873         0.745         0.822


           Correlations
              X6
              ________
 X6             1.000


THE MODEL ESTIMATION TERMINATED NORMALLY



MODEL FIT INFORMATION

Number of Free Parameters                       18

Loglikelihood

          H0 Value                        -614.917
          H1 Value                        -556.367

Information Criteria

          Akaike (AIC)                    1265.834
          Bayesian (BIC)                  1298.749
          Sample-Size Adjusted BIC        1242.310
            (n* = (n + 2) / 24)

Chi-Square Test of Model Fit

          Value                            117.100
          Degrees of Freedom                     9
          P-Value                           0.0000

RMSEA (Root Mean Square Error Of Approximation)

          Estimate                           0.511
          90 Percent C.I.                    0.431  0.595
          Probability RMSEA <= .05           0.000

CFI/TLI

          CFI                                0.682
          TLI                                0.469

Chi-Square Test of Model Fit for the Baseline Model

          Value                            354.482
          Degrees of Freedom                    15
          P-Value                           0.0000

SRMR (Standardized Root Mean Square Residual)

          Value                              0.478



MODEL RESULTS

                                                    Two-Tailed
                    Estimate       S.E.  Est./S.E.    P-Value

 F1       BY
    X1                 1.000      0.000    999.000    999.000
    X2                 2.789      0.315      8.847      0.000
    X3                 2.190      0.222      9.884      0.000

 F2       BY
    X4                 1.000      0.000    999.000    999.000
    X5                 2.275      0.222     10.264      0.000
    X6                 1.327      0.166      8.013      0.000

 F1       WITH
    F2                 0.000      0.000    999.000    999.000

 Intercepts
    X1                 4.230      0.476      8.896      0.000
    X2                14.652      1.317     11.121      0.000
    X3                 9.072      0.966      9.394      0.000
    X4                 2.250      0.215     10.473      0.000
    X5                 4.560      0.443     10.294      0.000
    X6                 3.095      0.302     10.247      0.000

 Variances
    F1                 8.152      2.160      3.775      0.000
    F2                 1.677      0.443      3.787      0.000

 Residual Variances
    X1                 2.251      0.632      3.562      0.000
    X2                16.437      4.752      3.459      0.001
    X3                 3.821      2.179      1.753      0.080
    X4                 0.447      0.131      3.403      0.001
    X5                 0.350      0.485      0.722      0.470
    X6                 1.246      0.307      4.062      0.000


STANDARDIZED MODEL RESULTS


STDYX Standardization

                                                    Two-Tailed
                    Estimate       S.E.  Est./S.E.    P-Value

 F1       BY
    X1                 0.885      0.039     22.513      0.000
    X2                 0.891      0.038     23.353      0.000
    X3                 0.954      0.028     34.042      0.000

 F2       BY
    X4                 0.889      0.040     22.454      0.000
    X5                 0.980      0.028     35.426      0.000
    X6                 0.839      0.050     16.939      0.000

 F1       WITH
    F2                 0.000      0.000    999.000    999.000

 Intercepts
    X1                 1.312      0.201      6.522      0.000
    X2                 1.640      0.226      7.263      0.000
    X3                 1.385      0.206      6.711      0.000
    X4                 1.544      0.218      7.073      0.000
    X5                 1.518      0.216      7.018      0.000
    X6                 1.511      0.216      7.003      0.000

 Variances
    F1                 1.000      0.000    999.000    999.000
    F2                 1.000      0.000    999.000    999.000

 Residual Variances
    X1                 0.216      0.070      3.109      0.002
    X2                 0.206      0.068      3.027      0.002
    X3                 0.089      0.054      1.664      0.096
    X4                 0.211      0.070      2.994      0.003
    X5                 0.039      0.054      0.715      0.475
    X6                 0.297      0.083      3.574      0.000


STDY Standardization

                                                    Two-Tailed
                    Estimate       S.E.  Est./S.E.    P-Value

 F1       BY
    X1                 0.885      0.039     22.513      0.000
    X2                 0.891      0.038     23.353      0.000
    X3                 0.954      0.028     34.042      0.000

 F2       BY
    X4                 0.889      0.040     22.454      0.000
    X5                 0.980      0.028     35.426      0.000
    X6                 0.839      0.050     16.939      0.000

 F1       WITH
    F2                 0.000      0.000    999.000    999.000

 Intercepts
    X1                 1.312      0.201      6.522      0.000
    X2                 1.640      0.226      7.263      0.000
    X3                 1.385      0.206      6.711      0.000
    X4                 1.544      0.218      7.073      0.000
    X5                 1.518      0.216      7.018      0.000
    X6                 1.511      0.216      7.003      0.000

 Variances
    F1                 1.000      0.000    999.000    999.000
    F2                 1.000      0.000    999.000    999.000

 Residual Variances
    X1                 0.216      0.070      3.109      0.002
    X2                 0.206      0.068      3.027      0.002
    X3                 0.089      0.054      1.664      0.096
    X4                 0.211      0.070      2.994      0.003
    X5                 0.039      0.054      0.715      0.475
    X6                 0.297      0.083      3.574      0.000


STD Standardization

                                                    Two-Tailed
                    Estimate       S.E.  Est./S.E.    P-Value

 F1       BY
    X1                 2.855      0.378      7.549      0.000
    X2                 7.963      1.044      7.630      0.000
    X3                 6.251      0.731      8.553      0.000

 F2       BY
    X4                 1.295      0.171      7.574      0.000
    X5                 2.945      0.329      8.941      0.000
    X6                 1.718      0.248      6.933      0.000

 F1       WITH
    F2                 0.000      0.000    999.000    999.000

 Intercepts
    X1                 4.230      0.476      8.896      0.000
    X2                14.652      1.317     11.121      0.000
    X3                 9.072      0.966      9.394      0.000
    X4                 2.250      0.215     10.473      0.000
    X5                 4.560      0.443     10.294      0.000
    X6                 3.095      0.302     10.247      0.000

 Variances
    F1                 1.000      0.000    999.000    999.000
    F2                 1.000      0.000    999.000    999.000

 Residual Variances
    X1                 2.251      0.632      3.562      0.000
    X2                16.437      4.752      3.459      0.001
    X3                 3.821      2.179      1.753      0.080
    X4                 0.447      0.131      3.403      0.001
    X5                 0.350      0.485      0.722      0.470
    X6                 1.246      0.307      4.062      0.000


R-SQUARE

    Observed                                        Two-Tailed
    Variable        Estimate       S.E.  Est./S.E.    P-Value

    X1                 0.784      0.070     11.257      0.000
    X2                 0.794      0.068     11.676      0.000
    X3                 0.911      0.054     17.021      0.000
    X4                 0.789      0.070     11.227      0.000
    X5                 0.961      0.054     17.713      0.000
    X6                 0.703      0.083      8.469      0.000


QUALITY OF NUMERICAL RESULTS

     Condition Number for the Information Matrix              0.298E-02
       (ratio of smallest to largest eigenvalue)


RESIDUAL OUTPUT


     ESTIMATED MODEL AND RESIDUALS (OBSERVED - ESTIMATED)


           Model Estimated Means/Intercepts/Thresholds
              X1            X2            X3            X4            X5
              ________      ________      ________      ________      ________
      1         4.230        14.652         9.072         2.250         4.560


           Model Estimated Means/Intercepts/Thresholds
              X6
              ________
      1         3.095


           Residuals for Means/Intercepts/Thresholds
              X1            X2            X3            X4            X5
              ________      ________      ________      ________      ________
      1         0.000         0.000         0.000         0.000         0.000


           Residuals for Means/Intercepts/Thresholds
              X6
              ________
      1         0.000


           Standardized Residuals (z-scores) for Means/Intercepts/Thresholds
              X1            X2            X3            X4            X5
              ________      ________      ________      ________      ________
      1         0.000         0.000         0.000         0.000         0.000


           Standardized Residuals (z-scores) for Means/Intercepts/Thresholds
              X6
              ________
      1         0.000


           Normalized Residuals for Means/Intercepts/Thresholds
              X1            X2            X3            X4            X5
              ________      ________      ________      ________      ________
      1         0.000         0.000         0.000         0.000         0.000


           Normalized Residuals for Means/Intercepts/Thresholds
              X6
              ________
      1         0.000


           Model Estimated Covariances/Correlations/Residual Correlations
              X1            X2            X3            X4            X5
              ________      ________      ________      ________      ________
 X1            10.403
 X2            22.735        79.847
 X3            17.848        49.780        42.900
 X4             0.000         0.000         0.000         2.124
 X5             0.000         0.000         0.000         3.814         9.025
 X6             0.000         0.000         0.000         2.225         5.060


           Model Estimated Covariances/Correlations/Residual Correlations
              X6
              ________
 X6             4.197


           Residuals for Covariances/Correlations/Residual Correlations
              X1            X2            X3            X4            X5
              ________      ________      ________      ________      ________
 X1             0.000
 X2             0.000         0.000
 X3             0.000         0.000         0.000
 X4             3.739        10.452         8.181         0.000
 X5             7.687        23.357        16.395         0.000         0.000
 X6             4.996        15.915        11.715         0.000         0.000


           Residuals for Covariances/Correlations/Residual Correlations
              X6
              ________
 X6             0.000


           Standardized Residuals (z-scores) for Covariances/Correlations/Residual Corr
              X1            X2            X3            X4            X5
              ________      ________      ________      ________      ________
 X1             0.005
 X2             0.002        -0.002
 X3             0.003         0.002         0.002
 X4             4.222         4.245         4.414         0.000
 X5             4.215         4.452         4.342         0.000         0.003
 X6             4.090         4.450         4.461         0.000         0.003


           Standardized Residuals (z-scores) for Covariances/Correlations/Residual Corr
              X6
              ________
 X6             0.005


           Normalized Residuals for Covariances/Correlations/Residual Correlations
              X1            X2            X3            X4            X5
              ________      ________      ________      ________      ________
 X1             0.000
 X2             0.000         0.000
 X3             0.000         0.000         0.000
 X4             4.222         4.245         4.414         0.000
 X5             4.215         4.452         4.342         0.000         0.000
 X6             4.090         4.450         4.461         0.000         0.000


           Normalized Residuals for Covariances/Correlations/Residual Correlations
              X6
              ________
 X6             0.000


MODEL MODIFICATION INDICES

NOTE:  Modification indices for direct effects of observed dependent variables
regressed on covariates may not be included.  To include these, request
MODINDICES (ALL).

Minimum M.I. value for printing the modification index     0.000

                            M.I.     E.P.C.  Std E.P.C.  StdYX E.P.C.

BY Statements

F1       BY X4              1.781     0.050      0.144        0.099
F1       BY X5              0.118     0.023      0.065        0.022
F1       BY X6              3.553     0.116      0.331        0.162
F2       BY X1              0.343     0.113      0.147        0.045
F2       BY X2              3.037     0.917      1.188        0.133
F2       BY X3              0.784     0.297      0.385        0.059

ON/BY Statements

F1       ON F2       /
F2       BY F1             37.494     2.079      0.943        0.943
F2       ON F1       /
F1       BY F2             37.494     0.428      0.943        0.943

WITH Statements

X4       WITH X1            0.167     0.072      0.072        0.072
X4       WITH X2            3.242    -0.860     -0.860       -0.317
X4       WITH X3            3.034     0.531      0.531        0.406
X5       WITH X1            0.528     0.224      0.224        0.252
X5       WITH X2            3.586     1.591      1.591        0.663
X5       WITH X3            3.844    -1.051     -1.051       -0.909
X6       WITH X1            1.604    -0.362     -0.362       -0.216
X6       WITH X2            0.132     0.282      0.282        0.062
X6       WITH X3            2.440     0.776      0.776        0.356
F2       WITH F1           37.494     3.486      0.943        0.943


     Beginning Time:  11:40:58
        Ending Time:  11:40:58
       Elapsed Time:  00:00:00



MUTHEN & MUTHEN
3463 Stoner Ave.
Los Angeles, CA  90066

Tel: (310) 391-9971
Fax: (310) 391-8971
Web: www.StatModel.com
Support: Support@StatModel.com

Copyright (c) 1998-2012 Muthen & Muthen
