Mplus VERSION 6.12
MUTHEN & MUTHEN
03/04/2014  12:54 AM

INPUT INSTRUCTIONS

  TITLE: Homework 3 Single-Factor model
  DATA: FILE = "B:\dropbox\class\ANXM.DAT";
  VARIABLE: NAMES ARE i1-i20;
              USEVARIABLES ARE i2 i3 i4 i5 i6 i7 i8 i9 i10 i11 i14 i15 i16 i17 i18 i20 ;
  ANALYSIS: TYPE = GENERAL;
            ITERATIONS=3000;
            ESTIMATOR=ML;
  MODEL:    F1 BY i3 i4 i5 i6 i7 i14 i17 i20 i2 i8 i9 i10 i11 i15 i16 i18;
  OUTPUT:  standardized residual ;





INPUT READING TERMINATED NORMALLY



Homework 3 Single-Factor model

SUMMARY OF ANALYSIS

Number of groups                                                 1
Number of observations                                         219

Number of dependent variables                                   16
Number of independent variables                                  0
Number of continuous latent variables                            1

Observed dependent variables

  Continuous
   I2          I3          I4          I5          I6          I7
   I8          I9          I10         I11         I14         I15
   I16         I17         I18         I20

Continuous latent variables
   F1


Estimator                                                       ML
Information matrix                                        OBSERVED
Maximum number of iterations                                  3000
Convergence criterion                                    0.500D-04
Maximum number of steepest descent iterations                   20

Input data file(s)
  B:\dropbox\class\ANXM.DAT

Input data format  FREE



THE MODEL ESTIMATION TERMINATED NORMALLY



MODEL FIT INFORMATION

Number of Free Parameters                       48

Loglikelihood

          H0 Value                       -3772.404
          H1 Value                       -3652.952

Information Criteria

          Akaike (AIC)                    7640.807
          Bayesian (BIC)                  7803.483
          Sample-Size Adjusted BIC        7651.373
            (n* = (n + 2) / 24)

Chi-Square Test of Model Fit

          Value                            238.903
          Degrees of Freedom                   104
          P-Value                           0.0000

RMSEA (Root Mean Square Error Of Approximation)

          Estimate                           0.077
          90 Percent C.I.                    0.064  0.090
          Probability RMSEA <= .05           0.000

CFI/TLI

          CFI                                0.929
          TLI                                0.918

Chi-Square Test of Model Fit for the Baseline Model

          Value                           2019.842
          Degrees of Freedom                   120
          P-Value                           0.0000

SRMR (Standardized Root Mean Square Residual)

          Value                              0.047



MODEL RESULTS

                                                    Two-Tailed
                    Estimate       S.E.  Est./S.E.    P-Value

 F1       BY
    I3                 1.000      0.000    999.000    999.000
    I4                 1.140      0.122      9.380      0.000
    I5                 1.157      0.126      9.174      0.000
    I6                 0.987      0.122      8.081      0.000
    I7                 0.990      0.113      8.767      0.000
    I14                1.088      0.117      9.304      0.000
    I17                1.061      0.118      8.967      0.000
    I20                1.045      0.116      9.005      0.000
    I2                 0.923      0.107      8.595      0.000
    I8                 1.104      0.114      9.674      0.000
    I9                 1.070      0.121      8.827      0.000
    I10                0.641      0.109      5.902      0.000
    I11                0.949      0.105      9.073      0.000
    I15                1.354      0.130     10.442      0.000
    I16                1.115      0.123      9.033      0.000
    I18                1.132      0.128      8.828      0.000

 Intercepts
    I2                 2.005      0.057     35.262      0.000
    I3                 2.064      0.065     31.873      0.000
    I4                 1.900      0.063     30.197      0.000
    I5                 1.740      0.066     26.281      0.000
    I6                 1.858      0.066     28.179      0.000
    I7                 2.014      0.060     33.728      0.000
    I8                 2.169      0.058     37.234      0.000
    I9                 2.023      0.063     32.064      0.000
    I10                2.128      0.061     34.887      0.000
    I11                2.160      0.054     39.777      0.000
    I14                1.895      0.061     31.230      0.000
    I15                1.968      0.064     30.725      0.000
    I16                2.174      0.064     33.879      0.000
    I17                2.082      0.062     33.569      0.000
    I18                2.005      0.067     29.940      0.000
    I20                2.068      0.061     34.149      0.000

 Variances
    F1                 0.366      0.072      5.090      0.000

 Residual Variances
    I2                 0.396      0.040      9.967      0.000
    I3                 0.553      0.055     10.030      0.000
    I4                 0.391      0.040      9.687      0.000
    I5                 0.471      0.048      9.769      0.000
    I6                 0.597      0.059     10.057      0.000
    I7                 0.422      0.043      9.915      0.000
    I8                 0.297      0.031      9.500      0.000
    I9                 0.453      0.046      9.858      0.000
    I10                0.664      0.064     10.318      0.000
    I11                0.316      0.032      9.793      0.000
    I14                0.374      0.038      9.709      0.000
    I15                0.228      0.027      8.590      0.000
    I16                0.447      0.046      9.806      0.000
    I17                0.431      0.044      9.862      0.000
    I18                0.513      0.052      9.868      0.000
    I20                0.404      0.041      9.834      0.000


STANDARDIZED MODEL RESULTS


STDYX Standardization

                                                    Two-Tailed
                    Estimate       S.E.  Est./S.E.    P-Value

 F1       BY
    I3                 0.631      0.043     14.714      0.000
    I4                 0.741      0.033     22.605      0.000
    I5                 0.714      0.035     20.139      0.000
    I6                 0.611      0.045     13.705      0.000
    I7                 0.678      0.039     17.486      0.000
    I14                0.733      0.034     21.817      0.000
    I17                0.699      0.037     19.042      0.000
    I20                0.705      0.036     19.485      0.000
    I2                 0.663      0.040     16.597      0.000
    I8                 0.775      0.029     26.400      0.000
    I9                 0.693      0.037     18.520      0.000
    I10                0.430      0.057      7.512      0.000
    I11                0.714      0.035     20.202      0.000
    I15                0.864      0.020     43.683      0.000
    I16                0.710      0.036     19.874      0.000
    I18                0.691      0.038     18.389      0.000

 Intercepts
    I2                 2.383      0.132     17.997      0.000
    I3                 2.154      0.123     17.494      0.000
    I4                 2.040      0.119     17.201      0.000
    I5                 1.776      0.108     16.372      0.000
    I6                 1.904      0.113     16.801      0.000
    I7                 2.279      0.128     17.783      0.000
    I8                 2.516      0.138     18.244      0.000
    I9                 2.167      0.124     17.526      0.000
    I10                2.357      0.131     17.947      0.000
    I11                2.688      0.145     18.521      0.000
    I14                2.110      0.121     17.386      0.000
    I15                2.076      0.120     17.297      0.000
    I16                2.289      0.129     17.805      0.000
    I17                2.268      0.128     17.760      0.000
    I18                2.023      0.118     17.153      0.000
    I20                2.308      0.129     17.844      0.000

 Variances
    F1                 1.000      0.000    999.000    999.000

 Residual Variances
    I2                 0.560      0.053     10.558      0.000
    I3                 0.602      0.054     11.127      0.000
    I4                 0.452      0.049      9.309      0.000
    I5                 0.490      0.051      9.687      0.000
    I6                 0.626      0.055     11.486      0.000
    I7                 0.541      0.053     10.301      0.000
    I8                 0.400      0.045      8.803      0.000
    I9                 0.520      0.052     10.040      0.000
    I10                0.815      0.049     16.590      0.000
    I11                0.490      0.050      9.709      0.000
    I14                0.463      0.049      9.416      0.000
    I15                0.254      0.034      7.445      0.000
    I16                0.496      0.051      9.769      0.000
    I17                0.511      0.051      9.962      0.000
    I18                0.523      0.052     10.075      0.000
    I20                0.503      0.051      9.860      0.000


STDY Standardization

                                                    Two-Tailed
                    Estimate       S.E.  Est./S.E.    P-Value

 F1       BY
    I3                 0.631      0.043     14.714      0.000
    I4                 0.741      0.033     22.605      0.000
    I5                 0.714      0.035     20.139      0.000
    I6                 0.611      0.045     13.705      0.000
    I7                 0.678      0.039     17.486      0.000
    I14                0.733      0.034     21.817      0.000
    I17                0.699      0.037     19.042      0.000
    I20                0.705      0.036     19.485      0.000
    I2                 0.663      0.040     16.597      0.000
    I8                 0.775      0.029     26.400      0.000
    I9                 0.693      0.037     18.520      0.000
    I10                0.430      0.057      7.512      0.000
    I11                0.714      0.035     20.202      0.000
    I15                0.864      0.020     43.683      0.000
    I16                0.710      0.036     19.874      0.000
    I18                0.691      0.038     18.389      0.000

 Intercepts
    I2                 2.383      0.132     17.997      0.000
    I3                 2.154      0.123     17.494      0.000
    I4                 2.040      0.119     17.201      0.000
    I5                 1.776      0.108     16.372      0.000
    I6                 1.904      0.113     16.801      0.000
    I7                 2.279      0.128     17.783      0.000
    I8                 2.516      0.138     18.244      0.000
    I9                 2.167      0.124     17.526      0.000
    I10                2.357      0.131     17.947      0.000
    I11                2.688      0.145     18.521      0.000
    I14                2.110      0.121     17.386      0.000
    I15                2.076      0.120     17.297      0.000
    I16                2.289      0.129     17.805      0.000
    I17                2.268      0.128     17.760      0.000
    I18                2.023      0.118     17.153      0.000
    I20                2.308      0.129     17.844      0.000

 Variances
    F1                 1.000      0.000    999.000    999.000

 Residual Variances
    I2                 0.560      0.053     10.558      0.000
    I3                 0.602      0.054     11.127      0.000
    I4                 0.452      0.049      9.309      0.000
    I5                 0.490      0.051      9.687      0.000
    I6                 0.626      0.055     11.486      0.000
    I7                 0.541      0.053     10.301      0.000
    I8                 0.400      0.045      8.803      0.000
    I9                 0.520      0.052     10.040      0.000
    I10                0.815      0.049     16.590      0.000
    I11                0.490      0.050      9.709      0.000
    I14                0.463      0.049      9.416      0.000
    I15                0.254      0.034      7.445      0.000
    I16                0.496      0.051      9.769      0.000
    I17                0.511      0.051      9.962      0.000
    I18                0.523      0.052     10.075      0.000
    I20                0.503      0.051      9.860      0.000


STD Standardization

                                                    Two-Tailed
                    Estimate       S.E.  Est./S.E.    P-Value

 F1       BY
    I3                 0.605      0.059     10.179      0.000
    I4                 0.689      0.055     12.596      0.000
    I5                 0.699      0.058     11.963      0.000
    I6                 0.597      0.061      9.774      0.000
    I7                 0.599      0.054     11.164      0.000
    I14                0.658      0.053     12.404      0.000
    I17                0.642      0.055     11.644      0.000
    I20                0.632      0.054     11.774      0.000
    I2                 0.558      0.051     10.866      0.000
    I8                 0.668      0.050     13.430      0.000
    I9                 0.647      0.056     11.491      0.000
    I10                0.388      0.060      6.492      0.000
    I11                0.574      0.048     11.977      0.000
    I15                0.819      0.052     15.875      0.000
    I16                0.674      0.057     11.886      0.000
    I18                0.684      0.060     11.450      0.000

 Intercepts
    I2                 2.005      0.057     35.262      0.000
    I3                 2.064      0.065     31.873      0.000
    I4                 1.900      0.063     30.197      0.000
    I5                 1.740      0.066     26.281      0.000
    I6                 1.858      0.066     28.179      0.000
    I7                 2.014      0.060     33.728      0.000
    I8                 2.169      0.058     37.234      0.000
    I9                 2.023      0.063     32.064      0.000
    I10                2.128      0.061     34.887      0.000
    I11                2.160      0.054     39.777      0.000
    I14                1.895      0.061     31.230      0.000
    I15                1.968      0.064     30.725      0.000
    I16                2.174      0.064     33.879      0.000
    I17                2.082      0.062     33.569      0.000
    I18                2.005      0.067     29.940      0.000
    I20                2.068      0.061     34.149      0.000

 Variances
    F1                 1.000      0.000    999.000    999.000

 Residual Variances
    I2                 0.396      0.040      9.967      0.000
    I3                 0.553      0.055     10.030      0.000
    I4                 0.391      0.040      9.687      0.000
    I5                 0.471      0.048      9.769      0.000
    I6                 0.597      0.059     10.057      0.000
    I7                 0.422      0.043      9.915      0.000
    I8                 0.297      0.031      9.500      0.000
    I9                 0.453      0.046      9.858      0.000
    I10                0.664      0.064     10.318      0.000
    I11                0.316      0.032      9.793      0.000
    I14                0.374      0.038      9.709      0.000
    I15                0.228      0.027      8.590      0.000
    I16                0.447      0.046      9.806      0.000
    I17                0.431      0.044      9.862      0.000
    I18                0.513      0.052      9.868      0.000
    I20                0.404      0.041      9.834      0.000


R-SQUARE

    Observed                                        Two-Tailed
    Variable        Estimate       S.E.  Est./S.E.    P-Value

    I2                 0.440      0.053      8.298      0.000
    I3                 0.398      0.054      7.357      0.000
    I4                 0.548      0.049     11.303      0.000
    I5                 0.510      0.051     10.070      0.000
    I6                 0.374      0.055      6.852      0.000
    I7                 0.459      0.053      8.743      0.000
    I8                 0.600      0.045     13.200      0.000
    I9                 0.480      0.052      9.260      0.000
    I10                0.185      0.049      3.756      0.000
    I11                0.510      0.050     10.101      0.000
    I14                0.537      0.049     10.908      0.000
    I15                0.746      0.034     21.841      0.000
    I16                0.504      0.051      9.937      0.000
    I17                0.489      0.051      9.521      0.000
    I18                0.477      0.052      9.195      0.000
    I20                0.497      0.051      9.743      0.000


QUALITY OF NUMERICAL RESULTS

     Condition Number for the Information Matrix              0.506E-02
       (ratio of smallest to largest eigenvalue)


RESIDUAL OUTPUT


     ESTIMATED MODEL AND RESIDUALS (OBSERVED - ESTIMATED)


           Model Estimated Means/Intercepts/Thresholds
              I2            I3            I4            I5            I6
              ________      ________      ________      ________      ________
      1         2.005         2.064         1.900         1.740         1.858


           Model Estimated Means/Intercepts/Thresholds
              I7            I8            I9            I10           I11
              ________      ________      ________      ________      ________
      1         2.014         2.169         2.023         2.128         2.160


           Model Estimated Means/Intercepts/Thresholds
              I14           I15           I16           I17           I18
              ________      ________      ________      ________      ________
      1         1.895         1.968         2.174         2.082         2.005


           Model Estimated Means/Intercepts/Thresholds
              I20
              ________
      1         2.068


           Residuals for Means/Intercepts/Thresholds
              I2            I3            I4            I5            I6
              ________      ________      ________      ________      ________
      1         0.000         0.000         0.000         0.000         0.000


           Residuals for Means/Intercepts/Thresholds
              I7            I8            I9            I10           I11
              ________      ________      ________      ________      ________
      1         0.000         0.000         0.000         0.000         0.000


           Residuals for Means/Intercepts/Thresholds
              I14           I15           I16           I17           I18
              ________      ________      ________      ________      ________
      1         0.000         0.000         0.000         0.000         0.000


           Residuals for Means/Intercepts/Thresholds
              I20
              ________
      1         0.000


           Standardized Residuals (z-scores) for Means/Intercepts/Thresholds
              I2            I3            I4            I5            I6
              ________      ________      ________      ________      ________
      1         0.000         0.000         0.000         0.000         0.000


           Standardized Residuals (z-scores) for Means/Intercepts/Thresholds
              I7            I8            I9            I10           I11
              ________      ________      ________      ________      ________
      1         0.000         0.000         0.000         0.000         0.000


           Standardized Residuals (z-scores) for Means/Intercepts/Thresholds
              I14           I15           I16           I17           I18
              ________      ________      ________      ________      ________
      1         0.000         0.000         0.000         0.000         0.000


           Standardized Residuals (z-scores) for Means/Intercepts/Thresholds
              I20
              ________
      1         0.000


           Normalized Residuals for Means/Intercepts/Thresholds
              I2            I3            I4            I5            I6
              ________      ________      ________      ________      ________
      1         0.000         0.000         0.000         0.000         0.000


           Normalized Residuals for Means/Intercepts/Thresholds
              I7            I8            I9            I10           I11
              ________      ________      ________      ________      ________
      1         0.000         0.000         0.000         0.000         0.000


           Normalized Residuals for Means/Intercepts/Thresholds
              I14           I15           I16           I17           I18
              ________      ________      ________      ________      ________
      1         0.000         0.000         0.000         0.000         0.000


           Normalized Residuals for Means/Intercepts/Thresholds
              I20
              ________
      1         0.000


           Model Estimated Covariances/Correlations/Residual Correlations
              I2            I3            I4            I5            I6
              ________      ________      ________      ________      ________
 I2             0.708
 I3             0.337         0.918
 I4             0.385         0.417         0.867
 I5             0.390         0.423         0.482         0.960
 I6             0.333         0.361         0.411         0.417         0.953
 I7             0.334         0.362         0.413         0.419         0.357
 I8             0.373         0.404         0.460         0.467         0.398
 I9             0.361         0.391         0.446         0.452         0.386
 I10            0.216         0.234         0.267         0.271         0.231
 I11            0.320         0.347         0.396         0.401         0.342
 I14            0.367         0.398         0.453         0.460         0.392
 I15            0.457         0.495         0.564         0.573         0.488
 I16            0.376         0.408         0.465         0.472         0.402
 I17            0.358         0.388         0.442         0.449         0.383
 I18            0.382         0.414         0.472         0.479         0.408
 I20            0.353         0.382         0.436         0.442         0.377


           Model Estimated Covariances/Correlations/Residual Correlations
              I7            I8            I9            I10           I11
              ________      ________      ________      ________      ________
 I7             0.781
 I8             0.400         0.743
 I9             0.387         0.432         0.872
 I10            0.232         0.259         0.251         0.815
 I11            0.343         0.383         0.371         0.223         0.646
 I14            0.394         0.439         0.425         0.255         0.377
 I15            0.490         0.547         0.529         0.317         0.470
 I16            0.404         0.450         0.436         0.261         0.387
 I17            0.384         0.428         0.415         0.249         0.368
 I18            0.410         0.457         0.443         0.265         0.393
 I20            0.378         0.422         0.409         0.245         0.363


           Model Estimated Covariances/Correlations/Residual Correlations
              I14           I15           I16           I17           I18
              ________      ________      ________      ________      ________
 I14            0.806
 I15            0.539         0.899
 I16            0.444         0.552         0.901
 I17            0.422         0.525         0.433         0.843
 I18            0.450         0.560         0.461         0.439         0.982
 I20            0.416         0.517         0.426         0.405         0.433


           Model Estimated Covariances/Correlations/Residual Correlations
              I20
              ________
 I20            0.804


           Residuals for Covariances/Correlations/Residual Correlations
              I2            I3            I4            I5            I6
              ________      ________      ________      ________      ________
 I2             0.000
 I3             0.023         0.000
 I4             0.027         0.014         0.000
 I5            -0.038         0.105         0.040         0.000
 I6            -0.072         0.110         0.045         0.144         0.000
 I7            -0.010         0.048         0.004         0.037         0.051
 I8             0.024        -0.013         0.022        -0.044        -0.009
 I9             0.004        -0.077        -0.074        -0.031        -0.036
 I10           -0.002         0.050        -0.003        -0.069        -0.076
 I11           -0.015        -0.028        -0.051        -0.072        -0.005
 I14           -0.029         0.015         0.025         0.070         0.081
 I15            0.014        -0.045         0.012        -0.033        -0.064
 I16           -0.007        -0.031        -0.027        -0.020        -0.108
 I17           -0.016         0.018        -0.005         0.029        -0.001
 I18            0.015        -0.053         0.013         0.007        -0.074
 I20            0.035        -0.003        -0.045        -0.027         0.057


           Residuals for Covariances/Correlations/Residual Correlations
              I7            I8            I9            I10           I11
              ________      ________      ________      ________      ________
 I7             0.000
 I8            -0.005         0.000
 I9            -0.063         0.030         0.000
 I10            0.031         0.030         0.093         0.000
 I11           -0.008         0.037         0.055         0.008         0.000
 I14            0.051        -0.061        -0.039        -0.077         0.000
 I15            0.013         0.025         0.006        -0.030        -0.003
 I16           -0.059        -0.005         0.067         0.086         0.033
 I17            0.039         0.005        -0.029         0.010        -0.021
 I18           -0.108        -0.051         0.101         0.054         0.040
 I20           -0.009        -0.013         0.010        -0.062         0.024


           Residuals for Covariances/Correlations/Residual Correlations
              I14           I15           I16           I17           I18
              ________      ________      ________      ________      ________
 I14            0.000
 I15           -0.003         0.000
 I16           -0.042         0.015         0.000
 I17           -0.003        -0.002         0.023         0.000
 I18            0.016        -0.008         0.081         0.017         0.000
 I20            0.012         0.037        -0.004        -0.046        -0.031


           Residuals for Covariances/Correlations/Residual Correlations
              I20
              ________
 I20            0.000


           Standardized Residuals (z-scores) for Covariances/Correlations/Residual Corr
              I2            I3            I4            I5            I6
              ________      ________      ________      ________      ________
 I2             0.000
 I3             0.737         0.000
 I4             1.004         0.473         0.000
 I5            -1.490         2.743         1.340         0.000
 I6            -2.542         2.610         1.353         3.462         0.000
 I7            -0.389         1.442         0.164         1.214         1.477
 I8             1.031        -0.515         0.979        -2.291        -0.354
 I9             0.157        -2.735        -3.483        -1.134        -1.122
 I10           -0.072         1.205        -0.103        -2.012        -1.912
 I11           -0.696        -1.127        -2.806        -3.755        -0.168
 I14           -1.277         0.520         0.958         2.239         2.355
 I15            0.714        -2.785         0.660        -2.270        -4.141
 I16           -0.274        -1.015        -1.130        -0.727        -3.886
 I17           -0.630         0.553        -0.192         0.967        -0.041
 I18            0.515        -1.695         0.437         0.208        -2.319
 I20            1.276        -0.096        -2.100        -1.049         1.667


           Standardized Residuals (z-scores) for Covariances/Correlations/Residual Corr
              I7            I8            I9            I10           I11
              ________      ________      ________      ________      ________
 I7             0.000
 I8            -0.221         0.000
 I9            -2.609         1.202         0.000
 I10            0.871         1.015         2.400         0.000
 I11           -0.343         1.701         1.990         0.273         0.000
 I14            1.785        -4.166        -1.706        -2.583         0.003
 I15            0.648         1.382         0.290        -1.385        -0.226
 I16           -2.459        -0.208         2.048         2.247         1.273
 I17            1.337         0.228        -1.096         0.286        -0.939
 I18           -4.594        -2.569         2.739         1.350         1.440
 I20           -0.366        -0.662         0.356        -1.942         0.984


           Standardized Residuals (z-scores) for Covariances/Correlations/Residual Corr
              I14           I15           I16           I17           I18
              ________      ________      ________      ________      ________
 I14            0.000
 I15           -0.186         0.000
 I16           -1.853         0.755         0.000
 I17           -0.101        -0.116         0.802         0.000
 I18            0.559        -0.401         2.291         0.553         0.000
 I20            0.460         1.714        -0.157        -1.954        -1.154


           Standardized Residuals (z-scores) for Covariances/Correlations/Residual Corr
              I20
              ________
 I20            0.000


           Normalized Residuals for Covariances/Correlations/Residual Correlations
              I2            I3            I4            I5            I6
              ________      ________      ________      ________      ________
 I2             0.000
 I3             0.386         0.000
 I4             0.447         0.214         0.000
 I5            -0.619         1.446         0.559         0.000
 I6            -1.237         1.549         0.653         1.923         0.000
 I7            -0.182         0.758         0.068         0.559         0.794
 I8             0.427        -0.205         0.355        -0.689        -0.146
 I9             0.073        -1.208        -1.153        -0.453        -0.539
 I10           -0.045         0.806        -0.056        -1.126        -1.262
 I11           -0.300        -0.503        -0.911        -1.249        -0.080
 I14           -0.514         0.239         0.377         1.004         1.207
 I15            0.218        -0.662         0.174        -0.453        -0.926
 I16           -0.121        -0.459        -0.409        -0.286        -1.648
 I17           -0.281         0.272        -0.075         0.425        -0.020
 I18            0.245        -0.777         0.180         0.089        -1.075
 I20            0.613        -0.045        -0.726        -0.409         0.869


           Normalized Residuals for Covariances/Correlations/Residual Correlations
              I7            I8            I9            I10           I11
              ________      ________      ________      ________      ________
 I7             0.000
 I8            -0.082         0.000
 I9            -1.056         0.480         0.000
 I10            0.545         0.534         1.517         0.000
 I11           -0.147         0.682         0.935         0.159         0.000
 I14            0.823        -1.044        -0.633        -1.379         0.001
 I15            0.192         0.371         0.080        -0.496        -0.056
 I16           -0.962        -0.073         0.971         1.380         0.559
 I17            0.637         0.085        -0.452         0.171        -0.374
 I18           -1.733        -0.804         1.389         0.836         0.659
 I20           -0.159        -0.227         0.156        -1.107         0.429


           Normalized Residuals for Covariances/Correlations/Residual Correlations
              I14           I15           I16           I17           I18
              ________      ________      ________      ________      ________
 I14            0.000
 I15           -0.045         0.000
 I16           -0.655         0.213         0.000
 I17           -0.040        -0.031         0.353         0.000
 I18            0.236        -0.103         1.106         0.248         0.000
 I20            0.188         0.545        -0.065        -0.755        -0.471


           Normalized Residuals for Covariances/Correlations/Residual Correlations
              I20
              ________
 I20            0.000


     Beginning Time:  00:54:31
        Ending Time:  00:54:31
       Elapsed Time:  00:00:00



MUTHEN & MUTHEN
3463 Stoner Ave.
Los Angeles, CA  90066

Tel: (310) 391-9971
Fax: (310) 391-8971
Web: www.StatModel.com
Support: Support@StatModel.com

Copyright (c) 1998-2011 Muthen & Muthen
