Mplus VERSION 6.12
MUTHEN & MUTHEN
04/20/2014  12:00 AM

INPUT INSTRUCTIONS

  TITLE: CESD data from Gregorich(2006) partial strict
  DATA: FILE = "B:\dropbox\class\CESD_WBdata.dat";
        TYPE IS means cova;
        NGROUPS = 2;
        NOBSERVATIONS = 2004 248;
  VARIABLE: NAMES ARE CESD1 CESD2 CESD7 CESD11 CESD20;
  ANALYSIS: TYPE = MGROUP;
            ITERATIONS=3000;
            ESTIMATOR=ML;
  MODEL:    F1 BY CESD1@1 CESD2 CESD7 CESD11 CESD20;
            [CESD1 CESD2@0 CESD7 CESD11 CESD20];
                    CESD1 (1);
            CESD11 (2);
            CESD20 (3);
  MODEL G1: [F1];
  MODEL G2: [F1];[CESD7];
                    CESD1 (1);
            CESD11 (2);
            CESD20 (3);
  OUTPUT: sampstat residual;



INPUT READING TERMINATED NORMALLY



CESD data from Gregorich(2006) partial strict

SUMMARY OF ANALYSIS

Number of groups                                                 2
Number of observations
   Group G1                                                   2004
   Group G2                                                    248

Number of dependent variables                                    5
Number of independent variables                                  0
Number of continuous latent variables                            1

Observed dependent variables

  Continuous
   CESD1       CESD2       CESD7       CESD11      CESD20

Continuous latent variables
   F1


Estimator                                                       ML
Information matrix                                        EXPECTED
Maximum number of iterations                                  3000
Convergence criterion                                    0.500D-04
Maximum number of steepest descent iterations                   20

Input data file(s)
  B:\dropbox\class\CESD_WBdata.dat

Input data format  FREE


SAMPLE STATISTICS


     SAMPLE STATISTICS FOR G1


           Means/Intercepts/Thresholds
              CESD1         CESD2         CESD7         CESD11        CESD20
              ________      ________      ________      ________      ________
      1         0.328         0.240         0.486         0.612         0.437


           Covariances/Correlations/Residual Correlations
              CESD1         CESD2         CESD7         CESD11        CESD20
              ________      ________      ________      ________      ________
 CESD1          0.498
 CESD2          0.126         0.427
 CESD7          0.200         0.178         0.765
 CESD11         0.182         0.170         0.273         0.823
 CESD20         0.166         0.162         0.318         0.241         0.631


     SAMPLE STATISTICS FOR G2


           Means/Intercepts/Thresholds
              CESD1         CESD2         CESD7         CESD11        CESD20
              ________      ________      ________      ________      ________
      1         0.351         0.347         0.806         0.589         0.456


           Covariances/Correlations/Residual Correlations
              CESD1         CESD2         CESD7         CESD11        CESD20
              ________      ________      ________      ________      ________
 CESD1          0.496
 CESD2          0.169         0.576
 CESD7          0.194         0.173         1.290
 CESD11         0.141         0.131         0.317         0.875
 CESD20         0.188         0.125         0.344         0.265         0.662


THE MODEL ESTIMATION TERMINATED NORMALLY



MODEL FIT INFORMATION

Number of Free Parameters                       20

Loglikelihood

          H0 Value                      -12478.065
          H1 Value                      -12462.610

Information Criteria

          Akaike (AIC)                   24996.130
          Bayesian (BIC)                 25110.521
          Sample-Size Adjusted BIC       25046.978
            (n* = (n + 2) / 24)

Chi-Square Test of Model Fit

          Value                             30.909
          Degrees of Freedom                    20
          P-Value                           0.0564

Chi-Square Contributions From Each Group

          G1                                16.502
          G2                                14.407

RMSEA (Root Mean Square Error Of Approximation)

          Estimate                           0.022
          90 Percent C.I.                    0.000  0.037
          Probability RMSEA <= .05           1.000

CFI/TLI

          CFI                                0.993
          TLI                                0.993

Chi-Square Test of Model Fit for the Baseline Model

          Value                           1683.907
          Degrees of Freedom                    20
          P-Value                           0.0000

SRMR (Standardized Root Mean Square Residual)

          Value                              0.020



MODEL RESULTS

                                                    Two-Tailed
                    Estimate       S.E.  Est./S.E.    P-Value

Group G1

 F1       BY
    CESD1              1.000      0.000    999.000    999.000
    CESD2              0.924      0.061     15.267      0.000
    CESD7              1.686      0.096     17.555      0.000
    CESD11             1.383      0.086     16.026      0.000
    CESD20             1.478      0.085     17.486      0.000

 Means
    F1                 0.267      0.023     11.440      0.000

 Intercepts
    CESD1              0.061      0.026      2.401      0.016
    CESD2              0.000      0.000    999.000    999.000
    CESD7              0.036      0.037      0.967      0.334
    CESD11             0.237      0.034      6.996      0.000
    CESD20             0.041      0.033      1.258      0.208

 Variances
    F1                 0.121      0.012     10.322      0.000

 Residual Variances
    CESD1              0.376      0.013     29.122      0.000
    CESD2              0.322      0.012     27.692      0.000
    CESD7              0.421      0.020     21.280      0.000
    CESD11             0.595      0.021     28.172      0.000
    CESD20             0.368      0.016     23.440      0.000

Group G2

 F1       BY
    CESD1              1.000      0.000    999.000    999.000
    CESD2              0.924      0.061     15.267      0.000
    CESD7              1.686      0.096     17.555      0.000
    CESD11             1.383      0.086     16.026      0.000
    CESD20             1.478      0.085     17.486      0.000

 Means
    F1                 0.288      0.036      8.014      0.000

 Intercepts
    CESD1              0.061      0.026      2.401      0.016
    CESD2              0.000      0.000    999.000    999.000
    CESD7              0.320      0.076      4.229      0.000
    CESD11             0.237      0.034      6.996      0.000
    CESD20             0.041      0.033      1.258      0.208

 Variances
    F1                 0.126      0.020      6.362      0.000

 Residual Variances
    CESD1              0.376      0.013     29.122      0.000
    CESD2              0.488      0.047     10.306      0.000
    CESD7              0.913      0.095      9.647      0.000
    CESD11             0.595      0.021     28.172      0.000
    CESD20             0.368      0.016     23.440      0.000


QUALITY OF NUMERICAL RESULTS

     Condition Number for the Information Matrix              0.139E-02
       (ratio of smallest to largest eigenvalue)


RESIDUAL OUTPUT


     ESTIMATED MODEL AND RESIDUALS (OBSERVED - ESTIMATED) FOR G1


           Model Estimated Means/Intercepts/Thresholds
              CESD1         CESD2         CESD7         CESD11        CESD20
              ________      ________      ________      ________      ________
      1         0.328         0.247         0.486         0.606         0.436


           Residuals for Means/Intercepts/Thresholds
              CESD1         CESD2         CESD7         CESD11        CESD20
              ________      ________      ________      ________      ________
      1         0.000        -0.007         0.000         0.006         0.001


           Standardized Residuals (z-scores) for Means/Intercepts/Thresholds
              CESD1         CESD2         CESD7         CESD11        CESD20
              ________      ________      ________      ________      ________
      1        -0.037        -1.982       999.000         1.221         0.442


           Normalized Residuals for Means/Intercepts/Thresholds
              CESD1         CESD2         CESD7         CESD11        CESD20
              ________      ________      ________      ________      ________
      1        -0.010        -0.450         0.000         0.288         0.080


           Model Estimated Covariances/Correlations/Residual Correlations
              CESD1         CESD2         CESD7         CESD11        CESD20
              ________      ________      ________      ________      ________
 CESD1          0.497
 CESD2          0.112         0.426
 CESD7          0.204         0.189         0.765
 CESD11         0.168         0.155         0.283         0.827
 CESD20         0.179         0.166         0.302         0.248         0.633


           Residuals for Covariances/Correlations/Residual Correlations
              CESD1         CESD2         CESD7         CESD11        CESD20
              ________      ________      ________      ________      ________
 CESD1          0.001
 CESD2          0.014         0.001
 CESD7         -0.005        -0.011        -0.001
 CESD11         0.014         0.015        -0.010        -0.004
 CESD20        -0.013        -0.004         0.016        -0.007        -0.002


           Standardized Residuals (z-scores) for Covariances/Correlations/Residual Corr
              CESD1         CESD2         CESD7         CESD11        CESD20
              ________      ________      ________      ________      ________
 CESD1          0.177
 CESD2          1.997         0.486
 CESD7         -0.692        -1.862        -0.326
 CESD11         1.543         1.758        -1.293        -0.596
 CESD20        -2.143        -0.630         2.862        -0.938        -0.413


           Normalized Residuals for Covariances/Correlations/Residual Correlations
              CESD1         CESD2         CESD7         CESD11        CESD20
              ________      ________      ________      ________      ________
 CESD1          0.056
 CESD2          1.303         0.070
 CESD7         -0.315        -0.823        -0.034
 CESD11         0.954         1.085        -0.532        -0.171
 CESD20        -1.017        -0.300         0.919        -0.412        -0.103


     ESTIMATED MODEL AND RESIDUALS (OBSERVED - ESTIMATED) FOR G2


           Model Estimated Means/Intercepts/Thresholds
              CESD1         CESD2         CESD7         CESD11        CESD20
              ________      ________      ________      ________      ________
      1         0.350         0.267         0.806         0.636         0.467


           Residuals for Means/Intercepts/Thresholds
              CESD1         CESD2         CESD7         CESD11        CESD20
              ________      ________      ________      ________      ________
      1         0.001         0.080         0.000        -0.047        -0.011


           Standardized Residuals (z-scores) for Means/Intercepts/Thresholds
              CESD1         CESD2         CESD7         CESD11        CESD20
              ________      ________      ________      ________      ________
      1         0.038         2.085         0.001        -1.116        -0.403


           Normalized Residuals for Means/Intercepts/Thresholds
              CESD1         CESD2         CESD7         CESD11        CESD20
              ________      ________      ________      ________      ________
      1         0.028         1.673         0.000        -0.794        -0.223


           Model Estimated Covariances/Correlations/Residual Correlations
              CESD1         CESD2         CESD7         CESD11        CESD20
              ________      ________      ________      ________      ________
 CESD1          0.501
 CESD2          0.116         0.595
 CESD7          0.212         0.196         1.270
 CESD11         0.174         0.160         0.293         0.835
 CESD20         0.186         0.171         0.313         0.257         0.642


           Residuals for Covariances/Correlations/Residual Correlations
              CESD1         CESD2         CESD7         CESD11        CESD20
              ________      ________      ________      ________      ________
 CESD1         -0.007
 CESD2          0.052        -0.022
 CESD7         -0.018        -0.023         0.015
 CESD11        -0.033        -0.030         0.023         0.036
 CESD20         0.002        -0.047         0.030         0.007         0.017


           Standardized Residuals (z-scores) for Covariances/Correlations/Residual Corr
              CESD1         CESD2         CESD7         CESD11        CESD20
              ________      ________      ________      ________      ________
 CESD1         -0.185
 CESD2          1.676        -1.423
 CESD7         -0.434        -0.485         0.283
 CESD11        -0.956        -0.761         0.403         0.534
 CESD20         0.061        -1.482         0.659         0.199         0.389


           Normalized Residuals for Covariances/Correlations/Residual Correlations
              CESD1         CESD2         CESD7         CESD11        CESD20
              ________      ________      ________      ________      ________
 CESD1         -0.161
 CESD2          1.476        -0.421
 CESD7         -0.355        -0.419         0.126
 CESD11        -0.780        -0.657         0.326         0.463
 CESD20         0.045        -1.178         0.477         0.143         0.291


     Beginning Time:  00:00:37
        Ending Time:  00:00:37
       Elapsed Time:  00:00:00



MUTHEN & MUTHEN
3463 Stoner Ave.
Los Angeles, CA  90066

Tel: (310) 391-9971
Fax: (310) 391-8971
Web: www.StatModel.com
Support: Support@StatModel.com

Copyright (c) 1998-2011 Muthen & Muthen
