Mplus VERSION 7
MUTHEN & MUTHEN
03/03/2014   2:19 PM

INPUT INSTRUCTIONS

  TITLE: Homework 3 two factor indep cluster (congeneric)
  DATA: FILE = "B:\dropbox\class\ANXM.DAT";
  VARIABLE: NAMES ARE i1-i20;
  	    USEVARIABLES ARE i2 i3 i4 i5 i6 i7 i8 i9 i10 i11 i14 i15 i16 i17 i18 i20 ;
  ANALYSIS: TYPE = GENERAL;
            ITERATIONS=3000;
            ESTIMATOR=ML;
  MODEL:    F1 BY i3 i4 i5 i6 i7 i14 i17 i20;
            F2 BY i2 i8 i9 i10 i11 i15 i16 i18;
  OUTPUT: sampstat standardized residual mod(0) tech1;





INPUT READING TERMINATED NORMALLY



Homework 3 two factor indep cluster (congeneric)

SUMMARY OF ANALYSIS

Number of groups                                                 1
Number of observations                                         219

Number of dependent variables                                   16
Number of independent variables                                  0
Number of continuous latent variables                            2

Observed dependent variables

  Continuous
   I2          I3          I4          I5          I6          I7
   I8          I9          I10         I11         I14         I15
   I16         I17         I18         I20

Continuous latent variables
   F1          F2


Estimator                                                       ML
Information matrix                                        OBSERVED
Maximum number of iterations                                  3000
Convergence criterion                                    0.500D-04
Maximum number of steepest descent iterations                   20

Input data file(s)
  B:\dropbox\class\ANXM.DAT

Input data format  FREE


SAMPLE STATISTICS


     SAMPLE STATISTICS


           Means
              I2            I3            I4            I5            I6
              ________      ________      ________      ________      ________
      1         2.005         2.064         1.900         1.740         1.858


           Means
              I7            I8            I9            I10           I11
              ________      ________      ________      ________      ________
      1         2.014         2.169         2.023         2.128         2.160


           Means
              I14           I15           I16           I17           I18
              ________      ________      ________      ________      ________
      1         1.895         1.968         2.174         2.082         2.005


           Means
              I20
              ________
      1         2.068


           Covariances
              I2            I3            I4            I5            I6
              ________      ________      ________      ________      ________
 I2             0.708
 I3             0.360         0.918
 I4             0.411         0.431         0.867
 I5             0.353         0.528         0.522         0.960
 I6             0.261         0.470         0.456         0.561         0.953
 I7             0.324         0.410         0.417         0.456         0.408
 I8             0.396         0.391         0.483         0.423         0.389
 I9             0.365         0.314         0.372         0.421         0.350
 I10            0.214         0.284         0.264         0.202         0.155
 I11            0.305         0.319         0.345         0.329         0.338
 I14            0.338         0.413         0.478         0.530         0.474
 I15            0.470         0.450         0.577         0.540         0.425
 I16            0.369         0.377         0.438         0.452         0.294
 I17            0.342         0.406         0.437         0.478         0.381
 I18            0.397         0.360         0.484         0.485         0.334
 I20            0.388         0.379         0.390         0.415         0.434


           Covariances
              I7            I8            I9            I10           I11
              ________      ________      ________      ________      ________
 I7             0.781
 I8             0.395         0.743
 I9             0.324         0.462         0.872
 I10            0.263         0.289         0.344         0.815
 I11            0.336         0.420         0.426         0.231         0.646
 I14            0.444         0.378         0.386         0.178         0.378
 I15            0.503         0.572         0.535         0.287         0.466
 I16            0.345         0.446         0.503         0.348         0.420
 I17            0.424         0.434         0.386         0.259         0.348
 I18            0.301         0.406         0.543         0.319         0.433
 I20            0.369         0.409         0.419         0.183         0.386


           Covariances
              I14           I15           I16           I17           I18
              ________      ________      ________      ________      ________
 I14            0.806
 I15            0.535         0.899
 I16            0.402         0.567         0.901
 I17            0.420         0.523         0.456         0.843
 I18            0.466         0.553         0.543         0.456         0.982
 I20            0.427         0.555         0.422         0.360         0.402


           Covariances
              I20
              ________
 I20            0.804


           Correlations
              I2            I3            I4            I5            I6
              ________      ________      ________      ________      ________
 I2             1.000
 I3             0.447         1.000
 I4             0.525         0.483         1.000
 I5             0.428         0.563         0.572         1.000
 I6             0.318         0.503         0.502         0.587         1.000
 I7             0.436         0.484         0.507         0.526         0.474
 I8             0.547         0.473         0.602         0.501         0.463
 I9             0.465         0.351         0.428         0.461         0.384
 I10            0.282         0.328         0.314         0.229         0.176
 I11            0.451         0.414         0.461         0.418         0.431
 I14            0.448         0.480         0.572         0.602         0.541
 I15            0.590         0.495         0.654         0.581         0.459
 I16            0.462         0.414         0.495         0.486         0.317
 I17            0.443         0.461         0.512         0.532         0.426
 I18            0.477         0.380         0.525         0.500         0.345
 I20            0.514         0.441         0.468         0.473         0.496


           Correlations
              I7            I8            I9            I10           I11
              ________      ________      ________      ________      ________
 I7             1.000
 I8             0.519         1.000
 I9             0.393         0.574         1.000
 I10            0.330         0.371         0.408         1.000
 I11            0.473         0.607         0.567         0.318         1.000
 I14            0.560         0.489         0.460         0.219         0.523
 I15            0.600         0.700         0.605         0.336         0.612
 I16            0.411         0.544         0.567         0.406         0.550
 I17            0.522         0.548         0.451         0.312         0.471
 I18            0.344         0.475         0.587         0.357         0.544
 I20            0.466         0.529         0.500         0.226         0.536


           Correlations
              I14           I15           I16           I17           I18
              ________      ________      ________      ________      ________
 I14            1.000
 I15            0.629         1.000
 I16            0.471         0.630         1.000
 I17            0.509         0.601         0.523         1.000
 I18            0.524         0.588         0.577         0.502         1.000
 I20            0.531         0.653         0.496         0.437         0.452


           Correlations
              I20
              ________
 I20            1.000


THE MODEL ESTIMATION TERMINATED NORMALLY



MODEL FIT INFORMATION

Number of Free Parameters                       49

Loglikelihood

          H0 Value                       -3749.557
          H1 Value                       -3652.952

Information Criteria

          Akaike (AIC)                    7597.113
          Bayesian (BIC)                  7763.178
          Sample-Size Adjusted BIC        7607.899
            (n* = (n + 2) / 24)

Chi-Square Test of Model Fit

          Value                            193.209
          Degrees of Freedom                   103
          P-Value                           0.0000

RMSEA (Root Mean Square Error Of Approximation)

          Estimate                           0.063
          90 Percent C.I.                    0.049  0.077
          Probability RMSEA <= .05           0.058

CFI/TLI

          CFI                                0.953
          TLI                                0.945

Chi-Square Test of Model Fit for the Baseline Model

          Value                           2019.842
          Degrees of Freedom                   120
          P-Value                           0.0000

SRMR (Standardized Root Mean Square Residual)

          Value                              0.042



MODEL RESULTS

                                                    Two-Tailed
                    Estimate       S.E.  Est./S.E.    P-Value

 F1       BY
    I3                 1.000      0.000    999.000    999.000
    I4                 1.094      0.112      9.799      0.000
    I5                 1.167      0.116     10.022      0.000
    I6                 1.024      0.114      8.956      0.000
    I7                 0.976      0.105      9.336      0.000
    I14                1.077      0.108      9.969      0.000
    I17                1.010      0.109      9.270      0.000
    I20                0.974      0.107      9.137      0.000

 F2       BY
    I2                 1.000      0.000    999.000    999.000
    I8                 1.208      0.116     10.413      0.000
    I9                 1.204      0.125      9.637      0.000
    I10                0.721      0.116      6.219      0.000
    I11                1.048      0.108      9.722      0.000
    I15                1.465      0.130     11.290      0.000
    I16                1.238      0.127      9.730      0.000
    I18                1.247      0.132      9.453      0.000

 F2       WITH
    F1                 0.324      0.049      6.607      0.000

 Intercepts
    I2                 2.005      0.057     35.262      0.000
    I3                 2.064      0.065     31.873      0.000
    I4                 1.900      0.063     30.196      0.000
    I5                 1.740      0.066     26.281      0.000
    I6                 1.858      0.066     28.179      0.000
    I7                 2.014      0.060     33.728      0.000
    I8                 2.169      0.058     37.234      0.000
    I9                 2.023      0.063     32.064      0.000
    I10                2.128      0.061     34.887      0.000
    I11                2.160      0.054     39.776      0.000
    I14                1.895      0.061     31.230      0.000
    I15                1.968      0.064     30.725      0.000
    I16                2.174      0.064     33.879      0.000
    I17                2.082      0.062     33.569      0.000
    I18                2.005      0.067     29.940      0.000
    I20                2.068      0.061     34.149      0.000

 Variances
    F1                 0.406      0.075      5.379      0.000
    F2                 0.316      0.058      5.442      0.000

 Residual Variances
    I2                 0.392      0.040      9.804      0.000
    I3                 0.512      0.053      9.707      0.000
    I4                 0.381      0.041      9.273      0.000
    I5                 0.407      0.045      9.110      0.000
    I6                 0.527      0.055      9.631      0.000
    I7                 0.394      0.041      9.546      0.000
    I8                 0.282      0.031      9.103      0.000
    I9                 0.414      0.044      9.491      0.000
    I10                0.650      0.063     10.248      0.000
    I11                0.299      0.032      9.486      0.000
    I14                0.335      0.037      9.138      0.000
    I15                0.221      0.028      7.884      0.000
    I16                0.417      0.044      9.481      0.000
    I17                0.428      0.045      9.555      0.000
    I18                0.491      0.051      9.597      0.000
    I20                0.418      0.044      9.564      0.000


STANDARDIZED MODEL RESULTS


STDYX Standardization

                                                    Two-Tailed
                    Estimate       S.E.  Est./S.E.    P-Value

 F1       BY
    I3                 0.665      0.041     16.206      0.000
    I4                 0.749      0.033     22.593      0.000
    I5                 0.759      0.032     23.471      0.000
    I6                 0.668      0.041     16.295      0.000
    I7                 0.704      0.037     18.812      0.000
    I14                0.764      0.032     24.177      0.000
    I17                0.701      0.038     18.607      0.000
    I20                0.692      0.039     17.926      0.000

 F2       BY
    I2                 0.668      0.040     16.600      0.000
    I8                 0.787      0.029     27.327      0.000
    I9                 0.725      0.035     20.592      0.000
    I10                0.449      0.057      7.915      0.000
    I11                0.733      0.034     21.368      0.000
    I15                0.869      0.020     42.671      0.000
    I16                0.733      0.034     21.354      0.000
    I18                0.707      0.037     19.190      0.000

 F2       WITH
    F1                 0.904      0.022     42.027      0.000

 Intercepts
    I2                 2.383      0.132     17.997      0.000
    I3                 2.154      0.123     17.494      0.000
    I4                 2.040      0.119     17.201      0.000
    I5                 1.776      0.108     16.372      0.000
    I6                 1.904      0.113     16.801      0.000
    I7                 2.279      0.128     17.783      0.000
    I8                 2.516      0.138     18.244      0.000
    I9                 2.167      0.124     17.526      0.000
    I10                2.357      0.131     17.947      0.000
    I11                2.688      0.145     18.521      0.000
    I14                2.110      0.121     17.386      0.000
    I15                2.076      0.120     17.297      0.000
    I16                2.289      0.129     17.805      0.000
    I17                2.268      0.128     17.760      0.000
    I18                2.023      0.118     17.153      0.000
    I20                2.308      0.129     17.844      0.000

 Variances
    F1                 1.000      0.000    999.000    999.000
    F2                 1.000      0.000    999.000    999.000

 Residual Variances
    I2                 0.554      0.054     10.303      0.000
    I3                 0.558      0.055     10.231      0.000
    I4                 0.440      0.050      8.862      0.000
    I5                 0.424      0.049      8.625      0.000
    I6                 0.553      0.055     10.100      0.000
    I7                 0.505      0.053      9.584      0.000
    I8                 0.380      0.045      8.374      0.000
    I9                 0.475      0.051      9.299      0.000
    I10                0.798      0.051     15.672      0.000
    I11                0.463      0.050      9.210      0.000
    I14                0.416      0.048      8.602      0.000
    I15                0.246      0.035      6.945      0.000
    I16                0.463      0.050      9.205      0.000
    I17                0.508      0.053      9.623      0.000
    I18                0.500      0.052      9.597      0.000
    I20                0.521      0.053      9.733      0.000


STDY Standardization

                                                    Two-Tailed
                    Estimate       S.E.  Est./S.E.    P-Value

 F1       BY
    I3                 0.665      0.041     16.206      0.000
    I4                 0.749      0.033     22.593      0.000
    I5                 0.759      0.032     23.471      0.000
    I6                 0.668      0.041     16.295      0.000
    I7                 0.704      0.037     18.812      0.000
    I14                0.764      0.032     24.177      0.000
    I17                0.701      0.038     18.607      0.000
    I20                0.692      0.039     17.926      0.000

 F2       BY
    I2                 0.668      0.040     16.600      0.000
    I8                 0.787      0.029     27.327      0.000
    I9                 0.725      0.035     20.592      0.000
    I10                0.449      0.057      7.915      0.000
    I11                0.733      0.034     21.368      0.000
    I15                0.869      0.020     42.671      0.000
    I16                0.733      0.034     21.354      0.000
    I18                0.707      0.037     19.190      0.000

 F2       WITH
    F1                 0.904      0.022     42.027      0.000

 Intercepts
    I2                 2.383      0.132     17.997      0.000
    I3                 2.154      0.123     17.494      0.000
    I4                 2.040      0.119     17.201      0.000
    I5                 1.776      0.108     16.372      0.000
    I6                 1.904      0.113     16.801      0.000
    I7                 2.279      0.128     17.783      0.000
    I8                 2.516      0.138     18.244      0.000
    I9                 2.167      0.124     17.526      0.000
    I10                2.357      0.131     17.947      0.000
    I11                2.688      0.145     18.521      0.000
    I14                2.110      0.121     17.386      0.000
    I15                2.076      0.120     17.297      0.000
    I16                2.289      0.129     17.805      0.000
    I17                2.268      0.128     17.760      0.000
    I18                2.023      0.118     17.153      0.000
    I20                2.308      0.129     17.844      0.000

 Variances
    F1                 1.000      0.000    999.000    999.000
    F2                 1.000      0.000    999.000    999.000

 Residual Variances
    I2                 0.554      0.054     10.303      0.000
    I3                 0.558      0.055     10.231      0.000
    I4                 0.440      0.050      8.862      0.000
    I5                 0.424      0.049      8.625      0.000
    I6                 0.553      0.055     10.100      0.000
    I7                 0.505      0.053      9.584      0.000
    I8                 0.380      0.045      8.374      0.000
    I9                 0.475      0.051      9.299      0.000
    I10                0.798      0.051     15.672      0.000
    I11                0.463      0.050      9.210      0.000
    I14                0.416      0.048      8.602      0.000
    I15                0.246      0.035      6.945      0.000
    I16                0.463      0.050      9.205      0.000
    I17                0.508      0.053      9.623      0.000
    I18                0.500      0.052      9.597      0.000
    I20                0.521      0.053      9.733      0.000


STD Standardization

                                                    Two-Tailed
                    Estimate       S.E.  Est./S.E.    P-Value

 F1       BY
    I3                 0.637      0.059     10.759      0.000
    I4                 0.697      0.055     12.650      0.000
    I5                 0.744      0.058     12.875      0.000
    I6                 0.652      0.060     10.798      0.000
    I7                 0.622      0.054     11.614      0.000
    I14                0.686      0.053     13.027      0.000
    I17                0.644      0.056     11.552      0.000
    I20                0.621      0.055     11.343      0.000

 F2       BY
    I2                 0.562      0.052     10.885      0.000
    I8                 0.679      0.050     13.662      0.000
    I9                 0.677      0.056     12.119      0.000
    I10                0.405      0.060      6.759      0.000
    I11                0.589      0.048     12.321      0.000
    I15                0.823      0.052     15.904      0.000
    I16                0.696      0.056     12.318      0.000
    I18                0.701      0.060     11.719      0.000

 F2       WITH
    F1                 0.904      0.022     42.027      0.000

 Intercepts
    I2                 2.005      0.057     35.262      0.000
    I3                 2.064      0.065     31.873      0.000
    I4                 1.900      0.063     30.196      0.000
    I5                 1.740      0.066     26.281      0.000
    I6                 1.858      0.066     28.179      0.000
    I7                 2.014      0.060     33.728      0.000
    I8                 2.169      0.058     37.234      0.000
    I9                 2.023      0.063     32.064      0.000
    I10                2.128      0.061     34.887      0.000
    I11                2.160      0.054     39.776      0.000
    I14                1.895      0.061     31.230      0.000
    I15                1.968      0.064     30.725      0.000
    I16                2.174      0.064     33.879      0.000
    I17                2.082      0.062     33.569      0.000
    I18                2.005      0.067     29.940      0.000
    I20                2.068      0.061     34.149      0.000

 Variances
    F1                 1.000      0.000    999.000    999.000
    F2                 1.000      0.000    999.000    999.000

 Residual Variances
    I2                 0.392      0.040      9.804      0.000
    I3                 0.512      0.053      9.707      0.000
    I4                 0.381      0.041      9.273      0.000
    I5                 0.407      0.045      9.110      0.000
    I6                 0.527      0.055      9.631      0.000
    I7                 0.394      0.041      9.546      0.000
    I8                 0.282      0.031      9.103      0.000
    I9                 0.414      0.044      9.491      0.000
    I10                0.650      0.063     10.248      0.000
    I11                0.299      0.032      9.486      0.000
    I14                0.335      0.037      9.138      0.000
    I15                0.221      0.028      7.884      0.000
    I16                0.417      0.044      9.481      0.000
    I17                0.428      0.045      9.555      0.000
    I18                0.491      0.051      9.597      0.000
    I20                0.418      0.044      9.564      0.000


R-SQUARE

    Observed                                        Two-Tailed
    Variable        Estimate       S.E.  Est./S.E.    P-Value

    I2                 0.446      0.054      8.300      0.000
    I3                 0.442      0.055      8.103      0.000
    I4                 0.560      0.050     11.297      0.000
    I5                 0.576      0.049     11.735      0.000
    I6                 0.447      0.055      8.148      0.000
    I7                 0.495      0.053      9.406      0.000
    I8                 0.620      0.045     13.663      0.000
    I9                 0.525      0.051     10.296      0.000
    I10                0.202      0.051      3.957      0.000
    I11                0.537      0.050     10.684      0.000
    I14                0.584      0.048     12.088      0.000
    I15                0.754      0.035     21.336      0.000
    I16                0.537      0.050     10.677      0.000
    I17                0.492      0.053      9.304      0.000
    I18                0.500      0.052      9.595      0.000
    I20                0.479      0.053      8.963      0.000


QUALITY OF NUMERICAL RESULTS

     Condition Number for the Information Matrix              0.461E-03
       (ratio of smallest to largest eigenvalue)


RESIDUAL OUTPUT


     ESTIMATED MODEL AND RESIDUALS (OBSERVED - ESTIMATED)


           Model Estimated Means/Intercepts/Thresholds
              I2            I3            I4            I5            I6
              ________      ________      ________      ________      ________
      1         2.005         2.064         1.900         1.740         1.858


           Model Estimated Means/Intercepts/Thresholds
              I7            I8            I9            I10           I11
              ________      ________      ________      ________      ________
      1         2.014         2.169         2.023         2.128         2.160


           Model Estimated Means/Intercepts/Thresholds
              I14           I15           I16           I17           I18
              ________      ________      ________      ________      ________
      1         1.895         1.968         2.174         2.082         2.005


           Model Estimated Means/Intercepts/Thresholds
              I20
              ________
      1         2.068


           Residuals for Means/Intercepts/Thresholds
              I2            I3            I4            I5            I6
              ________      ________      ________      ________      ________
      1         0.000         0.000         0.000         0.000         0.000


           Residuals for Means/Intercepts/Thresholds
              I7            I8            I9            I10           I11
              ________      ________      ________      ________      ________
      1         0.000         0.000         0.000         0.000         0.000


           Residuals for Means/Intercepts/Thresholds
              I14           I15           I16           I17           I18
              ________      ________      ________      ________      ________
      1         0.000         0.000         0.000         0.000         0.000


           Residuals for Means/Intercepts/Thresholds
              I20
              ________
      1         0.000


           Standardized Residuals (z-scores) for Means/Intercepts/Thresholds
              I2            I3            I4            I5            I6
              ________      ________      ________      ________      ________
      1         0.000         0.000         0.000         0.000         0.000


           Standardized Residuals (z-scores) for Means/Intercepts/Thresholds
              I7            I8            I9            I10           I11
              ________      ________      ________      ________      ________
      1         0.000         0.000         0.000         0.000         0.000


           Standardized Residuals (z-scores) for Means/Intercepts/Thresholds
              I14           I15           I16           I17           I18
              ________      ________      ________      ________      ________
      1         0.000         0.000         0.000         0.000         0.000


           Standardized Residuals (z-scores) for Means/Intercepts/Thresholds
              I20
              ________
      1         0.000


           Normalized Residuals for Means/Intercepts/Thresholds
              I2            I3            I4            I5            I6
              ________      ________      ________      ________      ________
      1         0.000         0.000         0.000         0.000         0.000


           Normalized Residuals for Means/Intercepts/Thresholds
              I7            I8            I9            I10           I11
              ________      ________      ________      ________      ________
      1         0.000         0.000         0.000         0.000         0.000


           Normalized Residuals for Means/Intercepts/Thresholds
              I14           I15           I16           I17           I18
              ________      ________      ________      ________      ________
      1         0.000         0.000         0.000         0.000         0.000


           Normalized Residuals for Means/Intercepts/Thresholds
              I20
              ________
      1         0.000


           Model Estimated Covariances/Correlations/Residual Correlations
              I2            I3            I4            I5            I6
              ________      ________      ________      ________      ________
 I2             0.708
 I3             0.324         0.918
 I4             0.354         0.444         0.867
 I5             0.378         0.474         0.518         0.960
 I6             0.331         0.415         0.454         0.485         0.953
 I7             0.316         0.396         0.433         0.462         0.406
 I8             0.381         0.391         0.427         0.456         0.400
 I9             0.380         0.390         0.426         0.455         0.399
 I10            0.228         0.233         0.255         0.272         0.239
 I11            0.331         0.339         0.371         0.396         0.347
 I14            0.349         0.437         0.478         0.510         0.448
 I15            0.463         0.474         0.519         0.553         0.485
 I16            0.391         0.401         0.438         0.468         0.410
 I17            0.327         0.410         0.448         0.479         0.420
 I18            0.394         0.403         0.441         0.471         0.413
 I20            0.315         0.395         0.433         0.462         0.405


           Model Estimated Covariances/Correlations/Residual Correlations
              I7            I8            I9            I10           I11
              ________      ________      ________      ________      ________
 I7             0.781
 I8             0.381         0.743
 I9             0.380         0.459         0.872
 I10            0.228         0.275         0.274         0.815
 I11            0.331         0.400         0.399         0.239         0.646
 I14            0.427         0.421         0.420         0.251         0.365
 I15            0.463         0.559         0.557         0.334         0.485
 I16            0.391         0.472         0.471         0.282         0.410
 I17            0.400         0.395         0.394         0.236         0.342
 I18            0.394         0.476         0.474         0.284         0.413
 I20            0.386         0.381         0.380         0.227         0.330


           Model Estimated Covariances/Correlations/Residual Correlations
              I14           I15           I16           I17           I18
              ________      ________      ________      ________      ________
 I14            0.806
 I15            0.511         0.899
 I16            0.432         0.573         0.901
 I17            0.442         0.479         0.405         0.843
 I18            0.435         0.577         0.487         0.407         0.982
 I20            0.426         0.462         0.390         0.399         0.393


           Model Estimated Covariances/Correlations/Residual Correlations
              I20
              ________
 I20            0.804


           Residuals for Covariances/Correlations/Residual Correlations
              I2            I3            I4            I5            I6
              ________      ________      ________      ________      ________
 I2             0.000
 I3             0.037         0.000
 I4             0.058        -0.013         0.000
 I5            -0.025         0.054         0.004         0.000
 I6            -0.070         0.055         0.002         0.076         0.000
 I7             0.008         0.014        -0.016        -0.007         0.003
 I8             0.015         0.000         0.055        -0.033        -0.011
 I9            -0.015        -0.076        -0.054        -0.033        -0.049
 I10           -0.014         0.051         0.009        -0.070        -0.084
 I11           -0.026        -0.020        -0.026        -0.067        -0.009
 I14           -0.010        -0.024         0.000         0.019         0.026
 I15            0.008        -0.024         0.058        -0.014        -0.061
 I16           -0.022        -0.024        -0.001        -0.016        -0.116
 I17            0.015        -0.004        -0.011        -0.001        -0.038
 I18            0.004        -0.043         0.043         0.014        -0.079
 I20            0.073        -0.016        -0.042        -0.047         0.030


           Residuals for Covariances/Correlations/Residual Correlations
              I7            I8            I9            I10           I11
              ________      ________      ________      ________      ________
 I7             0.000
 I8             0.014         0.000
 I9            -0.056         0.003         0.000
 I10            0.035         0.014         0.070         0.000
 I11            0.005         0.021         0.027        -0.008         0.000
 I14            0.018        -0.043        -0.034        -0.074         0.012
 I15            0.040         0.013        -0.022        -0.046        -0.019
 I16           -0.046        -0.027         0.032         0.066         0.010
 I17            0.023         0.039        -0.007         0.023         0.005
 I18           -0.092        -0.070         0.069         0.035         0.021
 I20           -0.017         0.028         0.039        -0.044         0.056


           Residuals for Covariances/Correlations/Residual Correlations
              I14           I15           I16           I17           I18
              ________      ________      ________      ________      ________
 I14            0.000
 I15            0.025         0.000
 I16           -0.030        -0.006         0.000
 I17           -0.022         0.044         0.051         0.000
 I18            0.032        -0.024         0.055         0.049         0.000
 I20            0.001         0.093         0.032        -0.040         0.009


           Residuals for Covariances/Correlations/Residual Correlations
              I20
              ________
 I20            0.000


           Standardized Residuals (z-scores) for Covariances/Correlations/Residual Corr
              I2            I3            I4            I5            I6
              ________      ________      ________      ________      ________
 I2             0.000
 I3             1.083         0.000
 I4             1.842        -0.499         0.000
 I5            -0.886         1.765         0.153         0.000
 I6            -2.326         1.573         0.060         2.361         0.000
 I7             0.289         0.492        -0.751        -0.299         0.100
 I8             0.713         0.008         1.971        -1.459        -0.384
 I9            -0.631        -2.519        -2.097        -1.168        -1.514
 I10           -0.426         1.192         0.240        -1.965        -2.090
 I11           -1.319        -0.740        -1.135        -3.074        -0.325
 I14           -0.391        -1.051        -0.013         0.853         0.984
 I15            0.460        -1.034         2.203        -0.649        -2.812
 I16           -0.930        -0.718        -0.022        -0.540        -3.992
 I17            0.506        -0.150        -0.473        -0.025        -1.415
 I18            0.130        -1.241         1.267         0.421        -2.343
 I20            2.235        -0.586        -2.033        -2.212         0.967


           Standardized Residuals (z-scores) for Covariances/Correlations/Residual Corr
              I7            I8            I9            I10           I11
              ________      ________      ________      ________      ________
 I7             0.000
 I8             0.529         0.000
 I9            -2.114         0.125         0.000
 I10            0.944         0.509         1.969         0.000
 I11            0.188         1.100         1.173        -0.288         0.000
 I14            0.772        -2.201        -1.322        -2.286         0.503
 I15            1.568         0.876        -1.717        -2.440        -1.690
 I16           -1.702        -1.522         1.176         1.852         0.458
 I17            0.882         1.394        -0.243         0.603         0.195
 I18           -3.369        -4.505         2.160         0.944         0.833
 I20           -0.719         1.050         1.206        -1.225         1.955


           Standardized Residuals (z-scores) for Covariances/Correlations/Residual Corr
              I14           I15           I16           I17           I18
              ________      ________      ________      ________      ________
 I14            0.000
 I15            1.093         0.000
 I16           -1.153        -0.366         0.000
 I17           -1.068         1.695         1.525         0.000
 I18            0.990        -1.668         1.766         1.363         0.000
 I20            0.057         3.152         0.992        -1.709         0.260


           Standardized Residuals (z-scores) for Covariances/Correlations/Residual Corr
              I20
              ________
 I20            0.000


           Normalized Residuals for Covariances/Correlations/Residual Correlations
              I2            I3            I4            I5            I6
              ________      ________      ________      ________      ________
 I2             0.000
 I3             0.619         0.000
 I4             0.962        -0.192         0.000
 I5            -0.411         0.745         0.049         0.000
 I6            -1.207         0.774         0.024         1.018         0.000
 I7             0.152         0.219        -0.264        -0.104         0.043
 I8             0.270         0.004         0.873        -0.521        -0.173
 I9            -0.258        -1.187        -0.846        -0.491        -0.737
 I10           -0.257         0.825         0.147        -1.145        -1.386
 I11           -0.513        -0.364        -0.468        -1.154        -0.162
 I14           -0.182        -0.374        -0.004         0.278         0.388
 I15            0.125        -0.357         0.817        -0.190        -0.880
 I16           -0.368        -0.353        -0.010        -0.230        -1.767
 I17            0.268        -0.065        -0.170        -0.009        -0.581
 I18            0.057        -0.625         0.615         0.195        -1.142
 I20            1.267        -0.256        -0.676        -0.709         0.448


           Normalized Residuals for Covariances/Correlations/Residual Correlations
              I7            I8            I9            I10           I11
              ________      ________      ________      ________      ________
 I7             0.000
 I8             0.233         0.000
 I9            -0.942         0.040         0.000
 I10            0.623         0.246         1.135         0.000
 I11            0.090         0.379         0.464        -0.154         0.000
 I14            0.286        -0.731        -0.542        -1.312         0.223
 I15            0.607         0.189        -0.318        -0.762        -0.307
 I16           -0.756        -0.424         0.465         1.052         0.171
 I17            0.378         0.637        -0.116         0.395         0.093
 I18           -1.477        -1.094         0.954         0.547         0.335
 I20           -0.288         0.470         0.616        -0.790         1.014


           Normalized Residuals for Covariances/Correlations/Residual Correlations
              I14           I15           I16           I17           I18
              ________      ________      ________      ________      ________
 I14            0.000
 I15            0.364         0.000
 I16           -0.467        -0.078         0.000
 I17           -0.354         0.646         0.774         0.000
 I18            0.467        -0.328         0.752         0.710         0.000
 I20            0.021         1.355         0.493        -0.655         0.130


           Normalized Residuals for Covariances/Correlations/Residual Correlations
              I20
              ________
 I20            0.000


MODEL MODIFICATION INDICES

NOTE:  Modification indices for direct effects of observed dependent variables
regressed on covariates may not be included.  To include these, request
MODINDICES (ALL).

Minimum M.I. value for printing the modification index     0.000

                            M.I.     E.P.C.  Std E.P.C.  StdYX E.P.C.

BY Statements

F1       BY I2              0.741     0.205      0.131        0.155
F1       BY I8              0.219     0.102      0.065        0.075
F1       BY I9              6.686    -0.650     -0.414       -0.443
F1       BY I10             1.579    -0.369     -0.235       -0.260
F1       BY I11             0.353    -0.128     -0.081       -0.101
F1       BY I15             8.715     0.654      0.417        0.440
F1       BY I16             1.675    -0.328     -0.209       -0.220
F1       BY I18             0.050    -0.061     -0.039       -0.039
F2       BY I3              1.690    -0.406     -0.228       -0.238
F2       BY I4              4.417     0.596      0.335        0.360
F2       BY I5              5.317    -0.682     -0.383       -0.391
F2       BY I6             14.650    -1.214     -0.682       -0.699
F2       BY I7              0.180    -0.118     -0.067       -0.075
F2       BY I14             0.451    -0.181     -0.102       -0.113
F2       BY I17             5.734     0.696      0.391        0.426
F2       BY I20            15.359     1.120      0.630        0.702

WITH Statements

I3       WITH I2            2.007     0.046      0.046        0.102
I4       WITH I2            2.465     0.045      0.045        0.116
I4       WITH I3            0.232    -0.016     -0.016       -0.036
I5       WITH I2            0.534    -0.022     -0.022       -0.054
I5       WITH I3            3.911     0.069      0.069        0.150
I5       WITH I4            0.024     0.005      0.005        0.012
I6       WITH I2            2.764    -0.055     -0.055       -0.120
I6       WITH I3            2.867     0.065      0.065        0.124
I6       WITH I4            0.004     0.002      0.002        0.005
I6       WITH I5            7.534     0.097      0.097        0.209
I7       WITH I2            0.038     0.006      0.006        0.014
I7       WITH I3            0.254     0.017      0.017        0.037
I7       WITH I4            0.506    -0.021     -0.021       -0.054
I7       WITH I5            0.083    -0.009     -0.009       -0.022
I7       WITH I6            0.010     0.003      0.003        0.007
I8       WITH I2            0.567     0.019      0.019        0.057
I8       WITH I3            0.158     0.011      0.011        0.030
I8       WITH I4            3.498     0.047      0.047        0.143
I8       WITH I5            0.891    -0.025     -0.025       -0.072
I8       WITH I6            0.825     0.026      0.026        0.068
I8       WITH I7            0.486     0.018      0.018        0.053
I9       WITH I2            0.367    -0.018     -0.018       -0.045
I9       WITH I3            2.425    -0.052     -0.052       -0.114
I9       WITH I4            3.963    -0.059     -0.059       -0.149
I9       WITH I5            0.073     0.008      0.008        0.020
I9       WITH I6            0.047     0.007      0.007        0.016
I9       WITH I7            1.863    -0.041     -0.041       -0.101
I9       WITH I8            0.016     0.003      0.003        0.010
I10      WITH I2            0.176    -0.015     -0.015       -0.030
I10      WITH I3            3.557     0.077      0.077        0.133
I10      WITH I4            0.180     0.015      0.015        0.031
I10      WITH I5            1.915    -0.052     -0.052       -0.100
I10      WITH I6            1.728    -0.054     -0.054       -0.093
I10      WITH I7            2.342     0.055      0.055        0.109
I10      WITH I8            0.268     0.016      0.016        0.038
I10      WITH I9            4.459     0.078      0.078        0.151
I11      WITH I2            1.481    -0.031     -0.031       -0.090
I11      WITH I3            0.070    -0.008     -0.008       -0.019
I11      WITH I4            2.959    -0.043     -0.043       -0.129
I11      WITH I5            4.919    -0.058     -0.058       -0.167
I11      WITH I6            1.016     0.029      0.029        0.074
I11      WITH I7            0.286     0.014      0.014        0.039
I11      WITH I8            1.482     0.028      0.028        0.095
I11      WITH I9            1.611     0.034      0.034        0.096
I11      WITH I10           0.080    -0.009     -0.009       -0.020
I14      WITH I2            0.358    -0.016     -0.016       -0.044
I14      WITH I3            0.945    -0.031     -0.031       -0.074
I14      WITH I4            0.000     0.000      0.000       -0.001
I14      WITH I5            0.827     0.027      0.027        0.072
I14      WITH I6            1.075     0.033      0.033        0.079
I14      WITH I7            0.669     0.023      0.023        0.063
I14      WITH I8            5.032    -0.053     -0.053       -0.173
I14      WITH I9            0.134    -0.010     -0.010       -0.028
I14      WITH I10           3.777    -0.066     -0.066       -0.141
I14      WITH I11           1.122     0.025      0.025        0.080
I15      WITH I2            0.232     0.012      0.012        0.040
I15      WITH I3            1.508    -0.033     -0.033       -0.098
I15      WITH I4            2.319     0.036      0.036        0.125
I15      WITH I5            0.246    -0.012     -0.012       -0.041
I15      WITH I6            2.645    -0.044     -0.044       -0.130
I15      WITH I7            3.433     0.044      0.044        0.149
I15      WITH I8            1.006     0.022      0.022        0.090
I15      WITH I9            1.885    -0.035     -0.035       -0.117
I15      WITH I10           4.510    -0.064     -0.064       -0.168
I15      WITH I11           1.834    -0.030     -0.030       -0.116
I15      WITH I14           1.112     0.024      0.024        0.087
I16      WITH I2            0.770    -0.026     -0.026       -0.065
I16      WITH I3            0.004    -0.002     -0.002       -0.004
I16      WITH I4            0.060    -0.007     -0.007       -0.018
I16      WITH I5            0.278     0.016      0.016        0.040
I16      WITH I6            5.750    -0.082     -0.082       -0.176
I16      WITH I7            1.778    -0.040     -0.040       -0.098
I16      WITH I8            1.753    -0.035     -0.035       -0.103
I16      WITH I9            1.618     0.040      0.040        0.096
I16      WITH I10           3.931     0.074      0.074        0.142
I16      WITH I11           0.222     0.013      0.013        0.036
I16      WITH I14           0.414    -0.018     -0.018       -0.048
I16      WITH I15           0.122    -0.009     -0.009       -0.030
I17      WITH I2            0.082    -0.009     -0.009       -0.021
I17      WITH I3            0.022    -0.005     -0.005       -0.011
I17      WITH I4            0.208    -0.014     -0.014       -0.035
I17      WITH I5            0.001    -0.001     -0.001       -0.002
I17      WITH I6            1.706    -0.046     -0.046       -0.097
I17      WITH I7            0.872     0.029      0.029        0.070
I17      WITH I8            0.617     0.021      0.021        0.059
I17      WITH I9            0.074    -0.008     -0.008       -0.020
I17      WITH I10           0.519     0.027      0.027        0.051
I17      WITH I11           0.129    -0.009     -0.009       -0.026
I17      WITH I14           0.974    -0.029     -0.029       -0.076
I17      WITH I15           0.169     0.010      0.010        0.033
I17      WITH I16           2.491     0.049      0.049        0.116
I18      WITH I2            0.017     0.004      0.004        0.010
I18      WITH I3            0.841    -0.033     -0.033       -0.067
I18      WITH I4            1.211     0.035      0.035        0.082
I18      WITH I5            1.597     0.042      0.042        0.094
I18      WITH I6            1.632    -0.047     -0.047       -0.093
I18      WITH I7           10.135    -0.103     -0.103       -0.233
I18      WITH I8           10.008    -0.091     -0.091       -0.243
I18      WITH I9            6.289     0.084      0.084        0.187
I18      WITH I10           0.941     0.039      0.039        0.069
I18      WITH I11           0.770     0.025      0.025        0.066
I18      WITH I14           2.409     0.047      0.047        0.116
I18      WITH I15           1.840    -0.038     -0.038       -0.114
I18      WITH I16           3.990     0.068      0.068        0.149
I18      WITH I17           1.145     0.036      0.036        0.078
I20      WITH I2            2.480     0.046      0.046        0.114
I20      WITH I3            0.322    -0.019     -0.019       -0.042
I20      WITH I4            3.099    -0.054     -0.054       -0.134
I20      WITH I5            3.590    -0.060     -0.060       -0.145
I20      WITH I6            1.040     0.035      0.035        0.075
I20      WITH I7            0.472    -0.021     -0.021       -0.051
I20      WITH I8            0.098    -0.008     -0.008       -0.024
I20      WITH I9            1.038     0.031      0.031        0.075
I20      WITH I10           2.289    -0.056     -0.056       -0.107
I20      WITH I11           2.164     0.038      0.038        0.108
I20      WITH I14           0.003     0.002      0.002        0.004
I20      WITH I15           5.763     0.059      0.059        0.193
I20      WITH I16           0.113     0.010      0.010        0.025
I20      WITH I17           2.364    -0.049     -0.049       -0.115
I20      WITH I18           0.620    -0.026     -0.026       -0.058


TECHNICAL 1 OUTPUT


     PARAMETER SPECIFICATION


           NU
              I2            I3            I4            I5            I6
              ________      ________      ________      ________      ________
      1           1             2             3             4             5


           NU
              I7            I8            I9            I10           I11
              ________      ________      ________      ________      ________
      1           6             7             8             9            10


           NU
              I14           I15           I16           I17           I18
              ________      ________      ________      ________      ________
      1          11            12            13            14            15


           NU
              I20
              ________
      1          16


           LAMBDA
              F1            F2
              ________      ________
 I2                 0             0
 I3                 0             0
 I4                17             0
 I5                18             0
 I6                19             0
 I7                20             0
 I8                 0            21
 I9                 0            22
 I10                0            23
 I11                0            24
 I14               25             0
 I15                0            26
 I16                0            27
 I17               28             0
 I18                0            29
 I20               30             0


           THETA
              I2            I3            I4            I5            I6
              ________      ________      ________      ________      ________
 I2                31
 I3                 0            32
 I4                 0             0            33
 I5                 0             0             0            34
 I6                 0             0             0             0            35
 I7                 0             0             0             0             0
 I8                 0             0             0             0             0
 I9                 0             0             0             0             0
 I10                0             0             0             0             0
 I11                0             0             0             0             0
 I14                0             0             0             0             0
 I15                0             0             0             0             0
 I16                0             0             0             0             0
 I17                0             0             0             0             0
 I18                0             0             0             0             0
 I20                0             0             0             0             0


           THETA
              I7            I8            I9            I10           I11
              ________      ________      ________      ________      ________
 I7                36
 I8                 0            37
 I9                 0             0            38
 I10                0             0             0            39
 I11                0             0             0             0            40
 I14                0             0             0             0             0
 I15                0             0             0             0             0
 I16                0             0             0             0             0
 I17                0             0             0             0             0
 I18                0             0             0             0             0
 I20                0             0             0             0             0


           THETA
              I14           I15           I16           I17           I18
              ________      ________      ________      ________      ________
 I14               41
 I15                0            42
 I16                0             0            43
 I17                0             0             0            44
 I18                0             0             0             0            45
 I20                0             0             0             0             0


           THETA
              I20
              ________
 I20               46


           ALPHA
              F1            F2
              ________      ________
      1           0             0


           BETA
              F1            F2
              ________      ________
 F1                 0             0
 F2                 0             0


           PSI
              F1            F2
              ________      ________
 F1                47
 F2                48            49


     STARTING VALUES


           NU
              I2            I3            I4            I5            I6
              ________      ________      ________      ________      ________
      1         2.005         2.064         1.900         1.740         1.858


           NU
              I7            I8            I9            I10           I11
              ________      ________      ________      ________      ________
      1         2.014         2.169         2.023         2.128         2.160


           NU
              I14           I15           I16           I17           I18
              ________      ________      ________      ________      ________
      1         1.895         1.968         2.174         2.082         2.005


           NU
              I20
              ________
      1         2.068


           LAMBDA
              F1            F2
              ________      ________
 I2             0.000         1.000
 I3             1.000         0.000
 I4             1.015         0.000
 I5             1.176         0.000
 I6             1.052         0.000
 I7             0.930         0.000
 I8             0.000         1.204
 I9             0.000         1.211
 I10            0.000         0.715
 I11            0.000         1.046
 I14            1.045         0.000
 I15            0.000         1.449
 I16            0.000         1.229
 I17            0.935         0.000
 I18            0.000         1.202
 I20            0.874         0.000


           THETA
              I2            I3            I4            I5            I6
              ________      ________      ________      ________      ________
 I2             0.355
 I3             0.000         0.461
 I4             0.000         0.000         0.435
 I5             0.000         0.000         0.000         0.482
 I6             0.000         0.000         0.000         0.000         0.478
 I7             0.000         0.000         0.000         0.000         0.000
 I8             0.000         0.000         0.000         0.000         0.000
 I9             0.000         0.000         0.000         0.000         0.000
 I10            0.000         0.000         0.000         0.000         0.000
 I11            0.000         0.000         0.000         0.000         0.000
 I14            0.000         0.000         0.000         0.000         0.000
 I15            0.000         0.000         0.000         0.000         0.000
 I16            0.000         0.000         0.000         0.000         0.000
 I17            0.000         0.000         0.000         0.000         0.000
 I18            0.000         0.000         0.000         0.000         0.000
 I20            0.000         0.000         0.000         0.000         0.000


           THETA
              I7            I8            I9            I10           I11
              ________      ________      ________      ________      ________
 I7             0.392
 I8             0.000         0.373
 I9             0.000         0.000         0.438
 I10            0.000         0.000         0.000         0.409
 I11            0.000         0.000         0.000         0.000         0.324
 I14            0.000         0.000         0.000         0.000         0.000
 I15            0.000         0.000         0.000         0.000         0.000
 I16            0.000         0.000         0.000         0.000         0.000
 I17            0.000         0.000         0.000         0.000         0.000
 I18            0.000         0.000         0.000         0.000         0.000
 I20            0.000         0.000         0.000         0.000         0.000


           THETA
              I14           I15           I16           I17           I18
              ________      ________      ________      ________      ________
 I14            0.405
 I15            0.000         0.451
 I16            0.000         0.000         0.453
 I17            0.000         0.000         0.000         0.423
 I18            0.000         0.000         0.000         0.000         0.493
 I20            0.000         0.000         0.000         0.000         0.000


           THETA
              I20
              ________
 I20            0.404


           ALPHA
              F1            F2
              ________      ________
      1         0.000         0.000


           BETA
              F1            F2
              ________      ________
 F1             0.000         0.000
 F2             0.000         0.000


           PSI
              F1            F2
              ________      ________
 F1             0.050
 F2             0.000         0.050


     Beginning Time:  14:19:47
        Ending Time:  14:19:47
       Elapsed Time:  00:00:00



MUTHEN & MUTHEN
3463 Stoner Ave.
Los Angeles, CA  90066

Tel: (310) 391-9971
Fax: (310) 391-8971
Web: www.StatModel.com
Support: Support@StatModel.com

Copyright (c) 1998-2012 Muthen & Muthen
