Mplus VERSION 6.12
MUTHEN & MUTHEN
04/20/2014  12:00 AM

INPUT INSTRUCTIONS

  TITLE: CESD data from Gregorich(2006)  Strict
  DATA: FILE = "B:\dropbox\class\CESD_WBdata.dat";
        TYPE IS means cova;
        NGROUPS = 2;
        NOBSERVATIONS = 2004 248;
  VARIABLE: NAMES ARE CESD1 CESD2 CESD7 CESD11 CESD20;
  ANALYSIS: TYPE = MGROUP;
            ITERATIONS=3000;
            ESTIMATOR=ML;
  MODEL:    F1 BY CESD1@1 CESD2 CESD7 CESD11 CESD20;
            [CESD1 CESD2@0 CESD7 CESD11 CESD20];
                    CESD1 (1);
            CESD2 (2);
            CESD7 (3);
            CESD11 (4);
            CESD20 (5);

  MODEL G1: [F1];
  MODEL G2: [F1];
                    CESD1 (1);
            CESD2 (2);
            CESD7 (3);
            CESD11 (4);
            CESD20 (5);
  OUTPUT: sampstat residual;



INPUT READING TERMINATED NORMALLY



CESD data from Gregorich(2006)  Strict

SUMMARY OF ANALYSIS

Number of groups                                                 2
Number of observations
   Group G1                                                   2004
   Group G2                                                    248

Number of dependent variables                                    5
Number of independent variables                                  0
Number of continuous latent variables                            1

Observed dependent variables

  Continuous
   CESD1       CESD2       CESD7       CESD11      CESD20

Continuous latent variables
   F1


Estimator                                                       ML
Information matrix                                        EXPECTED
Maximum number of iterations                                  3000
Convergence criterion                                    0.500D-04
Maximum number of steepest descent iterations                   20

Input data file(s)
  B:\dropbox\class\CESD_WBdata.dat

Input data format  FREE


SAMPLE STATISTICS


     SAMPLE STATISTICS FOR G1


           Means/Intercepts/Thresholds
              CESD1         CESD2         CESD7         CESD11        CESD20
              ________      ________      ________      ________      ________
      1         0.328         0.240         0.486         0.612         0.437


           Covariances/Correlations/Residual Correlations
              CESD1         CESD2         CESD7         CESD11        CESD20
              ________      ________      ________      ________      ________
 CESD1          0.498
 CESD2          0.126         0.427
 CESD7          0.200         0.178         0.765
 CESD11         0.182         0.170         0.273         0.823
 CESD20         0.166         0.162         0.318         0.241         0.631


     SAMPLE STATISTICS FOR G2


           Means/Intercepts/Thresholds
              CESD1         CESD2         CESD7         CESD11        CESD20
              ________      ________      ________      ________      ________
      1         0.351         0.347         0.806         0.589         0.456


           Covariances/Correlations/Residual Correlations
              CESD1         CESD2         CESD7         CESD11        CESD20
              ________      ________      ________      ________      ________
 CESD1          0.496
 CESD2          0.169         0.576
 CESD7          0.194         0.173         1.290
 CESD11         0.141         0.131         0.317         0.875
 CESD20         0.188         0.125         0.344         0.265         0.662


THE MODEL ESTIMATION TERMINATED NORMALLY



MODEL FIT INFORMATION

Number of Free Parameters                       17

Loglikelihood

          H0 Value                      -12526.176
          H1 Value                      -12462.610

Information Criteria

          Akaike (AIC)                   25086.351
          Bayesian (BIC)                 25183.584
          Sample-Size Adjusted BIC       25129.572
            (n* = (n + 2) / 24)

Chi-Square Test of Model Fit

          Value                            127.130
          Degrees of Freedom                    23
          P-Value                           0.0000

Chi-Square Contributions From Each Group

          G1                                32.538
          G2                                94.592

RMSEA (Root Mean Square Error Of Approximation)

          Estimate                           0.063
          90 Percent C.I.                    0.053  0.074
          Probability RMSEA <= .05           0.019

CFI/TLI

          CFI                                0.937
          TLI                                0.946

Chi-Square Test of Model Fit for the Baseline Model

          Value                           1683.907
          Degrees of Freedom                    20
          P-Value                           0.0000

SRMR (Standardized Root Mean Square Residual)

          Value                              0.043



MODEL RESULTS

                                                    Two-Tailed
                    Estimate       S.E.  Est./S.E.    P-Value

Group G1

 F1       BY
    CESD1              1.000      0.000    999.000    999.000
    CESD2              0.928      0.061     15.166      0.000
    CESD7              1.716      0.098     17.430      0.000
    CESD11             1.378      0.087     15.903      0.000
    CESD20             1.466      0.085     17.326      0.000

 Means
    F1                 0.263      0.023     11.242      0.000

 Intercepts
    CESD1              0.059      0.026      2.300      0.021
    CESD2              0.000      0.000    999.000    999.000
    CESD7              0.056      0.038      1.455      0.146
    CESD11             0.235      0.034      6.900      0.000
    CESD20             0.041      0.033      1.251      0.211

 Variances
    F1                 0.118      0.012     10.276      0.000

 Residual Variances
    CESD1              0.376      0.013     29.077      0.000
    CESD2              0.340      0.012     29.290      0.000
    CESD7              0.475      0.021     22.881      0.000
    CESD11             0.597      0.021     28.172      0.000
    CESD20             0.373      0.016     23.621      0.000

Group G2

 F1       BY
    CESD1              1.000      0.000    999.000    999.000
    CESD2              0.928      0.061     15.166      0.000
    CESD7              1.716      0.098     17.430      0.000
    CESD11             1.378      0.087     15.903      0.000
    CESD20             1.466      0.085     17.326      0.000

 Means
    F1                 0.338      0.036      9.291      0.000

 Intercepts
    CESD1              0.059      0.026      2.300      0.021
    CESD2              0.000      0.000    999.000    999.000
    CESD7              0.056      0.038      1.455      0.146
    CESD11             0.235      0.034      6.900      0.000
    CESD20             0.041      0.033      1.251      0.211

 Variances
    F1                 0.141      0.021      6.721      0.000

 Residual Variances
    CESD1              0.376      0.013     29.077      0.000
    CESD2              0.340      0.012     29.290      0.000
    CESD7              0.475      0.021     22.881      0.000
    CESD11             0.597      0.021     28.172      0.000
    CESD20             0.373      0.016     23.621      0.000


QUALITY OF NUMERICAL RESULTS

     Condition Number for the Information Matrix              0.134E-02
       (ratio of smallest to largest eigenvalue)


RESIDUAL OUTPUT


     ESTIMATED MODEL AND RESIDUALS (OBSERVED - ESTIMATED) FOR G1


           Model Estimated Means/Intercepts/Thresholds
              CESD1         CESD2         CESD7         CESD11        CESD20
              ________      ________      ________      ________      ________
      1         0.322         0.244         0.507         0.598         0.427


           Residuals for Means/Intercepts/Thresholds
              CESD1         CESD2         CESD7         CESD11        CESD20
              ________      ________      ________      ________      ________
      1         0.006        -0.004        -0.021         0.014         0.010


           Standardized Residuals (z-scores) for Means/Intercepts/Thresholds
              CESD1         CESD2         CESD7         CESD11        CESD20
              ________      ________      ________      ________      ________
      1         1.303        -1.370       999.000         2.654         2.497


           Normalized Residuals for Means/Intercepts/Thresholds
              CESD1         CESD2         CESD7         CESD11        CESD20
              ________      ________      ________      ________      ________
      1         0.365        -0.280        -1.075         0.689         0.568


           Model Estimated Covariances/Correlations/Residual Correlations
              CESD1         CESD2         CESD7         CESD11        CESD20
              ________      ________      ________      ________      ________
 CESD1          0.494
 CESD2          0.110         0.441
 CESD7          0.203         0.188         0.823
 CESD11         0.163         0.151         0.280         0.822
 CESD20         0.173         0.161         0.298         0.239         0.627


           Residuals for Covariances/Correlations/Residual Correlations
              CESD1         CESD2         CESD7         CESD11        CESD20
              ________      ________      ________      ________      ________
 CESD1          0.003
 CESD2          0.016        -0.015
 CESD7         -0.003        -0.010        -0.058
 CESD11         0.019         0.019        -0.007         0.000
 CESD20        -0.008         0.001         0.020         0.002         0.003


           Standardized Residuals (z-scores) for Covariances/Correlations/Residual Corr
              CESD1         CESD2         CESD7         CESD11        CESD20
              ________      ________      ________      ________      ________
 CESD1          0.637
 CESD2          2.290        -5.261
 CESD7         -0.478        -1.903       999.000
 CESD11         1.983         2.147        -0.928         0.046
 CESD20        -1.120         0.162         3.966         0.219         0.564


           Normalized Residuals for Covariances/Correlations/Residual Correlations
              CESD1         CESD2         CESD7         CESD11        CESD20
              ________      ________      ________      ________      ________
 CESD1          0.218
 CESD2          1.517        -1.087
 CESD7         -0.212        -0.780        -2.413
 CESD11         1.270         1.353        -0.369         0.015
 CESD20        -0.576         0.081         1.184         0.106         0.170


     ESTIMATED MODEL AND RESIDUALS (OBSERVED - ESTIMATED) FOR G2


           Model Estimated Means/Intercepts/Thresholds
              CESD1         CESD2         CESD7         CESD11        CESD20
              ________      ________      ________      ________      ________
      1         0.398         0.314         0.636         0.702         0.537


           Residuals for Means/Intercepts/Thresholds
              CESD1         CESD2         CESD7         CESD11        CESD20
              ________      ________      ________      ________      ________
      1        -0.047         0.033         0.170        -0.113        -0.081


           Standardized Residuals (z-scores) for Means/Intercepts/Thresholds
              CESD1         CESD2         CESD7         CESD11        CESD20
              ________      ________      ________      ________      ________
      1        -1.422         0.849         3.228        -2.645        -2.739


           Normalized Residuals for Means/Intercepts/Thresholds
              CESD1         CESD2         CESD7         CESD11        CESD20
              ________      ________      ________      ________      ________
      1        -1.043         0.687         2.358        -1.904        -1.578


           Model Estimated Covariances/Correlations/Residual Correlations
              CESD1         CESD2         CESD7         CESD11        CESD20
              ________      ________      ________      ________      ________
 CESD1          0.517
 CESD2          0.131         0.461
 CESD7          0.242         0.225         0.890
 CESD11         0.194         0.180         0.334         0.865
 CESD20         0.207         0.192         0.355         0.285         0.676


           Residuals for Covariances/Correlations/Residual Correlations
              CESD1         CESD2         CESD7         CESD11        CESD20
              ________      ________      ________      ________      ________
 CESD1         -0.023
 CESD2          0.037         0.113
 CESD7         -0.049        -0.052         0.395
 CESD11        -0.054        -0.050        -0.018         0.006
 CESD20        -0.020        -0.067        -0.012        -0.021        -0.017


           Standardized Residuals (z-scores) for Covariances/Correlations/Residual Corr
              CESD1         CESD2         CESD7         CESD11        CESD20
              ________      ________      ________      ________      ________
 CESD1         -0.605
 CESD2          1.216         2.368
 CESD7         -1.174        -1.104         3.888
 CESD11        -1.591        -1.285        -0.322         0.090
 CESD20        -0.722        -2.171        -0.281        -0.597        -0.391


           Normalized Residuals for Covariances/Correlations/Residual Correlations
              CESD1         CESD2         CESD7         CESD11        CESD20
              ________      ________      ________      ________      ________
 CESD1         -0.521
 CESD2          1.056         2.186
 CESD7         -0.938        -0.940         3.422
 CESD11        -1.267        -1.094        -0.256         0.077
 CESD20        -0.513        -1.692        -0.197        -0.415        -0.286


     Beginning Time:  00:00:35
        Ending Time:  00:00:36
       Elapsed Time:  00:00:01



MUTHEN & MUTHEN
3463 Stoner Ave.
Los Angeles, CA  90066

Tel: (310) 391-9971
Fax: (310) 391-8971
Web: www.StatModel.com
Support: Support@StatModel.com

Copyright (c) 1998-2011 Muthen & Muthen
