Mplus VERSION 6.12
MUTHEN & MUTHEN
04/20/2014  12:00 AM

INPUT INSTRUCTIONS

  TITLE: CESD data from Gregorich(2006)
  DATA: FILE = "B:\dropbox\class\CESD_WBdata.dat";
        TYPE IS means cova;
        NGROUPS = 2;
        NOBSERVATIONS = 2004 248;
  VARIABLE: NAMES ARE CESD1 CESD2 CESD7 CESD11 CESD20;
  ANALYSIS: TYPE = MGROUP;
            ITERATIONS=3000;
            ESTIMATOR=ML;
  MODEL:    F1 BY CESD1@1 CESD2 CESD7 CESD11 CESD20;
            [CESD1 CESD2@0 CESD7 CESD11 CESD20];
                    CESD1 (1);
            CESD11 (2);
            CESD20 (3);
  MODEL G1: [F1];
  MODEL G2: [F1];
                    CESD1 (1);
            CESD11 (2);
            CESD20 (3);
  OUTPUT: sampstat residual;



INPUT READING TERMINATED NORMALLY



CESD data from Gregorich(2006)

SUMMARY OF ANALYSIS

Number of groups                                                 2
Number of observations
   Group G1                                                   2004
   Group G2                                                    248

Number of dependent variables                                    5
Number of independent variables                                  0
Number of continuous latent variables                            1

Observed dependent variables

  Continuous
   CESD1       CESD2       CESD7       CESD11      CESD20

Continuous latent variables
   F1


Estimator                                                       ML
Information matrix                                        EXPECTED
Maximum number of iterations                                  3000
Convergence criterion                                    0.500D-04
Maximum number of steepest descent iterations                   20

Input data file(s)
  B:\dropbox\class\CESD_WBdata.dat

Input data format  FREE


SAMPLE STATISTICS


     SAMPLE STATISTICS FOR G1


           Means/Intercepts/Thresholds
              CESD1         CESD2         CESD7         CESD11        CESD20
              ________      ________      ________      ________      ________
      1         0.328         0.240         0.486         0.612         0.437


           Covariances/Correlations/Residual Correlations
              CESD1         CESD2         CESD7         CESD11        CESD20
              ________      ________      ________      ________      ________
 CESD1          0.498
 CESD2          0.126         0.427
 CESD7          0.200         0.178         0.765
 CESD11         0.182         0.170         0.273         0.823
 CESD20         0.166         0.162         0.318         0.241         0.631


     SAMPLE STATISTICS FOR G2


           Means/Intercepts/Thresholds
              CESD1         CESD2         CESD7         CESD11        CESD20
              ________      ________      ________      ________      ________
      1         0.351         0.347         0.806         0.589         0.456


           Covariances/Correlations/Residual Correlations
              CESD1         CESD2         CESD7         CESD11        CESD20
              ________      ________      ________      ________      ________
 CESD1          0.496
 CESD2          0.169         0.576
 CESD7          0.194         0.173         1.290
 CESD11         0.141         0.131         0.317         0.875
 CESD20         0.188         0.125         0.344         0.265         0.662


THE MODEL ESTIMATION TERMINATED NORMALLY



MODEL FIT INFORMATION

Number of Free Parameters                       19

Loglikelihood

          H0 Value                      -12486.149
          H1 Value                      -12462.610

Information Criteria

          Akaike (AIC)                   25010.297
          Bayesian (BIC)                 25118.969
          Sample-Size Adjusted BIC       25058.603
            (n* = (n + 2) / 24)

Chi-Square Test of Model Fit

          Value                             47.076
          Degrees of Freedom                    21
          P-Value                           0.0009

Chi-Square Contributions From Each Group

          G1                                17.626
          G2                                29.450

RMSEA (Root Mean Square Error Of Approximation)

          Estimate                           0.033
          90 Percent C.I.                    0.020  0.046
          Probability RMSEA <= .05           0.986

CFI/TLI

          CFI                                0.984
          TLI                                0.985

Chi-Square Test of Model Fit for the Baseline Model

          Value                           1683.907
          Degrees of Freedom                    20
          P-Value                           0.0000

SRMR (Standardized Root Mean Square Residual)

          Value                              0.026



MODEL RESULTS

                                                    Two-Tailed
                    Estimate       S.E.  Est./S.E.    P-Value

Group G1

 F1       BY
    CESD1              1.000      0.000    999.000    999.000
    CESD2              0.927      0.061     15.284      0.000
    CESD7              1.694      0.097     17.552      0.000
    CESD11             1.380      0.086     15.997      0.000
    CESD20             1.475      0.084     17.470      0.000

 Means
    F1                 0.264      0.023     11.375      0.000

 Intercepts
    CESD1              0.061      0.025      2.392      0.017
    CESD2              0.000      0.000    999.000    999.000
    CESD7              0.051      0.037      1.373      0.170
    CESD11             0.238      0.034      7.033      0.000
    CESD20             0.041      0.033      1.268      0.205

 Variances
    F1                 0.121      0.012     10.316      0.000

 Residual Variances
    CESD1              0.376      0.013     29.127      0.000
    CESD2              0.322      0.012     27.673      0.000
    CESD7              0.420      0.020     21.174      0.000
    CESD11             0.596      0.021     28.217      0.000
    CESD20             0.369      0.016     23.511      0.000

Group G2

 F1       BY
    CESD1              1.000      0.000    999.000    999.000
    CESD2              0.927      0.061     15.284      0.000
    CESD7              1.694      0.097     17.552      0.000
    CESD11             1.380      0.086     15.997      0.000
    CESD20             1.475      0.084     17.470      0.000

 Means
    F1                 0.317      0.036      8.890      0.000

 Intercepts
    CESD1              0.061      0.025      2.392      0.017
    CESD2              0.000      0.000    999.000    999.000
    CESD7              0.051      0.037      1.373      0.170
    CESD11             0.238      0.034      7.033      0.000
    CESD20             0.041      0.033      1.268      0.205

 Variances
    F1                 0.125      0.020      6.336      0.000

 Residual Variances
    CESD1              0.376      0.013     29.127      0.000
    CESD2              0.483      0.047     10.287      0.000
    CESD7              0.974      0.100      9.720      0.000
    CESD11             0.596      0.021     28.217      0.000
    CESD20             0.369      0.016     23.511      0.000


QUALITY OF NUMERICAL RESULTS

     Condition Number for the Information Matrix              0.138E-02
       (ratio of smallest to largest eigenvalue)


RESIDUAL OUTPUT


     ESTIMATED MODEL AND RESIDUALS (OBSERVED - ESTIMATED) FOR G1


           Model Estimated Means/Intercepts/Thresholds
              CESD1         CESD2         CESD7         CESD11        CESD20
              ________      ________      ________      ________      ________
      1         0.325         0.244         0.498         0.601         0.430


           Residuals for Means/Intercepts/Thresholds
              CESD1         CESD2         CESD7         CESD11        CESD20
              ________      ________      ________      ________      ________
      1         0.003        -0.004        -0.012         0.011         0.007


           Standardized Residuals (z-scores) for Means/Intercepts/Thresholds
              CESD1         CESD2         CESD7         CESD11        CESD20
              ________      ________      ________      ________      ________
      1         0.788        -1.312        -4.263         2.151         1.874


           Normalized Residuals for Means/Intercepts/Thresholds
              CESD1         CESD2         CESD7         CESD11        CESD20
              ________      ________      ________      ________      ________
      1         0.211        -0.301        -0.596         0.524         0.369


           Model Estimated Covariances/Correlations/Residual Correlations
              CESD1         CESD2         CESD7         CESD11        CESD20
              ________      ________      ________      ________      ________
 CESD1          0.497
 CESD2          0.112         0.426
 CESD7          0.205         0.190         0.767
 CESD11         0.167         0.155         0.283         0.827
 CESD20         0.179         0.165         0.302         0.246         0.632


           Residuals for Covariances/Correlations/Residual Correlations
              CESD1         CESD2         CESD7         CESD11        CESD20
              ________      ________      ________      ________      ________
 CESD1          0.001
 CESD2          0.014         0.001
 CESD7         -0.005        -0.012        -0.002
 CESD11         0.015         0.015        -0.010        -0.004
 CESD20        -0.013        -0.004         0.015        -0.005        -0.002


           Standardized Residuals (z-scores) for Covariances/Correlations/Residual Corr
              CESD1         CESD2         CESD7         CESD11        CESD20
              ________      ________      ________      ________      ________
 CESD1          0.210
 CESD2          1.985         0.365
 CESD7         -0.775        -2.064        -1.140
 CESD11         1.622         1.786        -1.296        -0.550
 CESD20        -2.017        -0.603         2.836        -0.717        -0.337


           Normalized Residuals for Covariances/Correlations/Residual Correlations
              CESD1         CESD2         CESD7         CESD11        CESD20
              ________      ________      ________      ________      ________
 CESD1          0.067
 CESD2          1.294         0.051
 CESD7         -0.350        -0.901        -0.094
 CESD11         1.007         1.105        -0.531        -0.159
 CESD20        -0.965        -0.289         0.905        -0.319        -0.085


     ESTIMATED MODEL AND RESIDUALS (OBSERVED - ESTIMATED) FOR G2


           Model Estimated Means/Intercepts/Thresholds
              CESD1         CESD2         CESD7         CESD11        CESD20
              ________      ________      ________      ________      ________
      1         0.378         0.294         0.588         0.675         0.509


           Residuals for Means/Intercepts/Thresholds
              CESD1         CESD2         CESD7         CESD11        CESD20
              ________      ________      ________      ________      ________
      1        -0.027         0.053         0.218        -0.086        -0.053


           Standardized Residuals (z-scores) for Means/Intercepts/Thresholds
              CESD1         CESD2         CESD7         CESD11        CESD20
              ________      ________      ________      ________      ________
      1        -0.809         1.362         4.101        -1.980        -1.736


           Normalized Residuals for Means/Intercepts/Thresholds
              CESD1         CESD2         CESD7         CESD11        CESD20
              ________      ________      ________      ________      ________
      1        -0.602         1.108         3.032        -1.447        -1.027


           Model Estimated Covariances/Correlations/Residual Correlations
              CESD1         CESD2         CESD7         CESD11        CESD20
              ________      ________      ________      ________      ________
 CESD1          0.500
 CESD2          0.116         0.590
 CESD7          0.211         0.196         1.332
 CESD11         0.172         0.159         0.291         0.834
 CESD20         0.184         0.170         0.312         0.254         0.640


           Residuals for Covariances/Correlations/Residual Correlations
              CESD1         CESD2         CESD7         CESD11        CESD20
              ________      ________      ________      ________      ________
 CESD1         -0.006
 CESD2          0.053        -0.017
 CESD7         -0.018        -0.023        -0.047
 CESD11        -0.032        -0.029         0.024         0.038
 CESD20         0.003        -0.046         0.031         0.010         0.019


           Standardized Residuals (z-scores) for Covariances/Correlations/Residual Corr
              CESD1         CESD2         CESD7         CESD11        CESD20
              ________      ________      ________      ________      ________
 CESD1         -0.166
 CESD2          1.690        -1.017
 CESD7         -0.424        -0.490        -1.193
 CESD11        -0.908        -0.735         0.427         0.555
 CESD20         0.116        -1.452         0.687         0.274         0.425


           Normalized Residuals for Covariances/Correlations/Residual Correlations
              CESD1         CESD2         CESD7         CESD11        CESD20
              ________      ________      ________      ________      ________
 CESD1         -0.145
 CESD2          1.488        -0.324
 CESD7         -0.346        -0.422        -0.406
 CESD11        -0.742        -0.635         0.346         0.482
 CESD20         0.086        -1.154         0.496         0.198         0.319


     Beginning Time:  00:00:37
        Ending Time:  00:00:37
       Elapsed Time:  00:00:00



MUTHEN & MUTHEN
3463 Stoner Ave.
Los Angeles, CA  90066

Tel: (310) 391-9971
Fax: (310) 391-8971
Web: www.StatModel.com
Support: Support@StatModel.com

Copyright (c) 1998-2011 Muthen & Muthen
