Mplus VERSION 6.12
MUTHEN & MUTHEN
04/20/2014  12:00 AM

INPUT INSTRUCTIONS

  TITLE: CESD data from Gregorich(2006)  Strong
  DATA: FILE = "B:\dropbox\class\CESD_WBdata.dat";
        TYPE IS means cova;
        NGROUPS = 2;
        NOBSERVATIONS = 2004 248;
  VARIABLE: NAMES ARE CESD1 CESD2 CESD7 CESD11 CESD20;
  ANALYSIS: TYPE = MGROUP;
            ITERATIONS=3000;
            ESTIMATOR=ML;
  MODEL:    F1 BY CESD1@1 CESD2 CESD7 CESD11 CESD20;
            [CESD1 CESD2@0 CESD7 CESD11 CESD20];
  MODEL G1: [F1];
  MODEL G2: [F1];
  OUTPUT: sampstat residual;



INPUT READING TERMINATED NORMALLY



CESD data from Gregorich(2006)  Strong

SUMMARY OF ANALYSIS

Number of groups                                                 2
Number of observations
   Group G1                                                   2004
   Group G2                                                    248

Number of dependent variables                                    5
Number of independent variables                                  0
Number of continuous latent variables                            1

Observed dependent variables

  Continuous
   CESD1       CESD2       CESD7       CESD11      CESD20

Continuous latent variables
   F1


Estimator                                                       ML
Information matrix                                        EXPECTED
Maximum number of iterations                                  3000
Convergence criterion                                    0.500D-04
Maximum number of steepest descent iterations                   20

Input data file(s)
  B:\dropbox\class\CESD_WBdata.dat

Input data format  FREE


SAMPLE STATISTICS


     SAMPLE STATISTICS FOR G1


           Means/Intercepts/Thresholds
              CESD1         CESD2         CESD7         CESD11        CESD20
              ________      ________      ________      ________      ________
      1         0.328         0.240         0.486         0.612         0.437


           Covariances/Correlations/Residual Correlations
              CESD1         CESD2         CESD7         CESD11        CESD20
              ________      ________      ________      ________      ________
 CESD1          0.498
 CESD2          0.126         0.427
 CESD7          0.200         0.178         0.765
 CESD11         0.182         0.170         0.273         0.823
 CESD20         0.166         0.162         0.318         0.241         0.631


     SAMPLE STATISTICS FOR G2


           Means/Intercepts/Thresholds
              CESD1         CESD2         CESD7         CESD11        CESD20
              ________      ________      ________      ________      ________
      1         0.351         0.347         0.806         0.589         0.456


           Covariances/Correlations/Residual Correlations
              CESD1         CESD2         CESD7         CESD11        CESD20
              ________      ________      ________      ________      ________
 CESD1          0.496
 CESD2          0.169         0.576
 CESD7          0.194         0.173         1.290
 CESD11         0.141         0.131         0.317         0.875
 CESD20         0.188         0.125         0.344         0.265         0.662


THE MODEL ESTIMATION TERMINATED NORMALLY



MODEL FIT INFORMATION

Number of Free Parameters                       22

Loglikelihood

          H0 Value                      -12485.553
          H1 Value                      -12462.610

Information Criteria

          Akaike (AIC)                   25015.107
          Bayesian (BIC)                 25140.937
          Sample-Size Adjusted BIC       25071.040
            (n* = (n + 2) / 24)

Chi-Square Test of Model Fit

          Value                             45.886
          Degrees of Freedom                    18
          P-Value                           0.0003

Chi-Square Contributions From Each Group

          G1                                17.426
          G2                                28.460

RMSEA (Root Mean Square Error Of Approximation)

          Estimate                           0.037
          90 Percent C.I.                    0.024  0.051
          Probability RMSEA <= .05           0.942

CFI/TLI

          CFI                                0.983
          TLI                                0.981

Chi-Square Test of Model Fit for the Baseline Model

          Value                           1683.907
          Degrees of Freedom                    20
          P-Value                           0.0000

SRMR (Standardized Root Mean Square Residual)

          Value                              0.025



MODEL RESULTS

                                                    Two-Tailed
                    Estimate       S.E.  Est./S.E.    P-Value

Group G1

 F1       BY
    CESD1              1.000      0.000    999.000    999.000
    CESD2              0.926      0.061     15.295      0.000
    CESD7              1.690      0.096     17.550      0.000
    CESD11             1.378      0.086     15.995      0.000
    CESD20             1.472      0.084     17.458      0.000

 Means
    F1                 0.264      0.023     11.373      0.000

 Intercepts
    CESD1              0.061      0.025      2.383      0.017
    CESD2              0.000      0.000    999.000    999.000
    CESD7              0.052      0.037      1.402      0.161
    CESD11             0.239      0.034      7.085      0.000
    CESD20             0.042      0.033      1.300      0.194

 Variances
    F1                 0.122      0.012     10.311      0.000

 Residual Variances
    CESD1              0.376      0.014     27.706      0.000
    CESD2              0.322      0.012     27.670      0.000
    CESD7              0.420      0.020     21.210      0.000
    CESD11             0.590      0.022     26.836      0.000
    CESD20             0.367      0.016     22.583      0.000

Group G2

 F1       BY
    CESD1              1.000      0.000    999.000    999.000
    CESD2              0.926      0.061     15.295      0.000
    CESD7              1.690      0.096     17.550      0.000
    CESD11             1.378      0.086     15.995      0.000
    CESD20             1.472      0.084     17.458      0.000

 Means
    F1                 0.319      0.036      8.935      0.000

 Intercepts
    CESD1              0.061      0.025      2.383      0.017
    CESD2              0.000      0.000    999.000    999.000
    CESD7              0.052      0.037      1.402      0.161
    CESD11             0.239      0.034      7.085      0.000
    CESD20             0.042      0.033      1.300      0.194

 Variances
    F1                 0.123      0.020      6.221      0.000

 Residual Variances
    CESD1              0.368      0.038      9.777      0.000
    CESD2              0.481      0.047     10.263      0.000
    CESD7              0.972      0.100      9.690      0.000
    CESD11             0.652      0.067      9.685      0.000
    CESD20             0.392      0.047      8.322      0.000


QUALITY OF NUMERICAL RESULTS

     Condition Number for the Information Matrix              0.139E-02
       (ratio of smallest to largest eigenvalue)


RESIDUAL OUTPUT


     ESTIMATED MODEL AND RESIDUALS (OBSERVED - ESTIMATED) FOR G1


           Model Estimated Means/Intercepts/Thresholds
              CESD1         CESD2         CESD7         CESD11        CESD20
              ________      ________      ________      ________      ________
      1         0.324         0.244         0.498         0.602         0.431


           Residuals for Means/Intercepts/Thresholds
              CESD1         CESD2         CESD7         CESD11        CESD20
              ________      ________      ________      ________      ________
      1         0.004        -0.004        -0.012         0.010         0.006


           Standardized Residuals (z-scores) for Means/Intercepts/Thresholds
              CESD1         CESD2         CESD7         CESD11        CESD20
              ________      ________      ________      ________      ________
      1         0.864        -1.289        -4.288         1.982         1.808


           Normalized Residuals for Means/Intercepts/Thresholds
              CESD1         CESD2         CESD7         CESD11        CESD20
              ________      ________      ________      ________      ________
      1         0.229        -0.294        -0.590         0.491         0.363


           Model Estimated Covariances/Correlations/Residual Correlations
              CESD1         CESD2         CESD7         CESD11        CESD20
              ________      ________      ________      ________      ________
 CESD1          0.498
 CESD2          0.113         0.426
 CESD7          0.205         0.190         0.767
 CESD11         0.167         0.155         0.283         0.821
 CESD20         0.179         0.166         0.302         0.246         0.630


           Residuals for Covariances/Correlations/Residual Correlations
              CESD1         CESD2         CESD7         CESD11        CESD20
              ________      ________      ________      ________      ________
 CESD1          0.000
 CESD2          0.013         0.000
 CESD7         -0.005        -0.012        -0.003
 CESD11         0.015         0.015        -0.010         0.002
 CESD20        -0.013        -0.004         0.015        -0.006         0.001


           Standardized Residuals (z-scores) for Covariances/Correlations/Residual Corr
              CESD1         CESD2         CESD7         CESD11        CESD20
              ________      ________      ________      ________      ________
 CESD1         -0.076
 CESD2          1.932         0.208
 CESD7         -0.845        -2.133        -1.661
 CESD11         1.580         1.747        -1.308         0.516
 CESD20        -2.095        -0.660         2.835        -0.733         0.207


           Normalized Residuals for Covariances/Correlations/Residual Correlations
              CESD1         CESD2         CESD7         CESD11        CESD20
              ________      ________      ________      ________      ________
 CESD1         -0.011
 CESD2          1.252         0.027
 CESD7         -0.378        -0.925        -0.112
 CESD11         0.977         1.078        -0.537         0.080
 CESD20        -0.995        -0.315         0.906        -0.328         0.028


     ESTIMATED MODEL AND RESIDUALS (OBSERVED - ESTIMATED) FOR G2


           Model Estimated Means/Intercepts/Thresholds
              CESD1         CESD2         CESD7         CESD11        CESD20
              ________      ________      ________      ________      ________
      1         0.379         0.295         0.591         0.678         0.512


           Residuals for Means/Intercepts/Thresholds
              CESD1         CESD2         CESD7         CESD11        CESD20
              ________      ________      ________      ________      ________
      1        -0.028         0.052         0.215        -0.089        -0.056


           Standardized Residuals (z-scores) for Means/Intercepts/Thresholds
              CESD1         CESD2         CESD7         CESD11        CESD20
              ________      ________      ________      ________      ________
      1        -0.856         1.322         4.043        -2.054        -1.824


           Normalized Residuals for Means/Intercepts/Thresholds
              CESD1         CESD2         CESD7         CESD11        CESD20
              ________      ________      ________      ________      ________
      1        -0.638         1.075         2.993        -1.500        -1.079


           Model Estimated Covariances/Correlations/Residual Correlations
              CESD1         CESD2         CESD7         CESD11        CESD20
              ________      ________      ________      ________      ________
 CESD1          0.490
 CESD2          0.114         0.586
 CESD7          0.208         0.192         1.323
 CESD11         0.169         0.157         0.286         0.885
 CESD20         0.181         0.168         0.306         0.249         0.658


           Residuals for Covariances/Correlations/Residual Correlations
              CESD1         CESD2         CESD7         CESD11        CESD20
              ________      ________      ________      ________      ________
 CESD1          0.004
 CESD2          0.054        -0.013
 CESD7         -0.014        -0.020        -0.039
 CESD11        -0.029        -0.026         0.030        -0.014
 CESD20         0.006        -0.043         0.037         0.015         0.001


           Standardized Residuals (z-scores) for Covariances/Correlations/Residual Corr
              CESD1         CESD2         CESD7         CESD11        CESD20
              ________      ________      ________      ________      ________
 CESD1          0.194
 CESD2          1.749        -0.754
 CESD7         -0.343        -0.421        -1.012
 CESD11        -0.833        -0.671         0.524        -0.492
 CESD20         0.226        -1.370         0.826         0.404         0.040


           Normalized Residuals for Covariances/Correlations/Residual Correlations
              CESD1         CESD2         CESD7         CESD11        CESD20
              ________      ________      ________      ________      ________
 CESD1          0.079
 CESD2          1.536        -0.245
 CESD7         -0.278        -0.362        -0.335
 CESD11        -0.677        -0.578         0.422        -0.177
 CESD20         0.165        -1.082         0.590         0.288         0.014


     Beginning Time:  00:00:35
        Ending Time:  00:00:35
       Elapsed Time:  00:00:00



MUTHEN & MUTHEN
3463 Stoner Ave.
Los Angeles, CA  90066

Tel: (310) 391-9971
Fax: (310) 391-8971
Web: www.StatModel.com
Support: Support@StatModel.com

Copyright (c) 1998-2011 Muthen & Muthen
