Mplus VERSION 6.12
MUTHEN & MUTHEN
03/04/2014  12:50 AM

INPUT INSTRUCTIONS

  TITLE: Homework 3 EFA
  DATA: FILE = "B:\dropbox\class\ANXM.DAT";
  VARIABLE: NAMES ARE i1-i20;
              USEVARIABLES ARE i1-i20;
  ANALYSIS: TYPE = GENERAL;
            ITERATIONS=3000;
            ESTIMATOR=ML;
  MODEL:    F1 BY i3 i4 i5 i6 i7 i14 i17 i20 i1*.5 i12*.5 i13*.5 i19*.5;
            F2 BY i2 i8 i9 i10 i11 i15 i16 i18 i1*.5 i12*.5 i13*.5 i19*.5;
                    F1@1 F2@1;
  OUTPUT:  standardized residual ;





INPUT READING TERMINATED NORMALLY



Homework 3 EFA

SUMMARY OF ANALYSIS

Number of groups                                                 1
Number of observations                                         219

Number of dependent variables                                   20
Number of independent variables                                  0
Number of continuous latent variables                            2

Observed dependent variables

  Continuous
   I1          I2          I3          I4          I5          I6
   I7          I8          I9          I10         I11         I12
   I13         I14         I15         I16         I17         I18
   I19         I20

Continuous latent variables
   F1          F2


Estimator                                                       ML
Information matrix                                        OBSERVED
Maximum number of iterations                                  3000
Convergence criterion                                    0.500D-04
Maximum number of steepest descent iterations                   20

Input data file(s)
  B:\dropbox\class\ANXM.DAT

Input data format  FREE



THE MODEL ESTIMATION TERMINATED NORMALLY



MODEL FIT INFORMATION

Number of Free Parameters                       63

Loglikelihood

          H0 Value                       -4829.120
          H1 Value                       -4646.438

Information Criteria

          Akaike (AIC)                    9784.240
          Bayesian (BIC)                  9997.752
          Sample-Size Adjusted BIC        9798.107
            (n* = (n + 2) / 24)

Chi-Square Test of Model Fit

          Value                            365.364
          Degrees of Freedom                   167
          P-Value                           0.0000

RMSEA (Root Mean Square Error Of Approximation)

          Estimate                           0.074
          90 Percent C.I.                    0.063  0.084
          Probability RMSEA <= .05           0.000

CFI/TLI

          CFI                                0.913
          TLI                                0.901

Chi-Square Test of Model Fit for the Baseline Model

          Value                           2467.453
          Degrees of Freedom                   190
          P-Value                           0.0000

SRMR (Standardized Root Mean Square Residual)

          Value                              0.223



MODEL RESULTS

                                                    Two-Tailed
                    Estimate       S.E.  Est./S.E.    P-Value

 F1       BY
    I3                 1.000      0.000    999.000    999.000
    I4                 0.933      0.068     13.759      0.000
    I5                 0.989      0.071     14.010      0.000
    I6                 0.855      0.076     11.236      0.000
    I7                 0.819      0.067     12.209      0.000
    I14                0.923      0.064     14.374      0.000
    I17                0.849      0.070     12.143      0.000
    I20                0.815      0.069     11.793      0.000
    I1                -0.172      0.237     -0.724      0.469
    I12               -0.204      0.295     -0.690      0.490
    I13                0.461      0.207      2.228      0.026
    I19                0.053      0.247      0.214      0.830

 F2       BY
    I2                 1.000      0.000    999.000    999.000
    I8                 0.895      0.062     14.473      0.000
    I9                 0.915      0.070     13.145      0.000
    I10                0.557      0.078      7.101      0.000
    I11                0.790      0.060     13.215      0.000
    I15                1.097      0.062     17.762      0.000
    I16                0.951      0.070     13.620      0.000
    I18                0.961      0.074     12.914      0.000
    I1                 0.071      0.239      0.297      0.767
    I12                1.018      0.300      3.398      0.001
    I13                0.565      0.208      2.714      0.007
    I19                0.765      0.250      3.063      0.002

 F2       WITH
    F1                 0.945      0.012     77.868      0.000

 Intercepts
    I1                 2.489      0.054     46.116      0.000
    I2                 2.005      0.080     25.014      0.000
    I3                 2.064      0.083     24.829      0.000
    I4                 1.900      0.075     25.212      0.000
    I5                 1.740      0.079     21.893      0.000
    I6                 1.858      0.076     24.412      0.000
    I7                 2.014      0.070     28.800      0.000
    I8                 2.169      0.071     30.568      0.000
    I9                 2.023      0.075     26.804      0.000
    I10                2.128      0.066     32.241      0.000
    I11                2.160      0.065     33.220      0.000
    I12                2.288      0.085     26.986      0.000
    I13                1.731      0.082     21.231      0.000
    I14                1.895      0.073     25.872      0.000
    I15                1.968      0.081     24.283      0.000
    I16                2.174      0.077     28.137      0.000
    I17                2.082      0.073     28.677      0.000
    I18                2.005      0.080     25.106      0.000
    I19                1.895      0.077     24.706      0.000
    I20                2.068      0.071     29.307      0.000

 Variances
    F1                 1.000      0.000    999.000    999.000
    F2                 1.000      0.000    999.000    999.000

 Residual Variances
    I1                 0.626      0.060     10.427      0.000
    I2                 0.406      0.043      9.423      0.000
    I3                 0.513      0.054      9.533      0.000
    I4                 0.373      0.040      9.276      0.000
    I5                 0.405      0.044      9.182      0.000
    I6                 0.537      0.055      9.691      0.000
    I7                 0.400      0.042      9.617      0.000
    I8                 0.302      0.032      9.329      0.000
    I9                 0.410      0.043      9.596      0.000
    I10                0.644      0.063     10.264      0.000
    I11                0.302      0.031      9.605      0.000
    I12                0.888      0.090      9.834      0.000
    I13                0.432      0.044      9.762      0.000
    I14                0.323      0.035      9.123      0.000
    I15                0.235      0.028      8.359      0.000
    I16                0.403      0.042      9.540      0.000
    I17                0.434      0.045      9.629      0.000
    I18                0.473      0.049      9.597      0.000
    I19                0.624      0.063      9.957      0.000
    I20                0.427      0.044      9.639      0.000


STANDARDIZED MODEL RESULTS


STDYX Standardization

                                                    Two-Tailed
                    Estimate       S.E.  Est./S.E.    P-Value

 F1       BY
    I3                 0.813      0.014     56.210      0.000
    I4                 0.837      0.024     34.820      0.000
    I5                 0.841      0.023     36.039      0.000
    I6                 0.759      0.034     22.018      0.000
    I7                 0.791      0.030     26.371      0.000
    I14                0.851      0.022     38.692      0.000
    I17                0.790      0.030     26.137      0.000
    I20                0.780      0.032     24.546      0.000
    I1                -0.215      0.297     -0.725      0.468
    I12               -0.162      0.236     -0.690      0.490
    I13                0.382      0.170      2.246      0.025
    I19                0.047      0.217      0.214      0.830

 F2       BY
    I2                 0.843      0.013     65.215      0.000
    I8                 0.852      0.021     39.770      0.000
    I9                 0.819      0.026     31.576      0.000
    I10                0.570      0.058      9.797      0.000
    I11                0.821      0.026     31.995      0.000
    I15                0.915      0.013     69.800      0.000
    I16                0.832      0.024     34.354      0.000
    I18                0.813      0.027     30.285      0.000
    I1                 0.089      0.299      0.297      0.767
    I12                0.812      0.230      3.527      0.000
    I13                0.468      0.169      2.766      0.006
    I19                0.674      0.214      3.154      0.002

 F2       WITH
    F1                 0.945      0.012     77.868      0.000

 Intercepts
    I1                 3.116      0.165     18.865      0.000
    I2                 1.690      0.072     23.355      0.000
    I3                 1.678      0.074     22.712      0.000
    I4                 1.704      0.111     15.397      0.000
    I5                 1.479      0.101     14.590      0.000
    I6                 1.650      0.111     14.803      0.000
    I7                 1.946      0.123     15.793      0.000
    I8                 2.066      0.125     16.563      0.000
    I9                 1.811      0.116     15.576      0.000
    I10                2.179      0.138     15.826      0.000
    I11                2.245      0.135     16.601      0.000
    I12                1.824      0.121     15.017      0.000
    I13                1.435      0.100     14.401      0.000
    I14                1.748      0.112     15.677      0.000
    I15                1.641      0.102     16.051      0.000
    I16                1.901      0.119     15.933      0.000
    I17                1.938      0.123     15.753      0.000
    I18                1.697      0.112     15.178      0.000
    I19                1.670      0.114     14.678      0.000
    I20                1.980      0.125     15.788      0.000

 Variances
    F1                 1.000      0.000    999.000    999.000
    F2                 1.000      0.000    999.000    999.000

 Residual Variances
    I1                 0.982      0.025     39.921      0.000
    I2                 0.289      0.022     13.253      0.000
    I3                 0.339      0.024     14.425      0.000
    I4                 0.300      0.040      7.463      0.000
    I5                 0.293      0.039      7.458      0.000
    I6                 0.423      0.052      8.086      0.000
    I7                 0.374      0.047      7.878      0.000
    I8                 0.274      0.037      7.487      0.000
    I9                 0.329      0.043      7.733      0.000
    I10                0.675      0.066     10.162      0.000
    I11                0.326      0.042      7.733      0.000
    I12                0.564      0.064      8.842      0.000
    I13                0.297      0.038      7.871      0.000
    I14                0.275      0.037      7.343      0.000
    I15                0.163      0.024      6.817      0.000
    I16                0.309      0.040      7.666      0.000
    I17                0.376      0.048      7.860      0.000
    I18                0.338      0.044      7.748      0.000
    I19                0.484      0.057      8.508      0.000
    I20                0.391      0.050      7.887      0.000


STDY Standardization

                                                    Two-Tailed
                    Estimate       S.E.  Est./S.E.    P-Value

 F1       BY
    I3                 0.813      0.014     56.210      0.000
    I4                 0.837      0.024     34.820      0.000
    I5                 0.841      0.023     36.039      0.000
    I6                 0.759      0.034     22.018      0.000
    I7                 0.791      0.030     26.371      0.000
    I14                0.851      0.022     38.692      0.000
    I17                0.790      0.030     26.137      0.000
    I20                0.780      0.032     24.546      0.000
    I1                -0.215      0.297     -0.725      0.468
    I12               -0.162      0.236     -0.690      0.490
    I13                0.382      0.170      2.246      0.025
    I19                0.047      0.217      0.214      0.830

 F2       BY
    I2                 0.843      0.013     65.215      0.000
    I8                 0.852      0.021     39.770      0.000
    I9                 0.819      0.026     31.576      0.000
    I10                0.570      0.058      9.797      0.000
    I11                0.821      0.026     31.995      0.000
    I15                0.915      0.013     69.800      0.000
    I16                0.832      0.024     34.354      0.000
    I18                0.813      0.027     30.285      0.000
    I1                 0.089      0.299      0.297      0.767
    I12                0.812      0.230      3.527      0.000
    I13                0.468      0.169      2.766      0.006
    I19                0.674      0.214      3.154      0.002

 F2       WITH
    F1                 0.945      0.012     77.868      0.000

 Intercepts
    I1                 3.116      0.165     18.865      0.000
    I2                 1.690      0.072     23.355      0.000
    I3                 1.678      0.074     22.712      0.000
    I4                 1.704      0.111     15.397      0.000
    I5                 1.479      0.101     14.590      0.000
    I6                 1.650      0.111     14.803      0.000
    I7                 1.946      0.123     15.793      0.000
    I8                 2.066      0.125     16.563      0.000
    I9                 1.811      0.116     15.576      0.000
    I10                2.179      0.138     15.826      0.000
    I11                2.245      0.135     16.601      0.000
    I12                1.824      0.121     15.017      0.000
    I13                1.435      0.100     14.401      0.000
    I14                1.748      0.112     15.677      0.000
    I15                1.641      0.102     16.051      0.000
    I16                1.901      0.119     15.933      0.000
    I17                1.938      0.123     15.753      0.000
    I18                1.697      0.112     15.178      0.000
    I19                1.670      0.114     14.678      0.000
    I20                1.980      0.125     15.788      0.000

 Variances
    F1                 1.000      0.000    999.000    999.000
    F2                 1.000      0.000    999.000    999.000

 Residual Variances
    I1                 0.982      0.025     39.921      0.000
    I2                 0.289      0.022     13.253      0.000
    I3                 0.339      0.024     14.425      0.000
    I4                 0.300      0.040      7.463      0.000
    I5                 0.293      0.039      7.458      0.000
    I6                 0.423      0.052      8.086      0.000
    I7                 0.374      0.047      7.878      0.000
    I8                 0.274      0.037      7.487      0.000
    I9                 0.329      0.043      7.733      0.000
    I10                0.675      0.066     10.162      0.000
    I11                0.326      0.042      7.733      0.000
    I12                0.564      0.064      8.842      0.000
    I13                0.297      0.038      7.871      0.000
    I14                0.275      0.037      7.343      0.000
    I15                0.163      0.024      6.817      0.000
    I16                0.309      0.040      7.666      0.000
    I17                0.376      0.048      7.860      0.000
    I18                0.338      0.044      7.748      0.000
    I19                0.484      0.057      8.508      0.000
    I20                0.391      0.050      7.887      0.000


STD Standardization

                                                    Two-Tailed
                    Estimate       S.E.  Est./S.E.    P-Value

 F1       BY
    I3                 1.000      0.000    999.000    999.000
    I4                 0.933      0.068     13.759      0.000
    I5                 0.989      0.071     14.010      0.000
    I6                 0.855      0.076     11.236      0.000
    I7                 0.819      0.067     12.209      0.000
    I14                0.923      0.064     14.374      0.000
    I17                0.849      0.070     12.143      0.000
    I20                0.815      0.069     11.793      0.000
    I1                -0.172      0.237     -0.724      0.469
    I12               -0.204      0.295     -0.690      0.490
    I13                0.461      0.207      2.228      0.026
    I19                0.053      0.247      0.214      0.830

 F2       BY
    I2                 1.000      0.000    999.000    999.000
    I8                 0.895      0.062     14.473      0.000
    I9                 0.915      0.070     13.145      0.000
    I10                0.557      0.078      7.101      0.000
    I11                0.790      0.060     13.215      0.000
    I15                1.097      0.062     17.762      0.000
    I16                0.951      0.070     13.620      0.000
    I18                0.961      0.074     12.914      0.000
    I1                 0.071      0.239      0.297      0.767
    I12                1.018      0.300      3.398      0.001
    I13                0.565      0.208      2.714      0.007
    I19                0.765      0.250      3.063      0.002

 F2       WITH
    F1                 0.945      0.012     77.868      0.000

 Intercepts
    I1                 2.489      0.054     46.116      0.000
    I2                 2.005      0.080     25.014      0.000
    I3                 2.064      0.083     24.829      0.000
    I4                 1.900      0.075     25.212      0.000
    I5                 1.740      0.079     21.893      0.000
    I6                 1.858      0.076     24.412      0.000
    I7                 2.014      0.070     28.800      0.000
    I8                 2.169      0.071     30.568      0.000
    I9                 2.023      0.075     26.804      0.000
    I10                2.128      0.066     32.241      0.000
    I11                2.160      0.065     33.220      0.000
    I12                2.288      0.085     26.986      0.000
    I13                1.731      0.082     21.231      0.000
    I14                1.895      0.073     25.872      0.000
    I15                1.968      0.081     24.283      0.000
    I16                2.174      0.077     28.137      0.000
    I17                2.082      0.073     28.677      0.000
    I18                2.005      0.080     25.106      0.000
    I19                1.895      0.077     24.706      0.000
    I20                2.068      0.071     29.307      0.000

 Variances
    F1                 1.000      0.000    999.000    999.000
    F2                 1.000      0.000    999.000    999.000

 Residual Variances
    I1                 0.626      0.060     10.427      0.000
    I2                 0.406      0.043      9.423      0.000
    I3                 0.513      0.054      9.533      0.000
    I4                 0.373      0.040      9.276      0.000
    I5                 0.405      0.044      9.182      0.000
    I6                 0.537      0.055      9.691      0.000
    I7                 0.400      0.042      9.617      0.000
    I8                 0.302      0.032      9.329      0.000
    I9                 0.410      0.043      9.596      0.000
    I10                0.644      0.063     10.264      0.000
    I11                0.302      0.031      9.605      0.000
    I12                0.888      0.090      9.834      0.000
    I13                0.432      0.044      9.762      0.000
    I14                0.323      0.035      9.123      0.000
    I15                0.235      0.028      8.359      0.000
    I16                0.403      0.042      9.540      0.000
    I17                0.434      0.045      9.629      0.000
    I18                0.473      0.049      9.597      0.000
    I19                0.624      0.063      9.957      0.000
    I20                0.427      0.044      9.639      0.000


R-SQUARE

    Observed                                        Two-Tailed
    Variable        Estimate       S.E.  Est./S.E.    P-Value

    I1                 0.018      0.025      0.733      0.463
    I2                 0.711      0.022     32.607      0.000
    I3                 0.661      0.024     28.105      0.000
    I4                 0.700      0.040     17.410      0.000
    I5                 0.707      0.039     18.020      0.000
    I6                 0.577      0.052     11.009      0.000
    I7                 0.626      0.047     13.185      0.000
    I8                 0.726      0.037     19.885      0.000
    I9                 0.671      0.043     15.788      0.000
    I10                0.325      0.066      4.899      0.000
    I11                0.674      0.042     15.997      0.000
    I12                0.436      0.064      6.828      0.000
    I13                0.703      0.038     18.611      0.000
    I14                0.725      0.037     19.346      0.000
    I15                0.837      0.024     34.900      0.000
    I16                0.691      0.040     17.177      0.000
    I17                0.624      0.048     13.068      0.000
    I18                0.662      0.044     15.142      0.000
    I19                0.516      0.057      9.061      0.000
    I20                0.609      0.050     12.273      0.000


QUALITY OF NUMERICAL RESULTS

     Condition Number for the Information Matrix              0.661E-03
       (ratio of smallest to largest eigenvalue)


RESIDUAL OUTPUT


     ESTIMATED MODEL AND RESIDUALS (OBSERVED - ESTIMATED)


           Model Estimated Means/Intercepts/Thresholds
              I1            I2            I3            I4            I5
              ________      ________      ________      ________      ________
      1         2.489         2.005         2.064         1.900         1.740


           Model Estimated Means/Intercepts/Thresholds
              I6            I7            I8            I9            I10
              ________      ________      ________      ________      ________
      1         1.858         2.014         2.169         2.023         2.128


           Model Estimated Means/Intercepts/Thresholds
              I11           I12           I13           I14           I15
              ________      ________      ________      ________      ________
      1         2.160         2.288         1.731         1.895         1.968


           Model Estimated Means/Intercepts/Thresholds
              I16           I17           I18           I19           I20
              ________      ________      ________      ________      ________
      1         2.174         2.082         2.005         1.895         2.068


           Residuals for Means/Intercepts/Thresholds
              I1            I2            I3            I4            I5
              ________      ________      ________      ________      ________
      1         0.000         0.000         0.000         0.000         0.000


           Residuals for Means/Intercepts/Thresholds
              I6            I7            I8            I9            I10
              ________      ________      ________      ________      ________
      1         0.000         0.000         0.000         0.000         0.000


           Residuals for Means/Intercepts/Thresholds
              I11           I12           I13           I14           I15
              ________      ________      ________      ________      ________
      1         0.000         0.000         0.000         0.000         0.000


           Residuals for Means/Intercepts/Thresholds
              I16           I17           I18           I19           I20
              ________      ________      ________      ________      ________
      1         0.000         0.000         0.000         0.000         0.000


           Standardized Residuals (z-scores) for Means/Intercepts/Thresholds
              I1            I2            I3            I4            I5
              ________      ________      ________      ________      ________
      1         0.000         0.000         0.000         0.000         0.000


           Standardized Residuals (z-scores) for Means/Intercepts/Thresholds
              I6            I7            I8            I9            I10
              ________      ________      ________      ________      ________
      1         0.000         0.000         0.000         0.000         0.000


           Standardized Residuals (z-scores) for Means/Intercepts/Thresholds
              I11           I12           I13           I14           I15
              ________      ________      ________      ________      ________
      1         0.000         0.000         0.000         0.000         0.000


           Standardized Residuals (z-scores) for Means/Intercepts/Thresholds
              I16           I17           I18           I19           I20
              ________      ________      ________      ________      ________
      1         0.000         0.000         0.000         0.000         0.000


           Normalized Residuals for Means/Intercepts/Thresholds
              I1            I2            I3            I4            I5
              ________      ________      ________      ________      ________
      1         0.000         0.000         0.000         0.000         0.000


           Normalized Residuals for Means/Intercepts/Thresholds
              I6            I7            I8            I9            I10
              ________      ________      ________      ________      ________
      1         0.000         0.000         0.000         0.000         0.000


           Normalized Residuals for Means/Intercepts/Thresholds
              I11           I12           I13           I14           I15
              ________      ________      ________      ________      ________
      1         0.000         0.000         0.000         0.000         0.000


           Normalized Residuals for Means/Intercepts/Thresholds
              I16           I17           I18           I19           I20
              ________      ________      ________      ________      ________
      1         0.000         0.000         0.000         0.000         0.000


           Model Estimated Covariances/Correlations/Residual Correlations
              I1            I2            I3            I4            I5
              ________      ________      ________      ________      ________
 I1             0.638
 I2            -0.091         1.406
 I3            -0.105         0.945         1.513
 I4            -0.098         0.882         0.933         1.243
 I5            -0.104         0.935         0.989         0.923         1.383
 I6            -0.090         0.808         0.855         0.798         0.846
 I7            -0.086         0.774         0.819         0.764         0.810
 I8            -0.082         0.895         0.846         0.789         0.837
 I9            -0.084         0.915         0.865         0.807         0.855
 I10           -0.051         0.557         0.526         0.491         0.521
 I11           -0.072         0.790         0.747         0.696         0.738
 I12           -0.072         0.825         0.758         0.707         0.750
 I13           -0.100         1.000         0.994         0.927         0.983
 I14           -0.097         0.872         0.923         0.861         0.913
 I15           -0.100         1.097         1.037         0.967         1.025
 I16           -0.087         0.951         0.898         0.838         0.889
 I17           -0.089         0.802         0.849         0.792         0.840
 I18           -0.088         0.961         0.908         0.847         0.898
 I19           -0.075         0.815         0.776         0.724         0.767
 I20           -0.085         0.770         0.815         0.760         0.806


           Model Estimated Covariances/Correlations/Residual Correlations
              I6            I7            I8            I9            I10
              ________      ________      ________      ________      ________
 I6             1.269
 I7             0.700         1.071
 I8             0.724         0.692         1.103
 I9             0.740         0.708         0.819         1.247
 I10            0.450         0.431         0.499         0.510         0.954
 I11            0.639         0.611         0.707         0.723         0.440
 I12            0.649         0.621         0.739         0.755         0.460
 I13            0.851         0.814         0.895         0.915         0.557
 I14            0.789         0.755         0.781         0.798         0.486
 I15            0.887         0.849         0.982         1.004         0.611
 I16            0.769         0.735         0.851         0.870         0.529
 I17            0.726         0.695         0.718         0.734         0.447
 I18            0.777         0.744         0.860         0.879         0.535
 I19            0.664         0.635         0.729         0.746         0.454
 I20            0.697         0.667         0.689         0.705         0.429


           Model Estimated Covariances/Correlations/Residual Correlations
              I11           I12           I13           I14           I15
              ________      ________      ________      ________      ________
 I11            0.926
 I12            0.652         1.574
 I13            0.790         0.815         1.455
 I14            0.689         0.700         0.918         1.175
 I15            0.867         0.906         1.097         0.957         1.439
 I16            0.751         0.785         0.951         0.829         1.043
 I17            0.634         0.644         0.844         0.784         0.880
 I18            0.759         0.793         0.961         0.838         1.054
 I19            0.644         0.672         0.818         0.716         0.894
 I20            0.608         0.618         0.810         0.752         0.845


           Model Estimated Covariances/Correlations/Residual Correlations
              I16           I17           I18           I19           I20
              ________      ________      ________      ________      ________
 I16            1.307
 I17            0.763         1.155
 I18            0.914         0.771         1.396
 I19            0.775         0.659         0.783         1.288
 I20            0.732         0.692         0.740         0.632         1.091


           Residuals for Covariances/Correlations/Residual Correlations
              I1            I2            I3            I4            I5
              ________      ________      ________      ________      ________
 I1            -0.004
 I2             0.062        -0.699
 I3             0.083        -0.585        -0.595
 I4             0.060        -0.470        -0.502        -0.377
 I5             0.066        -0.582        -0.461        -0.401        -0.423
 I6             0.013        -0.548        -0.385        -0.342        -0.285
 I7             0.015        -0.450        -0.409        -0.347        -0.354
 I8             0.059        -0.498        -0.455        -0.306        -0.414
 I9             0.041        -0.550        -0.551        -0.435        -0.434
 I10            0.034        -0.343        -0.242        -0.227        -0.318
 I11            0.044        -0.485        -0.428        -0.352        -0.409
 I12            0.064        -0.493        -0.389        -0.382        -0.419
 I13            0.090        -0.551        -0.530        -0.343        -0.451
 I14            0.047        -0.534        -0.510        -0.383        -0.383
 I15            0.057        -0.627        -0.587        -0.390        -0.486
 I16           -0.012        -0.581        -0.521        -0.401        -0.437
 I17            0.008        -0.460        -0.443        -0.355        -0.362
 I18            0.022        -0.564        -0.548        -0.363        -0.413
 I19           -0.024        -0.463        -0.454        -0.351        -0.352
 I20           -0.012        -0.382        -0.436        -0.370        -0.391


           Residuals for Covariances/Correlations/Residual Correlations
              I6            I7            I8            I9            I10
              ________      ________      ________      ________      ________
 I6            -0.317
 I7            -0.292        -0.290
 I8            -0.334        -0.298        -0.359
 I9            -0.389        -0.384        -0.357        -0.376
 I10           -0.295        -0.168        -0.210        -0.166        -0.139
 I11           -0.301        -0.276        -0.287        -0.297        -0.209
 I12           -0.384        -0.246        -0.317        -0.305        -0.081
 I13           -0.473        -0.404        -0.452        -0.434        -0.285
 I14           -0.316        -0.311        -0.402        -0.412        -0.308
 I15           -0.462        -0.346        -0.410        -0.469        -0.324
 I16           -0.475        -0.391        -0.405        -0.367        -0.182
 I17           -0.345        -0.272        -0.285        -0.348        -0.188
 I18           -0.443        -0.442        -0.454        -0.336        -0.216
 I19           -0.359        -0.332        -0.419        -0.323        -0.185
 I20           -0.263        -0.298        -0.281        -0.286        -0.246


           Residuals for Covariances/Correlations/Residual Correlations
              I11           I12           I13           I14           I15
              ________      ________      ________      ________      ________
 I11           -0.280
 I12           -0.219        -0.300
 I13           -0.414        -0.414        -0.464
 I14           -0.311        -0.327        -0.348        -0.369
 I15           -0.400        -0.431        -0.489        -0.421        -0.540
 I16           -0.331        -0.323        -0.388        -0.427        -0.476
 I17           -0.286        -0.279        -0.407        -0.364        -0.357
 I18           -0.326        -0.470        -0.394        -0.372        -0.502
 I19           -0.298        -0.285        -0.330        -0.298        -0.445
 I20           -0.222        -0.181        -0.408        -0.325        -0.290


           Residuals for Covariances/Correlations/Residual Correlations
              I16           I17           I18           I19           I20
              ________      ________      ________      ________      ________
 I16           -0.405
 I17           -0.307        -0.312
 I18           -0.371        -0.315        -0.414
 I19           -0.327        -0.276        -0.194        -0.299
 I20           -0.310        -0.332        -0.339        -0.273        -0.287


           Standardized Residuals (z-scores) for Covariances/Correlations/Residual Corr
              I1            I2            I3            I4            I5
              ________      ________      ________      ________      ________
 I1           999.000
 I2           999.000       -13.412
 I3           999.000       -10.007        -8.586
 I4           999.000       999.000       999.000       999.000
 I5           999.000       999.000       -26.008       999.000       999.000
 I6           999.000       999.000       999.000       999.000       999.000
 I7           999.000       999.000       999.000       999.000       999.000
 I8           999.000       999.000       -51.239       999.000       999.000
 I9           999.000       999.000       999.000       999.000       999.000
 I10            1.429       999.000       999.000       999.000       999.000
 I11          999.000       999.000       999.000       999.000       999.000
 I12          999.000       999.000       999.000       999.000       999.000
 I13          999.000       999.000       999.000       999.000       999.000
 I14          999.000       999.000       -81.877       999.000       999.000
 I15          999.000       -62.753       -21.250       999.000       999.000
 I16          999.000       999.000       999.000       999.000       999.000
 I17          999.000       999.000       999.000       999.000       999.000
 I18          999.000       999.000       999.000       999.000       999.000
 I19          999.000       999.000       999.000       999.000       999.000
 I20          999.000       999.000       999.000       999.000       999.000


           Standardized Residuals (z-scores) for Covariances/Correlations/Residual Corr
              I6            I7            I8            I9            I10
              ________      ________      ________      ________      ________
 I6           999.000
 I7           999.000       999.000
 I8           999.000       999.000       999.000
 I9           999.000       999.000       999.000       999.000
 I10          999.000       999.000       999.000       999.000       999.000
 I11          999.000       999.000       999.000       999.000       999.000
 I12          999.000       999.000       999.000       999.000       999.000
 I13          999.000       999.000       999.000       999.000       999.000
 I14          999.000       999.000       999.000       999.000       999.000
 I15          999.000       999.000       999.000       999.000       999.000
 I16          999.000       999.000       999.000       999.000       999.000
 I17          999.000       999.000       999.000       999.000       999.000
 I18          999.000       999.000       999.000       999.000       999.000
 I19          999.000       999.000       999.000       999.000       999.000
 I20          999.000       999.000       999.000       999.000       999.000


           Standardized Residuals (z-scores) for Covariances/Correlations/Residual Corr
              I11           I12           I13           I14           I15
              ________      ________      ________      ________      ________
 I11          999.000
 I12          999.000       999.000
 I13          999.000       999.000       999.000
 I14          999.000       999.000       999.000       999.000
 I15          999.000       999.000       999.000       999.000       999.000
 I16          999.000       999.000       999.000       999.000       999.000
 I17          999.000       999.000       999.000       999.000       999.000
 I18          999.000       999.000       999.000       999.000       999.000
 I19          999.000       999.000       999.000       999.000       999.000
 I20          999.000       999.000       999.000       999.000       999.000


           Standardized Residuals (z-scores) for Covariances/Correlations/Residual Corr
              I16           I17           I18           I19           I20
              ________      ________      ________      ________      ________
 I16          999.000
 I17          999.000       999.000
 I18          999.000       999.000       999.000
 I19          999.000       999.000       999.000       999.000
 I20          999.000       999.000       999.000       999.000       999.000


           Normalized Residuals for Covariances/Correlations/Residual Correlations
              I1            I2            I3            I4            I5
              ________      ________      ________      ________      ________
 I1            -0.071
 I2             1.364       -10.330
 I3             1.602        -9.798        -6.780
 I4             1.197        -7.866        -7.494        -4.547
 I5             1.258        -9.606        -6.333        -5.645        -4.615
 I6             0.239        -9.405        -5.445        -4.976        -3.800
 I7             0.316        -8.205        -6.428        -5.565        -5.357
 I8             1.263        -8.925        -7.364        -4.840        -6.480
 I9             0.805        -9.393        -8.604        -6.801        -6.375
 I10            0.702        -6.434        -3.940        -3.816        -5.195
 I11            1.025        -9.672        -7.602        -6.317        -7.095
 I12            1.047        -7.260        -5.032        -5.136        -5.379
 I13            1.679        -8.585        -7.384        -4.627        -6.002
 I14            0.981        -9.543        -7.903        -5.883        -5.519
 I15            1.107       -10.014        -8.575        -5.481        -6.693
 I16           -0.225        -9.780        -7.834        -6.010        -6.254
 I17            0.154        -8.066        -6.773        -5.466        -5.256
 I18            0.405        -9.035        -7.983        -5.153        -5.633
 I19           -0.444        -7.547        -6.681        -5.200        -4.914
 I20           -0.248        -6.673        -6.868        -5.939        -5.956


           Normalized Residuals for Covariances/Correlations/Residual Correlations
              I6            I7            I8            I9            I10
              ________      ________      ________      ________      ________
 I6            -3.479
 I7            -4.529        -3.888
 I8            -5.337        -5.132        -5.061
 I9            -5.904        -6.414        -5.693        -4.510
 I10           -4.885        -2.959        -3.738        -2.692        -1.788
 I11           -5.216        -5.192        -5.232        -5.100        -4.070
 I12           -5.020        -3.415        -4.425        -3.942        -1.104
 I13           -6.717        -6.158        -6.929        -6.136        -4.494
 I14           -4.689        -5.063        -6.906        -6.607        -5.493
 I15           -6.719        -5.243        -6.087        -6.709        -5.311
 I16           -7.224        -6.378        -6.434        -5.328        -2.909
 I17           -5.241        -4.393        -4.667        -5.479        -3.207
 I18           -6.407        -7.069        -7.113        -4.636        -3.370
 I19           -5.221        -5.292        -6.808        -4.689        -2.919
 I20           -3.981        -5.052        -4.754        -4.527        -4.389


           Normalized Residuals for Covariances/Correlations/Residual Correlations
              I11           I12           I13           I14           I15
              ________      ________      ________      ________      ________
 I11           -4.538
 I12           -3.218        -2.469
 I13           -6.922        -5.131        -4.895
 I14           -5.660        -4.484        -4.853        -4.783
 I15           -6.633        -5.444        -6.449        -6.200        -6.289
 I16           -5.628        -4.099        -5.217        -6.709        -6.616
 I17           -5.196        -3.766        -5.937        -5.823        -5.206
 I18           -5.325        -5.981        -5.118        -5.480        -6.812
 I19           -5.069        -3.555        -4.423        -4.469        -6.312
 I20           -4.022        -2.432        -6.172        -5.274        -4.233


           Normalized Residuals for Covariances/Correlations/Residual Correlations
              I16           I17           I18           I19           I20
              ________      ________      ________      ________      ________
 I16           -4.707
 I17           -4.615        -3.875
 I18           -5.055        -4.580        -4.417
 I19           -4.635        -4.121        -2.496        -3.168
 I20           -4.833        -5.476        -5.142        -4.212        -3.743


     Beginning Time:  00:50:07
        Ending Time:  00:50:07
       Elapsed Time:  00:00:00



MUTHEN & MUTHEN
3463 Stoner Ave.
Los Angeles, CA  90066

Tel: (310) 391-9971
Fax: (310) 391-8971
Web: www.StatModel.com
Support: Support@StatModel.com

Copyright (c) 1998-2011 Muthen & Muthen
