Mplus VERSION 6.12
MUTHEN & MUTHEN
02/10/2014   9:00 PM

INPUT INSTRUCTIONS

  TITLE: Homework 2 Lu Wang;
  DATA:
      FILE IS "B:\dropbox\class\hw2dat.txt";
      TYPE IS CORR;
      NOBS IS 300;
  VARIABLE: NAMES ARE ACH MOT COG SES ANX;
  ANALYSIS: TYPE IS general;
           ESTIMATOR IS ml;
  MODEL:
     MOT ON COG SES ANX;
     ACH ON MOT;
  OUTPUT:
     stand res;



INPUT READING TERMINATED NORMALLY



Homework 2 Lu Wang;

SUMMARY OF ANALYSIS

Number of groups                                                 1
Number of observations                                         300

Number of dependent variables                                    2
Number of independent variables                                  3
Number of continuous latent variables                            0

Observed dependent variables

  Continuous
   ACH         MOT

Observed independent variables
   COG         SES         ANX


Estimator                                                       ML
Information matrix                                        EXPECTED
Maximum number of iterations                                  1000
Convergence criterion                                    0.500D-04
Maximum number of steepest descent iterations                   20

Input data file(s)
  B:\dropbox\class\hw2dat.txt

Input data format  FREE



THE MODEL ESTIMATION TERMINATED NORMALLY



MODEL FIT INFORMATION

Number of Free Parameters                        6

Loglikelihood

          H0 Value                        -766.630
          H1 Value                        -422.460

Information Criteria

          Akaike (AIC)                    1545.259
          Bayesian (BIC)                  1567.482
          Sample-Size Adjusted BIC        1548.453
            (n* = (n + 2) / 24)

Chi-Square Test of Model Fit

          Value                            688.339
          Degrees of Freedom                     3
          P-Value                           0.0000

RMSEA (Root Mean Square Error Of Approximation)

          Estimate                           0.873
          90 Percent C.I.                    0.818  0.928
          Probability RMSEA <= .05           0.000

CFI/TLI

          CFI                                0.193
          TLI                               -0.884

Chi-Square Test of Model Fit for the Baseline Model

          Value                            855.803
          Degrees of Freedom                     7
          P-Value                           0.0000

SRMR (Standardized Root Mean Square Residual)

          Value                              0.175



MODEL RESULTS

                                                    Two-Tailed
                    Estimate       S.E.  Est./S.E.    P-Value

 MOT      ON
    COG                0.200      0.056      3.573      0.000
    SES                0.366      0.057      6.413      0.000
    ANX                0.012      0.055      0.218      0.827

 ACH      ON
    MOT                0.500      0.050     10.000      0.000

 Residual Variances
    ACH                0.748      0.061     12.247      0.000
    MOT                0.760      0.062     12.247      0.000


STANDARDIZED MODEL RESULTS


STDYX Standardization

                                                    Two-Tailed
                    Estimate       S.E.  Est./S.E.    P-Value

 MOT      ON
    COG                0.200      0.055      3.623      0.000
    SES                0.366      0.054      6.759      0.000
    ANX                0.012      0.055      0.218      0.827

 ACH      ON
    MOT                0.500      0.043     11.547      0.000

 Residual Variances
    ACH                0.750      0.043     17.321      0.000
    MOT                0.763      0.043     17.789      0.000


STDY Standardization

                                                    Two-Tailed
                    Estimate       S.E.  Est./S.E.    P-Value

 MOT      ON
    COG                0.200      0.055      3.654      0.000
    SES                0.366      0.053      6.918      0.000
    ANX                0.012      0.055      0.218      0.827

 ACH      ON
    MOT                0.500      0.043     11.547      0.000

 Residual Variances
    ACH                0.750      0.043     17.321      0.000
    MOT                0.763      0.043     17.789      0.000


STD Standardization

                                                    Two-Tailed
                    Estimate       S.E.  Est./S.E.    P-Value

 MOT      ON
    COG                0.200      0.056      3.573      0.000
    SES                0.366      0.057      6.413      0.000
    ANX                0.012      0.055      0.218      0.827

 ACH      ON
    MOT                0.500      0.050     10.000      0.000

 Residual Variances
    ACH                0.748      0.061     12.247      0.000
    MOT                0.760      0.062     12.247      0.000


R-SQUARE

    Observed                                        Two-Tailed
    Variable        Estimate       S.E.  Est./S.E.    P-Value

    ACH                0.250      0.043      5.773      0.000
    MOT                0.237      0.043      5.526      0.000


QUALITY OF NUMERICAL RESULTS

     Condition Number for the Information Matrix              0.348E+00
       (ratio of smallest to largest eigenvalue)


RESIDUAL OUTPUT


     ESTIMATED MODEL AND RESIDUALS (OBSERVED - ESTIMATED)


           Model Estimated Covariances/Correlations/Residual Correlations
              ACH           MOT           COG           SES           ANX
              ________      ________      ________      ________      ________
 ACH            0.997
 MOT            0.498         0.997
 COG            0.174         0.349         0.997
 SES            0.224         0.448         0.399         0.997
 ANX            0.100         0.199         0.299         0.349         0.997


           Residuals for Covariances/Correlations/Residual Correlations
              ACH           MOT           COG           SES           ANX
              ________      ________      ________      ________      ________
 ACH            0.000
 MOT            0.000         0.000
 COG            0.424         0.000         0.000
 SES            0.174         0.000         0.000         0.000
 ANX           -0.498         0.000         0.000         0.000         0.000


           Standardized Residuals (z-scores) for Covariances/Correlations/Residual Corr
              ACH           MOT           COG           SES           ANX
              ________      ________      ________      ________      ________
 ACH            0.000
 MOT            0.029         0.035
 COG            7.408         0.005         0.000
 SES            3.604         0.072         0.000         0.000
 ANX           -9.285         0.020         0.000         0.000         0.000


           Normalized Residuals for Covariances/Correlations/Residual Correlations
              ACH           MOT           COG           SES           ANX
              ________      ________      ________      ________      ________
 ACH            0.000
 MOT            0.000         0.000
 COG            6.312         0.000         0.000
 SES            2.815         0.000         0.000         0.000
 ANX           -8.041         0.000         0.000         0.000         0.000


     Beginning Time:  21:00:14
        Ending Time:  21:00:14
       Elapsed Time:  00:00:00



MUTHEN & MUTHEN
3463 Stoner Ave.
Los Angeles, CA  90066

Tel: (310) 391-9971
Fax: (310) 391-8971
Web: www.StatModel.com
Support: Support@StatModel.com

Copyright (c) 1998-2011 Muthen & Muthen
