Mplus VERSION 6.12
MUTHEN & MUTHEN
03/22/2014   2:04 PM

INPUT INSTRUCTIONS

  TITLE: midterm 1.1 mediation model;
  DATA:
  file = "B:\dropbox\class\Spring 2014\PSY533\midterm.dat";
  type = stdeviations correlation;
  nobservations = 3094;

  VARIABLE:
  names are parinc hsrank acadab degasp select occpr income;
  USEVARIABLES ARE parinc hsrank acadab degasp select occpr income;

  ANALYSIS: TYPE = GENERAL;
            ITERATIONS=3000;
            ESTIMATOR=ML;
  MODEL:    degasp ON  parinc hsrank acadab;
            select ON parinc hsrank acadab degasp;
            occpr ON select ;
            income ON select ;
                    parinc hsrank acadab with parinc hsrank acadab;
                    degasp with select@0 occpr@0 income@0;
                    select with occpr@0 income@0;
                    occpr with income@0;
  OUTPUT: sampstat standardized residual mod;






INPUT READING TERMINATED NORMALLY



midterm 1.1 mediation model;

SUMMARY OF ANALYSIS

Number of groups                                                 1
Number of observations                                        3094

Number of dependent variables                                    4
Number of independent variables                                  3
Number of continuous latent variables                            0

Observed dependent variables

  Continuous
   DEGASP      SELECT      OCCPR       INCOME

Observed independent variables
   PARINC      HSRANK      ACADAB


Estimator                                                       ML
Information matrix                                        EXPECTED
Maximum number of iterations                                  3000
Convergence criterion                                    0.500D-04
Maximum number of steepest descent iterations                   20

Input data file(s)
  B:\dropbox\class\Spring 2014\PSY533\midterm.dat

Input data format  FREE


SAMPLE STATISTICS


     SAMPLE STATISTICS


           Covariances/Correlations/Residual Correlations
              DEGASP        SELECT        OCCPR         INCOME        PARINC
              ________      ________      ________      ________      ________
 DEGASP         1.028
 SELECT         0.432         3.960
 OCCPR          0.202         0.491         2.531
 INCOME         0.041         0.240         0.352         2.647
 PARINC         0.271         1.545         0.249         0.401         7.017
 HSRANK         0.153         0.575         0.189         0.047         0.113
 ACADAB         0.178         0.566         0.193         0.077         0.304


           Covariances/Correlations/Residual Correlations
              HSRANK        ACADAB
              ________      ________
 HSRANK         0.604
 ACADAB         0.285         0.554


THE MODEL ESTIMATION TERMINATED NORMALLY



MODEL FIT INFORMATION

Number of Free Parameters                       19

Loglikelihood

          H0 Value                      -36076.153
          H1 Value                      -36006.928

Information Criteria

          Akaike (AIC)                   72190.307
          Bayesian (BIC)                 72305.014
          Sample-Size Adjusted BIC       72244.643
            (n* = (n + 2) / 24)

Chi-Square Test of Model Fit

          Value                            138.452
          Degrees of Freedom                     9
          P-Value                           0.0000

RMSEA (Root Mean Square Error Of Approximation)

          Estimate                           0.068
          90 Percent C.I.                    0.058  0.078
          Probability RMSEA <= .05           0.001

CFI/TLI

          CFI                                0.904
          TLI                                0.809

Chi-Square Test of Model Fit for the Baseline Model

          Value                           1370.899
          Degrees of Freedom                    18
          P-Value                           0.0000

SRMR (Standardized Root Mean Square Residual)

          Value                              0.042



MODEL RESULTS

                                                    Two-Tailed
                    Estimate       S.E.  Est./S.E.    P-Value

 DEGASP   ON
    PARINC             0.026      0.007      3.897      0.000
    HSRANK             0.136      0.026      5.236      0.000
    ACADAB             0.237      0.027      8.627      0.000

 SELECT   ON
    PARINC             0.179      0.012     15.184      0.000
    HSRANK             0.613      0.046     13.388      0.000
    ACADAB             0.548      0.049     11.241      0.000
    DEGASP             0.187      0.031      5.927      0.000

 OCCPR    ON
    SELECT             0.124      0.014      8.727      0.000

 INCOME   ON
    SELECT             0.061      0.015      4.128      0.000

 PARINC   WITH
    HSRANK             0.113      0.037      3.055      0.002
    ACADAB             0.303      0.036      8.467      0.000

 HSRANK   WITH
    ACADAB             0.285      0.012     24.596      0.000

 DEGASP   WITH
    SELECT             0.000      0.000    999.000    999.000
    OCCPR              0.000      0.000    999.000    999.000
    INCOME             0.000      0.000    999.000    999.000

 SELECT   WITH
    OCCPR              0.000      0.000    999.000    999.000
    INCOME             0.000      0.000    999.000    999.000

 OCCPR    WITH
    INCOME             0.000      0.000    999.000    999.000

 Variances
    PARINC             7.015      0.178     39.332      0.000
    HSRANK             0.604      0.015     39.332      0.000
    ACADAB             0.553      0.014     39.332      0.000

 Residual Variances
    DEGASP             0.958      0.024     39.332      0.000
    SELECT             2.939      0.075     39.332      0.000
    OCCPR              2.470      0.063     39.332      0.000
    INCOME             2.632      0.067     39.332      0.000


STANDARDIZED MODEL RESULTS


STDYX Standardization

                                                    Two-Tailed
                    Estimate       S.E.  Est./S.E.    P-Value

 DEGASP   ON
    PARINC             0.068      0.018      3.906      0.000
    HSRANK             0.104      0.020      5.257      0.000
    ACADAB             0.174      0.020      8.724      0.000

 SELECT   ON
    PARINC             0.239      0.015     15.517      0.000
    HSRANK             0.239      0.018     13.636      0.000
    ACADAB             0.205      0.018     11.388      0.000
    DEGASP             0.095      0.016      5.945      0.000

 OCCPR    ON
    SELECT             0.155      0.018      8.834      0.000

 INCOME   ON
    SELECT             0.074      0.018      4.139      0.000

 PARINC   WITH
    HSRANK             0.055      0.018      3.069      0.002
    ACADAB             0.154      0.018      8.775      0.000

 HSRANK   WITH
    ACADAB             0.493      0.014     36.228      0.000

 DEGASP   WITH
    SELECT             0.000      0.000    999.000    999.000
    OCCPR              0.000      0.000    999.000    999.000
    INCOME             0.000      0.000    999.000    999.000

 SELECT   WITH
    OCCPR              0.000      0.000    999.000    999.000
    INCOME             0.000      0.000    999.000    999.000

 OCCPR    WITH
    INCOME             0.000      0.000    999.000    999.000

 Variances
    PARINC             1.000      0.000    999.000    999.000
    HSRANK             1.000      0.000    999.000    999.000
    ACADAB             1.000      0.000    999.000    999.000

 Residual Variances
    DEGASP             0.932      0.009    106.469      0.000
    SELECT             0.742      0.014     54.798      0.000
    OCCPR              0.976      0.005    179.430      0.000
    INCOME             0.995      0.003    375.833      0.000


STDY Standardization

                                                    Two-Tailed
                    Estimate       S.E.  Est./S.E.    P-Value

 DEGASP   ON
    PARINC             0.068      0.018      3.906      0.000
    HSRANK             0.104      0.020      5.257      0.000
    ACADAB             0.174      0.020      8.724      0.000

 SELECT   ON
    PARINC             0.239      0.015     15.517      0.000
    HSRANK             0.239      0.018     13.636      0.000
    ACADAB             0.205      0.018     11.388      0.000
    DEGASP             0.095      0.016      5.945      0.000

 OCCPR    ON
    SELECT             0.155      0.018      8.834      0.000

 INCOME   ON
    SELECT             0.074      0.018      4.139      0.000

 PARINC   WITH
    HSRANK             0.055      0.018      3.069      0.002
    ACADAB             0.154      0.018      8.775      0.000

 HSRANK   WITH
    ACADAB             0.493      0.014     36.228      0.000

 DEGASP   WITH
    SELECT             0.000      0.000    999.000    999.000
    OCCPR              0.000      0.000    999.000    999.000
    INCOME             0.000      0.000    999.000    999.000

 SELECT   WITH
    OCCPR              0.000      0.000    999.000    999.000
    INCOME             0.000      0.000    999.000    999.000

 OCCPR    WITH
    INCOME             0.000      0.000    999.000    999.000

 Variances
    PARINC             1.000      0.000    999.000    999.000
    HSRANK             1.000      0.000    999.000    999.000
    ACADAB             1.000      0.000    999.000    999.000

 Residual Variances
    DEGASP             0.932      0.009    106.469      0.000
    SELECT             0.742      0.014     54.798      0.000
    OCCPR              0.976      0.005    179.430      0.000
    INCOME             0.995      0.003    375.833      0.000


STD Standardization

                                                    Two-Tailed
                    Estimate       S.E.  Est./S.E.    P-Value

 DEGASP   ON
    PARINC             0.026      0.007      3.897      0.000
    HSRANK             0.136      0.026      5.236      0.000
    ACADAB             0.237      0.027      8.627      0.000

 SELECT   ON
    PARINC             0.179      0.012     15.184      0.000
    HSRANK             0.613      0.046     13.388      0.000
    ACADAB             0.548      0.049     11.241      0.000
    DEGASP             0.187      0.031      5.927      0.000

 OCCPR    ON
    SELECT             0.124      0.014      8.727      0.000

 INCOME   ON
    SELECT             0.061      0.015      4.128      0.000

 PARINC   WITH
    HSRANK             0.113      0.037      3.055      0.002
    ACADAB             0.303      0.036      8.467      0.000

 HSRANK   WITH
    ACADAB             0.285      0.012     24.596      0.000

 DEGASP   WITH
    SELECT             0.000      0.000    999.000    999.000
    OCCPR              0.000      0.000    999.000    999.000
    INCOME             0.000      0.000    999.000    999.000

 SELECT   WITH
    OCCPR              0.000      0.000    999.000    999.000
    INCOME             0.000      0.000    999.000    999.000

 OCCPR    WITH
    INCOME             0.000      0.000    999.000    999.000

 Variances
    PARINC             7.015      0.178     39.332      0.000
    HSRANK             0.604      0.015     39.332      0.000
    ACADAB             0.553      0.014     39.332      0.000

 Residual Variances
    DEGASP             0.958      0.024     39.332      0.000
    SELECT             2.939      0.075     39.332      0.000
    OCCPR              2.470      0.063     39.332      0.000
    INCOME             2.632      0.067     39.332      0.000


R-SQUARE

    Observed                                        Two-Tailed
    Variable        Estimate       S.E.  Est./S.E.    P-Value

    DEGASP             0.068      0.009      7.797      0.000
    SELECT             0.258      0.014     19.013      0.000
    OCCPR              0.024      0.005      4.417      0.000
    INCOME             0.005      0.003      2.069      0.039


QUALITY OF NUMERICAL RESULTS

     Condition Number for the Information Matrix              0.108E-01
       (ratio of smallest to largest eigenvalue)


RESIDUAL OUTPUT


     ESTIMATED MODEL AND RESIDUALS (OBSERVED - ESTIMATED)


           Model Estimated Covariances/Correlations/Residual Correlations
              DEGASP        SELECT        OCCPR         INCOME        PARINC
              ________      ________      ________      ________      ________
 DEGASP         1.028
 SELECT         0.432         3.959
 OCCPR          0.053         0.491         2.530
 INCOME         0.026         0.240         0.030         2.646
 PARINC         0.271         1.544         0.191         0.093         7.015
 HSRANK         0.153         0.575         0.071         0.035         0.113
 ACADAB         0.178         0.565         0.070         0.034         0.303


           Model Estimated Covariances/Correlations/Residual Correlations
              HSRANK        ACADAB
              ________      ________
 HSRANK         0.604
 ACADAB         0.285         0.553


           Residuals for Covariances/Correlations/Residual Correlations
              DEGASP        SELECT        OCCPR         INCOME        PARINC
              ________      ________      ________      ________      ________
 DEGASP         0.000
 SELECT         0.000         0.000
 OCCPR          0.148         0.000         0.000
 INCOME         0.015         0.000         0.322         0.000
 PARINC         0.000         0.000         0.057         0.307         0.000
 HSRANK         0.000         0.000         0.118         0.012         0.000
 ACADAB         0.000         0.000         0.123         0.043         0.000


           Residuals for Covariances/Correlations/Residual Correlations
              HSRANK        ACADAB
              ________      ________
 HSRANK         0.000
 ACADAB         0.000         0.000


           Standardized Residuals (z-scores) for Covariances/Correlations/Residual Corr
              DEGASP        SELECT        OCCPR         INCOME        PARINC
              ________      ________      ________      ________      ________
 DEGASP       999.000
 SELECT       999.000       999.000
 OCCPR          5.252       999.000       999.000
 INCOME         0.523       999.000         6.965       999.000
 PARINC       999.000       999.000         0.799         4.142       999.000
 HSRANK       999.000       999.000         5.715         0.569       999.000
 ACADAB       999.000       999.000         6.238         2.152       999.000


           Standardized Residuals (z-scores) for Covariances/Correlations/Residual Corr
              HSRANK        ACADAB
              ________      ________
 HSRANK       999.000
 ACADAB       999.000       999.000


           Normalized Residuals for Covariances/Correlations/Residual Correlations
              DEGASP        SELECT        OCCPR         INCOME        PARINC
              ________      ________      ________      ________      ________
 DEGASP         0.000
 SELECT         0.000        -0.001
 OCCPR          5.068         0.000         0.000
 INCOME         0.510         0.000         6.864         0.000
 PARINC         0.000         0.000         0.754         3.950         0.000
 HSRANK         0.000         0.000         5.242         0.526         0.000
 ACADAB         0.000         0.000         5.698         1.983         0.000


           Normalized Residuals for Covariances/Correlations/Residual Correlations
              HSRANK        ACADAB
              ________      ________
 HSRANK         0.000
 ACADAB         0.000         0.000


MODEL MODIFICATION INDICES

NOTE:  Modification indices for direct effects of observed dependent variables
regressed on covariates may not be included.  To include these, request
MODINDICES (ALL).

Minimum M.I. value for printing the modification index    10.000

                            M.I.     E.P.C.  Std E.P.C.  StdYX E.P.C.

ON Statements

DEGASP   ON OCCPR          13.569     0.041      0.041        0.065
SELECT   ON OCCPR          52.098    -0.279     -0.279       -0.223
SELECT   ON INCOME         12.284    -0.131     -0.131       -0.107
OCCPR    ON DEGASP         28.016     0.151      0.151        0.096
OCCPR    ON INCOME         49.432     0.122      0.122        0.125
OCCPR    ON HSRANK         33.444     0.227      0.227        0.111
OCCPR    ON ACADAB         39.984     0.260      0.260        0.122
INCOME   ON OCCPR          49.432     0.130      0.130        0.128
INCOME   ON PARINC         17.309     0.048      0.048        0.078

WITH Statements

OCCPR    WITH DEGASP       13.569     0.102      0.102        0.067
OCCPR    WITH SELECT       52.094    -0.689     -0.689       -0.256
INCOME   WITH SELECT       12.283    -0.345     -0.345       -0.124
INCOME   WITH OCCPR        49.432     0.322      0.322        0.126
PARINC   WITH INCOME       14.572     0.300      0.300        0.070
ACADAB   WITH OCCPR        13.789     0.068      0.068        0.059


     Beginning Time:  14:04:28
        Ending Time:  14:04:28
       Elapsed Time:  00:00:00



MUTHEN & MUTHEN
3463 Stoner Ave.
Los Angeles, CA  90066

Tel: (310) 391-9971
Fax: (310) 391-8971
Web: www.StatModel.com
Support: Support@StatModel.com

Copyright (c) 1998-2011 Muthen & Muthen
